20150323_20:45:10.279 [http-8080-1] [com.bocom.jump.bp.channel.http.ResourceFilter][436604]     [hostName:PC2014101864    ] change encoding: UTF-8 -> UTF-8
20150323_20:45:10.280 [http-8080-1] [org.springframework.ws.transport.http.WebServiceMessageReceiverHandlerAdapter][436605]     [hostName:PC2014101864    ] Accepting incoming [org.springframework.ws.transport.http.HttpServletConnection@45b29f] to [http://127.0.0.1:8080/GDEUPSB/ws/]
20150323_20:45:10.282 [http-8080-1] [org.apache.axiom.soap.impl.builder.StAXSOAPModelBuilder][436607]     [hostName:PC2014101864    ] Build the OMElement Envelope by the StaxSOAPModelBuilder
20150323_20:45:10.282 [http-8080-1] [org.apache.axiom.soap.impl.builder.StAXSOAPModelBuilder][436607]     [hostName:PC2014101864    ] Build the OMElement Body by the StaxSOAPModelBuilder
20150323_20:45:10.282 [http-8080-1] [org.apache.axiom.soap.impl.builder.StAXSOAPModelBuilder][436607]     [hostName:PC2014101864    ] Build the OMElement lotLogin by the StaxSOAPModelBuilder
20150323_20:45:10.282 [http-8080-1] [org.springframework.ws.server.MessageTracing.received][436607]     [hostName:PC2014101864    ] Received request [AxiomSoapMessage {http://gdeupsb.service.bankcomm.com/basic/atomic/operation.GDEUPSBLotService/Schema}lotLogin]
20150323_20:45:10.283 [http-8080-1] [org.springframework.ws.soap.server.SoapMessageDispatcher][436608]     [hostName:PC2014101864    ] Endpoint mapping [com.bocom.jump.bp.channel.ws.srv.WebServiceEndpointMapping@1d92b5a] maps request to endpoint [com.bocom.jump.bp.channel.ws.srv.WebServiceEndpointMapping@1d92b5a]
20150323_20:45:10.283 [http-8080-1] [org.springframework.ws.soap.server.SoapMessageDispatcher][436608]     [hostName:PC2014101864    ] Testing endpoint adapter [org.springframework.ws.server.endpoint.adapter.MessageEndpointAdapter@1ce64c6]
20150323_20:45:10.283 [http-8080-1] [org.apache.axiom.soap.impl.builder.StAXSOAPModelBuilder][436608]     [hostName:PC2014101864    ] Build the OMElement requestInformation by the StaxSOAPModelBuilder
20150323_20:45:10.284 [http-8080-1] [com.bocom.jump.bp.channel.ws.srv.a][436609]     [hostName:PC2014101864    ] use default endpoint.
20150323_20:45:10.299 [http-8080-1] [org.springframework.beans.factory.support.DefaultListableBeanFactory][436624]     [hostName:PC2014101864    ] Returning cached instance of singleton bean 'serviceRegistry'
20150323_20:45:10.302 [http-8080-1] [org.apache.axiom.soap.impl.builder.StAXSOAPModelBuilder][436627]     [hostName:PC2014101864 requestId:46AA551C-FF00-0037-00F9-5A9051F33920   ] Build the OMElement traceNo by the StaxSOAPModelBuilder
20150323_20:45:10.303 [http-8080-1] [org.apache.axiom.soap.impl.builder.StAXSOAPModelBuilder][436628]     [hostName:PC2014101864 requestId:46AA551C-FF00-0037-00F9-5A9051F33920   ] Build the OMElement version by the StaxSOAPModelBuilder
20150323_20:45:10.304 [http-8080-1] [org.apache.axiom.soap.impl.builder.StAXSOAPModelBuilder][436629]     [hostName:PC2014101864 requestId:46AA551C-FF00-0037-00F9-5A9051F33920   ] Build the OMElement traceSrc by the StaxSOAPModelBuilder
20150323_20:45:10.305 [http-8080-1] [org.apache.axiom.soap.impl.builder.StAXSOAPModelBuilder][436630]     [hostName:PC2014101864 requestId:46AA551C-FF00-0037-00F9-5A9051F33920   ] Build the OMElement request by the StaxSOAPModelBuilder
20150323_20:45:10.306 [http-8080-1] [org.apache.axiom.soap.impl.builder.StAXSOAPModelBuilder][436631]     [hostName:PC2014101864 requestId:46AA551C-FF00-0037-00F9-5A9051F33920   ] Build the OMElement requestHeader by the StaxSOAPModelBuilder
20150323_20:45:10.306 [http-8080-1] [org.apache.axiom.soap.impl.builder.StAXSOAPModelBuilder][436631]     [hostName:PC2014101864 requestId:46AA551C-FF00-0037-00F9-5A9051F33920   ] Build the OMElement bbipRequestHead by the StaxSOAPModelBuilder
20150323_20:45:10.307 [http-8080-1] [org.apache.axiom.soap.impl.builder.StAXSOAPModelBuilder][436632]     [hostName:PC2014101864 requestId:46AA551C-FF00-0037-00F9-5A9051F33920   ] Build the OMElement txnCde by the StaxSOAPModelBuilder
20150323_20:45:10.308 [http-8080-1] [org.apache.axiom.soap.impl.builder.StAXSOAPModelBuilder][436633]     [hostName:PC2014101864 requestId:46AA551C-FF00-0037-00F9-5A9051F33920   ] Build the OMElement chn by the StaxSOAPModelBuilder
20150323_20:45:10.309 [http-8080-1] [org.apache.axiom.soap.impl.builder.StAXSOAPModelBuilder][436634]     [hostName:PC2014101864 requestId:46AA551C-FF00-0037-00F9-5A9051F33920   ] Build the OMElement reqSysCde by the StaxSOAPModelBuilder
20150323_20:45:10.310 [http-8080-1] [org.apache.axiom.soap.impl.builder.StAXSOAPModelBuilder][436635]     [hostName:PC2014101864 requestId:46AA551C-FF00-0037-00F9-5A9051F33920   ] Build the OMElement subSysCde by the StaxSOAPModelBuilder
20150323_20:45:10.311 [http-8080-1] [org.apache.axiom.soap.impl.builder.StAXSOAPModelBuilder][436636]     [hostName:PC2014101864 requestId:46AA551C-FF00-0037-00F9-5A9051F33920   ] Build the OMElement bbipBusCde by the StaxSOAPModelBuilder
20150323_20:45:10.312 [http-8080-1] [org.apache.axiom.soap.impl.builder.StAXSOAPModelBuilder][436637]     [hostName:PC2014101864 requestId:46AA551C-FF00-0037-00F9-5A9051F33920   ] Build the OMElement reqJrnNo by the StaxSOAPModelBuilder
20150323_20:45:10.313 [http-8080-1] [org.apache.axiom.soap.impl.builder.StAXSOAPModelBuilder][436638]     [hostName:PC2014101864 requestId:46AA551C-FF00-0037-00F9-5A9051F33920   ] Build the OMElement tlr by the StaxSOAPModelBuilder
20150323_20:45:10.314 [http-8080-1] [org.apache.axiom.soap.impl.builder.StAXSOAPModelBuilder][436639]     [hostName:PC2014101864 requestId:46AA551C-FF00-0037-00F9-5A9051F33920   ] Build the OMElement br by the StaxSOAPModelBuilder
20150323_20:45:10.315 [http-8080-1] [org.apache.axiom.soap.impl.builder.StAXSOAPModelBuilder][436640]     [hostName:PC2014101864 requestId:46AA551C-FF00-0037-00F9-5A9051F33920   ] Build the OMElement bk by the StaxSOAPModelBuilder
20150323_20:45:10.316 [http-8080-1] [org.apache.axiom.soap.impl.builder.StAXSOAPModelBuilder][436641]     [hostName:PC2014101864 requestId:46AA551C-FF00-0037-00F9-5A9051F33920   ] Build the OMElement tlrTmlId by the StaxSOAPModelBuilder
20150323_20:45:10.317 [http-8080-1] [org.apache.axiom.soap.impl.builder.StAXSOAPModelBuilder][436642]     [hostName:PC2014101864 requestId:46AA551C-FF00-0037-00F9-5A9051F33920   ] Build the OMElement reqTyp by the StaxSOAPModelBuilder
20150323_20:45:10.318 [http-8080-1] [org.apache.axiom.soap.impl.builder.StAXSOAPModelBuilder][436643]     [hostName:PC2014101864 requestId:46AA551C-FF00-0037-00F9-5A9051F33920   ] Build the OMElement authLvl by the StaxSOAPModelBuilder
20150323_20:45:10.320 [http-8080-1] [org.apache.axiom.soap.impl.builder.StAXSOAPModelBuilder][436645]     [hostName:PC2014101864 requestId:46AA551C-FF00-0037-00F9-5A9051F33920   ] Build the OMElement sup1Id by the StaxSOAPModelBuilder
20150323_20:45:10.321 [http-8080-1] [org.apache.axiom.soap.impl.builder.StAXSOAPModelBuilder][436646]     [hostName:PC2014101864 requestId:46AA551C-FF00-0037-00F9-5A9051F33920   ] Build the OMElement sup1Auth by the StaxSOAPModelBuilder
20150323_20:45:10.323 [http-8080-1] [org.apache.axiom.soap.impl.builder.StAXSOAPModelBuilder][436648]     [hostName:PC2014101864 requestId:46AA551C-FF00-0037-00F9-5A9051F33920   ] Build the OMElement sup2Id by the StaxSOAPModelBuilder
20150323_20:45:10.325 [http-8080-1] [org.apache.axiom.soap.impl.builder.StAXSOAPModelBuilder][436650]     [hostName:PC2014101864 requestId:46AA551C-FF00-0037-00F9-5A9051F33920   ] Build the OMElement sup2Auth by the StaxSOAPModelBuilder
20150323_20:45:10.326 [http-8080-1] [org.apache.axiom.soap.impl.builder.StAXSOAPModelBuilder][436651]     [hostName:PC2014101864 requestId:46AA551C-FF00-0037-00F9-5A9051F33920   ] Build the OMElement authResnTbl by the StaxSOAPModelBuilder
20150323_20:45:10.326 [http-8080-1] [org.apache.axiom.soap.impl.builder.StAXSOAPModelBuilder][436651]     [hostName:PC2014101864 requestId:46AA551C-FF00-0037-00F9-5A9051F33920   ] Build the OMElement authResn by the StaxSOAPModelBuilder
20150323_20:45:10.327 [http-8080-1] [org.apache.axiom.soap.impl.builder.StAXSOAPModelBuilder][436652]     [hostName:PC2014101864 requestId:46AA551C-FF00-0037-00F9-5A9051F33920   ] Build the OMElement authResn by the StaxSOAPModelBuilder
20150323_20:45:10.328 [http-8080-1] [org.apache.axiom.soap.impl.builder.StAXSOAPModelBuilder][436653]     [hostName:PC2014101864 requestId:46AA551C-FF00-0037-00F9-5A9051F33920   ] Build the OMElement authResn by the StaxSOAPModelBuilder
20150323_20:45:10.329 [http-8080-1] [org.apache.axiom.soap.impl.builder.StAXSOAPModelBuilder][436654]     [hostName:PC2014101864 requestId:46AA551C-FF00-0037-00F9-5A9051F33920   ] Build the OMElement authResn by the StaxSOAPModelBuilder
20150323_20:45:10.330 [http-8080-1] [org.apache.axiom.soap.impl.builder.StAXSOAPModelBuilder][436655]     [hostName:PC2014101864 requestId:46AA551C-FF00-0037-00F9-5A9051F33920   ] Build the OMElement authResn by the StaxSOAPModelBuilder
20150323_20:45:10.331 [http-8080-1] [org.apache.axiom.soap.impl.builder.StAXSOAPModelBuilder][436656]     [hostName:PC2014101864 requestId:46AA551C-FF00-0037-00F9-5A9051F33920   ] Build the OMElement authResn by the StaxSOAPModelBuilder
20150323_20:45:10.332 [http-8080-1] [org.apache.axiom.soap.impl.builder.StAXSOAPModelBuilder][436657]     [hostName:PC2014101864 requestId:46AA551C-FF00-0037-00F9-5A9051F33920   ] Build the OMElement authResn by the StaxSOAPModelBuilder
20150323_20:45:10.333 [http-8080-1] [org.apache.axiom.soap.impl.builder.StAXSOAPModelBuilder][436658]     [hostName:PC2014101864 requestId:46AA551C-FF00-0037-00F9-5A9051F33920   ] Build the OMElement authResn by the StaxSOAPModelBuilder
20150323_20:45:10.334 [http-8080-1] [org.apache.axiom.soap.impl.builder.StAXSOAPModelBuilder][436659]     [hostName:PC2014101864 requestId:46AA551C-FF00-0037-00F9-5A9051F33920   ] Build the OMElement authResn by the StaxSOAPModelBuilder
20150323_20:45:10.335 [http-8080-1] [org.apache.axiom.soap.impl.builder.StAXSOAPModelBuilder][436660]     [hostName:PC2014101864 requestId:46AA551C-FF00-0037-00F9-5A9051F33920   ] Build the OMElement authResn by the StaxSOAPModelBuilder
20150323_20:45:10.336 [http-8080-1] [org.apache.axiom.soap.impl.builder.StAXSOAPModelBuilder][436661]     [hostName:PC2014101864 requestId:46AA551C-FF00-0037-00F9-5A9051F33920   ] Build the OMElement authLog by the StaxSOAPModelBuilder
20150323_20:45:10.337 [http-8080-1] [org.apache.axiom.soap.impl.builder.StAXSOAPModelBuilder][436662]     [hostName:PC2014101864 requestId:46AA551C-FF00-0037-00F9-5A9051F33920   ] Build the OMElement filler by the StaxSOAPModelBuilder
20150323_20:45:10.338 [http-8080-1] [org.apache.axiom.soap.impl.builder.StAXSOAPModelBuilder][436663]     [hostName:PC2014101864 requestId:46AA551C-FF00-0037-00F9-5A9051F33920   ] Build the OMElement reqTme by the StaxSOAPModelBuilder
20150323_20:45:10.340 [http-8080-1] [org.apache.axiom.soap.impl.builder.StAXSOAPModelBuilder][436665]     [hostName:PC2014101864 requestId:46AA551C-FF00-0037-00F9-5A9051F33920   ] Build the OMElement eupsBusTyp by the StaxSOAPModelBuilder
20150323_20:45:10.343 [http-8080-1] [com.bocom.jump.bp.channel.ws.srv.WebServiceEndpointMapping][436668]     [hostName:PC2014101864 requestId:46AA551C-FF00-0037-00F9-5A9051F33920   ] Unmarshalled payload request to [{reqTyp=1, QNameMapping.current={http://gdeupsb.service.bankcomm.com/basic/atomic/operation.GDEUPSBLotService/Schema}lotLogin, authLog=1, reqJrnNo=1, sup2Auth=1, br=01441131999, sup2Id=1, version=1.0.0, bk=01441999999, traceSrc=1, eupsBusTyp=LOTR01, authResn=[1, 1, 1, 1, 1, 1, 1, 1, 1, 1], sup1Auth=1, bbipBusCde=1, filler=1, reqTme=2015-03-20 12:12:12.0, txnCde=1010, reqSysCde=1, tlr=ABIR148, subSysCde=1, authLvl=1, sup1Id=1, traceNo=1, chn=1, tlrTmlId=1}]
20150323_20:45:10.344 [http-8080-1] [com.bocom.jump.bp.channel.ws.srv.WebServiceEndpointMapping][436669]     [hostName:PC2014101864 requestId:46AA551C-FF00-0037-00F9-5A9051F33920   ] request data: {reqTyp=1, QNameMapping.current={http://gdeupsb.service.bankcomm.com/basic/atomic/operation.GDEUPSBLotService/Schema}lotLogin, authLog=1, reqJrnNo=1, sup2Auth=1, br=01441131999, sup2Id=1, version=1.0.0, bk=01441999999, traceSrc=1, eupsBusTyp=LOTR01, authResn=[1, 1, 1, 1, 1, 1, 1, 1, 1, 1], sup1Auth=1, bbipBusCde=1, filler=1, reqTme=2015-03-20 12:12:12.0, txnCde=1010, reqSysCde=1, tlr=ABIR148, subSysCde=1, authLvl=1, sup1Id=1, traceNo=1, chn=1, tlrTmlId=1}
20150323_20:45:10.347 [http-8080-1] [com.bocom.jump.bp.channel.ws.srv.WebServiceEndpointMapping][436672]     [hostName:PC2014101864 requestId:46AA551C-FF00-0037-00F9-5A9051F33920   ] mapping QName to identity: {http://gdeupsb.service.bankcomm.com/basic/atomic/operation.GDEUPSBLotService/Schema}lotLogin -> gdeupsb.lotLogin
20150323_20:45:10.372 [http-8080-1] [org.springframework.beans.factory.support.DefaultListableBeanFactory][436697]     [hostName:PC2014101864 requestId:46AA551C-FF00-0037-00F9-5A9051F33920   ] Returning cached instance of singleton bean 'coreDispatcher'
20150323_20:45:10.374 [http-8080-1] [com.bocom.jump.bp.support.TRACER][436699]     [hostName:PC2014101864 requestId:46AA551C-FF00-0037-00F9-5A9051F33920   ] ::TRACER:: dispatching with context 
context[id=gdeupsb.lotLogin, locale=zh_CN, timestamp=2015-03-23 20:45:10.284, requestId=46AA551C-FF00-0037-00F9-5A9051F33920]
  dataMap: {reqTyp=1, authLog=1, txnCde=1010, reqTme=2015-03-20 12:12:12.0, reqJrnNo=1, reqSysCde=1, sup2Auth=1, tlr=ABIR148, br=01441131999, sup2Id=1, version=1.0.0, authLvl=1, subSysCde=1, sup1Id=1, bk=01441999999, traceSrc=1, authResn=[1, 1, 1, 1, 1, 1, 1, 1, 1, 1], eupsBusTyp=LOTR01, traceNo=1, bbipBusCde=1, sup1Auth=1, chn=1, filler=1, tlrTmlId=1}
  rawData: {reqTyp=1, authLog=1, reqJrnNo=1, sup2Auth=1, br=01441131999, sup2Id=1, version=1.0.0, bk=01441999999, traceSrc=1, eupsBusTyp=LOTR01, authResn=[1, 1, 1, 1, 1, 1, 1, 1, 1, 1], sup1Auth=1, bbipBusCde=1, filler=1, reqTme=2015-03-20 12:12:12.0, txnCde=1010, reqSysCde=1, tlr=ABIR148, subSysCde=1, authLvl=1, sup1Id=1, traceNo=1, chn=1, tlrTmlId=1}
  requestMap: {QNameMapping.current={http://gdeupsb.service.bankcomm.com/basic/atomic/operation.GDEUPSBLotService/Schema}lotLogin}
20150323_20:45:10.374 [http-8080-1] [org.springframework.beans.factory.support.DefaultListableBeanFactory][436699]     [hostName:PC2014101864 requestId:46AA551C-FF00-0037-00F9-5A9051F33920   ] Returning cached instance of singleton bean 'gdeupsb.lotLogin'
20150323_20:45:10.375 [http-8080-1] [org.springframework.beans.factory.support.DefaultListableBeanFactory][436700]     [hostName:PC2014101864 requestId:46AA551C-FF00-0037-00F9-5A9051F33920   ] Returning cached instance of singleton bean 'eups.transMessageInterceptor'
20150323_20:45:10.375 [http-8080-1] [com.bocom.jump.bp.processTracing][436700]     [hostName:PC2014101864 requestId:46AA551C-FF00-0037-00F9-5A9051F33920 processId_gdeupsb.lotLogin  ] 
20150323_20:45:10.377 [http-8080-1] [org.springframework.jdbc.datasource.DataSourceUtils][436702]     [hostName:PC2014101864 requestId:46AA551C-FF00-0037-00F9-5A9051F33920 processId_gdeupsb.lotLogin  ] Fetching JDBC Connection from DataSource
20150323_20:45:10.378 [http-8080-1] [com.bocom.jump.bp.service.sqlmap.support.SqlSessionUtils][436703]     [hostName:PC2014101864 requestId:46AA551C-FF00-0037-00F9-5A9051F33920 processId_gdeupsb.lotLogin  ] Creating SqlSession with JDBC Connection [ProxyConnection[PooledConnection[com.ibm.db2.jcc.t4.b@defa1b]]]
20150323_20:45:10.379 [http-8080-1] [java.sql.Connection][436704]     [hostName:PC2014101864 requestId:46AA551C-FF00-0037-00F9-5A9051F33920 processId_gdeupsb.lotLogin  ] ooo Connection Opened
20150323_20:45:10.380 [http-8080-1] [com.bocom.jump.bp.service.sqlmap.support.SpringManagedTransaction][436705]     [hostName:PC2014101864 requestId:46AA551C-FF00-0037-00F9-5A9051F33920 processId_gdeupsb.lotLogin  ] JDBC Connection [ProxyConnection[PooledConnection[com.ibm.db2.jcc.t4.b@defa1b]]] will not be managed by Spring
20150323_20:45:10.381 [http-8080-1] [com.bocom.jump.bp.service.sqlmap.support.SqlSessionUtils][436706]     [hostName:PC2014101864 requestId:46AA551C-FF00-0037-00F9-5A9051F33920 processId_gdeupsb.lotLogin  ] SqlSession [org.apache.ibatis.session.defaults.DefaultSqlSession@f60c4a] was not registered for synchronization because synchronization is not active
20150323_20:45:10.381 [http-8080-1] [com.bocom.jump.bp.service.sqlmap.impl.SqlMapImpl][436706]     [hostName:PC2014101864 requestId:46AA551C-FF00-0037-00F9-5A9051F33920 processId_gdeupsb.lotLogin  ] Opened SqlSession [org.apache.ibatis.session.defaults.DefaultSqlSession@f60c4a] for iBATIS operation
20150323_20:45:10.427 [http-8080-1] [java.sql.PreparedStatement][436752]     [hostName:PC2014101864 requestId:46AA551C-FF00-0037-00F9-5A9051F33920 processId_gdeupsb.lotLogin  ] ==>  Executing: select COM_NO, BUS_KND, EUPS_BUS_TYP, CMU_MDE, PKG_LEN_TYP, PKG_LEN_POS_LEN, THD_IP_ADR, BID_POT, LSD_POT, COM_NME, SIG_SET_TYP, SIG_TME, SIG_OUT_TME, THD_RCN_TME, TXN_TME_CTL1, TXN_TME_CTL2, TXN_DTE_CTL1, TXN_DTE_CTL2, TXN_DTE_CTL3, CMT_FLG, BIL_VOU_FLG, THD_RVS_FLG, CMU_UNM, CMU_PSW, TME_OUT, CMU_STS, CMU_KEY, USE_STS from EUPS.EUPS_THD_BASE_INFO WHERE EUPS_BUS_TYP=? AND USE_STS=? 
20150323_20:45:10.428 [http-8080-1] [java.sql.PreparedStatement][436753]     [hostName:PC2014101864 requestId:46AA551C-FF00-0037-00F9-5A9051F33920 processId_gdeupsb.lotLogin  ] ==> Parameters: LOTR01(String), 0(String)
20150323_20:45:10.444 [http-8080-1] [java.sql.ResultSet][436769]     [hostName:PC2014101864 requestId:46AA551C-FF00-0037-00F9-5A9051F33920 processId_gdeupsb.lotLogin  ] <==    Columns: COM_NO, BUS_KND, EUPS_BUS_TYP, CMU_MDE, PKG_LEN_TYP, PKG_LEN_POS_LEN, THD_IP_ADR, BID_POT, LSD_POT, COM_NME, SIG_SET_TYP, SIG_TME, SIG_OUT_TME, THD_RCN_TME, TXN_TME_CTL1, TXN_TME_CTL2, TXN_DTE_CTL1, TXN_DTE_CTL2, TXN_DTE_CTL3, CMT_FLG, BIL_VOU_FLG, THD_RVS_FLG, CMU_UNM, CMU_PSW, TME_OUT, CMU_STS, CMU_KEY, USE_STS
20150323_20:45:10.445 [http-8080-1] [java.sql.ResultSet][436770]     [hostName:PC2014101864 requestId:46AA551C-FF00-0037-00F9-5A9051F33920 processId_gdeupsb.lotLogin  ] <==        Row: GDLOTR0101     , A999, LOTR01    , TCP                 , 1, 4, 182.53.32.51        , 88887               , 88889               , 福彩, null, null, null, null, null, null, null, null, null, null, null, Y, null, null, 20000.000, null, null, 0
20150323_20:45:10.451 [http-8080-1] [com.bocom.jump.bp.service.sqlmap.support.SqlSessionUtils][436776]     [hostName:PC2014101864 requestId:46AA551C-FF00-0037-00F9-5A9051F33920 processId_gdeupsb.lotLogin  ] Closing no transactional SqlSession [org.apache.ibatis.session.defaults.DefaultSqlSession@f60c4a]
20150323_20:45:10.451 [http-8080-1] [org.springframework.jdbc.datasource.DataSourceUtils][436776]     [hostName:PC2014101864 requestId:46AA551C-FF00-0037-00F9-5A9051F33920 processId_gdeupsb.lotLogin  ] Returning JDBC Connection to DataSource
20150323_20:45:10.452 [http-8080-1] [com.bocom.bbip.eups.spi.support.CommonService][436777]     [hostName:PC2014101864 requestId:46AA551C-FF00-0037-00F9-5A9051F33920 processId_gdeupsb.lotLogin  ] >>>>>getComNo from EupsBusTypThdMap start!>>>>>
20150323_20:45:10.453 [http-8080-1] [com.bocom.bbip.eups.spi.support.CommonService][436778]     [hostName:PC2014101864 requestId:46AA551C-FF00-0037-00F9-5A9051F33920 processId_gdeupsb.lotLogin  ] Context DataMap:{reqTyp=1, authLog=1, reqJrnNo=1, sup2Auth=1, txnTme=2015-03-23 20:45:10, br=01441131999, sup2Id=1, version=1.0.0, txnDte=Mon Mar 23 20:45:10 CST 2015, bk=01441999999, traceSrc=1, authResn=[1, 1, 1, 1, 1, 1, 1, 1, 1, 1], eupsBusTyp=LOTR01, bbipBusCde=1, sup1Auth=1, filler=1, txnCde=1010, reqTme=2015-03-20 12:12:12.0, reqSysCde=1, tlr=ABIR148, authLvl=1, subSysCde=1, sup1Id=1, traceNo=1, chn=1, tlrTmlId=1}
20150323_20:45:10.453 [http-8080-1] [com.bocom.bbip.eups.spi.support.CommonService][436778]     [hostName:PC2014101864 requestId:46AA551C-FF00-0037-00F9-5A9051F33920 processId_gdeupsb.lotLogin  ] >>>>>>comNo in Context:[null]>>>>>>comNo get:[null]
20150323_20:45:10.455 [http-8080-1] [com.bocom.bbip.eups.interceptor.TransMessageInterceptor][436780]     [hostName:PC2014101864 requestId:46AA551C-FF00-0037-00F9-5A9051F33920 processId_gdeupsb.lotLogin  ] sqn is:20150323000000027902
20150323_20:45:10.455 [http-8080-1] [org.springframework.beans.factory.support.DefaultListableBeanFactory][436780]     [hostName:PC2014101864 requestId:46AA551C-FF00-0037-00F9-5A9051F33920 processId_gdeupsb.lotLogin  ] Returning cached instance of singleton bean 'eups.simpleTran'
20150323_20:45:10.456 [http-8080-1] [com.bocom.jump.bp.support.TRACER][436781]     [hostName:PC2014101864 requestId:46AA551C-FF00-0037-00F9-5A9051F33920 processId_gdeupsb.lotLogin  ] ::TRACER:: @starting actions template 'eups.simpleTran'
20150323_20:45:10.457 [http-8080-1] [org.springframework.jdbc.datasource.DataSourceTransactionManager][436782]     [hostName:PC2014101864 requestId:46AA551C-FF00-0037-00F9-5A9051F33920 processId_gdeupsb.lotLogin  ] Creating new transaction with name [null]: PROPAGATION_REQUIRED,ISOLATION_DEFAULT
20150323_20:45:10.459 [http-8080-1] [org.springframework.jdbc.datasource.DataSourceTransactionManager][436784]     [hostName:PC2014101864 requestId:46AA551C-FF00-0037-00F9-5A9051F33920 processId_gdeupsb.lotLogin  ] Acquired Connection [ProxyConnection[PooledConnection[com.ibm.db2.jcc.t4.b@e920f7]]] for JDBC transaction
20150323_20:45:10.459 [http-8080-1] [org.springframework.jdbc.datasource.DataSourceTransactionManager][436784]     [hostName:PC2014101864 requestId:46AA551C-FF00-0037-00F9-5A9051F33920 processId_gdeupsb.lotLogin  ] Switching JDBC Connection [ProxyConnection[PooledConnection[com.ibm.db2.jcc.t4.b@e920f7]]] to manual commit
20150323_20:45:10.460 [http-8080-1] [com.bocom.jump.bp.support.TRACER][436785]     [hostName:PC2014101864 requestId:46AA551C-FF00-0037-00F9-5A9051F33920 processId_gdeupsb.lotLogin  ] ::TRACER:: Starting executable action 'act', class:com.bocom.bbip.gdeupsb.action.lot.LoginAction
20150323_20:45:10.461 [http-8080-1] [com.bocom.bbip.eups.action.BaseAction][436786]     [hostName:PC2014101864 requestId:46AA551C-FF00-0037-00F9-5A9051F33920 processId_gdeupsb.lotLogin  ] LoginAction Start !!
20150323_20:45:10.483 [http-8080-1] [org.springframework.beans.factory.support.DefaultListableBeanFactory][436808]     [hostName:PC2014101864 requestId:46AA551C-FF00-0037-00F9-5A9051F33920 processId_gdeupsb.lotLogin  ] Returning cached instance of singleton bean 'GdLotSysCfgRepository'
20150323_20:45:10.485 [http-8080-1] [com.bocom.jump.bp.service.sqlmap.support.SqlSessionUtils][436810]     [hostName:PC2014101864 requestId:46AA551C-FF00-0037-00F9-5A9051F33920 processId_gdeupsb.lotLogin  ] Creating SqlSession with JDBC Connection [ProxyConnection[PooledConnection[com.ibm.db2.jcc.t4.b@e920f7]]]
20150323_20:45:10.486 [http-8080-1] [java.sql.Connection][436811]     [hostName:PC2014101864 requestId:46AA551C-FF00-0037-00F9-5A9051F33920 processId_gdeupsb.lotLogin  ] ooo Connection Opened
20150323_20:45:10.486 [http-8080-1] [com.bocom.jump.bp.service.sqlmap.support.SpringManagedTransaction][436811]     [hostName:PC2014101864 requestId:46AA551C-FF00-0037-00F9-5A9051F33920 processId_gdeupsb.lotLogin  ] JDBC Connection [ProxyConnection[PooledConnection[com.ibm.db2.jcc.t4.b@e920f7]]] will be managed by Spring
20150323_20:45:10.487 [http-8080-1] [com.bocom.jump.bp.service.sqlmap.support.SqlSessionUtils][436812]     [hostName:PC2014101864 requestId:46AA551C-FF00-0037-00F9-5A9051F33920 processId_gdeupsb.lotLogin  ] Registering transaction synchronization for SqlSession [org.apache.ibatis.session.defaults.DefaultSqlSession@1733898]
20150323_20:45:10.488 [http-8080-1] [com.bocom.jump.bp.service.sqlmap.impl.SqlMapImpl][436813]     [hostName:PC2014101864 requestId:46AA551C-FF00-0037-00F9-5A9051F33920 processId_gdeupsb.lotLogin  ] Opened SqlSession [org.apache.ibatis.session.defaults.DefaultSqlSession@1733898] for iBATIS operation
20150323_20:45:10.491 [http-8080-1] [java.sql.PreparedStatement][436816]     [hostName:PC2014101864 requestId:46AA551C-FF00-0037-00F9-5A9051F33920 processId_gdeupsb.lotLogin  ] ==>  Executing: select DEAL_ID, USR_PAM, USR_PAS, SIG_TIM, LCL_TIM, LOT_TIM, DIFF_TM, DS_C_AGT_NO, DF_C_AGT_NO, HS_ACT_NO, LOG_SEQ, WH_PHONE from gdeupsb.GDEUPS_LOT_SYS_CFG where DEAL_ID = '141' 
20150323_20:45:10.492 [http-8080-1] [java.sql.PreparedStatement][436817]     [hostName:PC2014101864 requestId:46AA551C-FF00-0037-00F9-5A9051F33920 processId_gdeupsb.lotLogin  ] ==> Parameters: 
20150323_20:45:10.501 [http-8080-1] [java.sql.ResultSet][436826]     [hostName:PC2014101864 requestId:46AA551C-FF00-0037-00F9-5A9051F33920 processId_gdeupsb.lotLogin  ] <==    Columns: DEAL_ID, USR_PAM, USR_PAS, SIG_TIM, LCL_TIM, LOT_TIM, DIFF_TM, DS_C_AGT_NO, DF_C_AGT_NO, HS_ACT_NO, LOG_SEQ, WH_PHONE
20150323_20:45:10.502 [http-8080-1] [java.sql.ResultSet][436827]     [hostName:PC2014101864 requestId:46AA551C-FF00-0037-00F9-5A9051F33920 processId_gdeupsb.lotLogin  ] <==        Row: 141       , bcmuser   , bcmpassword         , 20150204093353, 20150204093353, 20150204093006, -227                , 4410006654, 4410000561, 441163506018010015128, 000001023   , 1380000001 
20150323_20:45:10.504 [http-8080-1] [com.bocom.jump.bp.service.sqlmap.support.SqlSessionUtils][436829]     [hostName:PC2014101864 requestId:46AA551C-FF00-0037-00F9-5A9051F33920 processId_gdeupsb.lotLogin  ] Releasing transactional SqlSession [org.apache.ibatis.session.defaults.DefaultSqlSession@1733898]
20150323_20:45:10.527 [http-8080-1] [org.springframework.beans.factory.support.DefaultListableBeanFactory][436852]     [hostName:PC2014101864 requestId:46AA551C-FF00-0037-00F9-5A9051F33920 processId_gdeupsb.lotLogin  ] Returning cached instance of singleton bean 'GdLotSysCfgRepository'
20150323_20:45:10.529 [http-8080-1] [com.bocom.jump.bp.service.sqlmap.support.SqlSessionUtils][436854]     [hostName:PC2014101864 requestId:46AA551C-FF00-0037-00F9-5A9051F33920 processId_gdeupsb.lotLogin  ] Fetched SqlSession [org.apache.ibatis.session.defaults.DefaultSqlSession@1733898] from current transaction
20150323_20:45:10.529 [http-8080-1] [com.bocom.jump.bp.service.sqlmap.impl.SqlMapImpl][436854]     [hostName:PC2014101864 requestId:46AA551C-FF00-0037-00F9-5A9051F33920 processId_gdeupsb.lotLogin  ] Opened SqlSession [org.apache.ibatis.session.defaults.DefaultSqlSession@1733898] for iBATIS operation
20150323_20:45:10.530 [http-8080-1] [com.bocom.jump.bp.service.sqlmap.support.SqlSessionUtils][436855]     [hostName:PC2014101864 requestId:46AA551C-FF00-0037-00F9-5A9051F33920 processId_gdeupsb.lotLogin  ] Releasing transactional SqlSession [org.apache.ibatis.session.defaults.DefaultSqlSession@1733898]
20150323_20:45:10.531 [http-8080-1] [com.bocom.jump.bp.support.TRACER][436856]     [hostName:PC2014101864 requestId:46AA551C-FF00-0037-00F9-5A9051F33920 processId_gdeupsb.lotLogin  ] ::TRACER:: Finished action 'act'
20150323_20:45:10.532 [http-8080-1] [com.bocom.jump.bp.service.sqlmap.support.SqlSessionUtils][436857]     [hostName:PC2014101864 requestId:46AA551C-FF00-0037-00F9-5A9051F33920 processId_gdeupsb.lotLogin  ] Transaction synchronization committing SqlSession [org.apache.ibatis.session.defaults.DefaultSqlSession@1733898]
20150323_20:45:10.532 [http-8080-1] [org.springframework.jdbc.datasource.DataSourceTransactionManager][436857]     [hostName:PC2014101864 requestId:46AA551C-FF00-0037-00F9-5A9051F33920 processId_gdeupsb.lotLogin  ] Initiating transaction commit
20150323_20:45:10.533 [http-8080-1] [org.springframework.jdbc.datasource.DataSourceTransactionManager][436858]     [hostName:PC2014101864 requestId:46AA551C-FF00-0037-00F9-5A9051F33920 processId_gdeupsb.lotLogin  ] Committing JDBC transaction on Connection [ProxyConnection[PooledConnection[com.ibm.db2.jcc.t4.b@e920f7]]]
20150323_20:45:10.535 [http-8080-1] [com.bocom.jump.bp.service.sqlmap.support.SqlSessionUtils][436860]     [hostName:PC2014101864 requestId:46AA551C-FF00-0037-00F9-5A9051F33920 processId_gdeupsb.lotLogin  ] Transaction synchronization closing SqlSession [org.apache.ibatis.session.defaults.DefaultSqlSession@1733898]
20150323_20:45:10.536 [http-8080-1] [org.springframework.jdbc.datasource.DataSourceTransactionManager][436861]     [hostName:PC2014101864 requestId:46AA551C-FF00-0037-00F9-5A9051F33920 processId_gdeupsb.lotLogin  ] Releasing JDBC Connection [ProxyConnection[PooledConnection[com.ibm.db2.jcc.t4.b@e920f7]]] after transaction
20150323_20:45:10.536 [http-8080-1] [org.springframework.jdbc.datasource.DataSourceUtils][436861]     [hostName:PC2014101864 requestId:46AA551C-FF00-0037-00F9-5A9051F33920 processId_gdeupsb.lotLogin  ] Returning JDBC Connection to DataSource
20150323_20:45:10.537 [http-8080-1] [com.bocom.jump.bp.support.TRACER][436862]     [hostName:PC2014101864 requestId:46AA551C-FF00-0037-00F9-5A9051F33920 processId_gdeupsb.lotLogin  ] ::TRACER:: @finished actions template 'eups.simpleTran'
20150323_20:45:10.538 [http-8080-1] [com.bocom.jump.bp.channel.ws.srv.WebServiceEndpointMapping][436863]     [hostName:PC2014101864 requestId:46AA551C-FF00-0037-00F9-5A9051F33920   ] response data: {reqTyp=1, cmuMde=TCP, authLog=1, reqJrnNo=1, rspMsg=更新参数表失败!!!, sup2Auth=1, txnTme=2015-03-23 20:45:10, rspTime=Mon Mar 23 20:45:10 CST 2015, br=01441131999, nodNo=441800, sup2Id=1, version=1.0.0, txnDte=Mon Mar 23 20:45:10 CST 2015, bk=01441999999, busKnd=A999, traceSrc=1, responseType=N, action=200, authResn=[1, 1, 1, 1, 1, 1, 1, 1, 1, 1], eupsBusTyp=LOTR01, bbipBusCde=1, sup1Auth=1, filler=1, responseCode=SC0000, txnCde=1010, reqTme=2015-03-20 12:12:12.0, reqSysCde=1, bilVouFlg=null, rspJrnNo=20150323000000027902, tlr=ABIR148, thdIpAdr=182.53.32.51, sqn=20150323000000027902, authLvl=1, subSysCde=1, comNo=GDLOTR0101, bidPot=88887, usrPam=bcmuser, rspCde=LOT999, sup1Id=1, MsgTyp=E, usrPas=bcmpassword, traceNo=1, chn=1, diffTm=3943622, replyInformation={responseCode=SC0000, responseType=N}, tlrTmlId=1}
20150323_20:45:10.540 [http-8080-1] [com.bocom.jump.bp.channel.ws.srv.WebServiceEndpointMapping][436865]     [hostName:PC2014101864 requestId:46AA551C-FF00-0037-00F9-5A9051F33920   ] Marshalling [{reqTyp=1, cmuMde=TCP, QNameMapping.current={http://gdeupsb.service.bankcomm.com/basic/atomic/operation.GDEUPSBLotService/Schema}lotLogin, authLog=1, reqJrnNo=1, rspMsg=更新参数表失败!!!, sup2Auth=1, txnTme=2015-03-23 20:45:10, rspTime=Mon Mar 23 20:45:10 CST 2015, br=01441131999, nodNo=441800, sup2Id=1, version=1.0.0, txnDte=Mon Mar 23 20:45:10 CST 2015, bk=01441999999, busKnd=A999, traceSrc=1, responseType=N, action=200, authResn=[1, 1, 1, 1, 1, 1, 1, 1, 1, 1], eupsBusTyp=LOTR01, bbipBusCde=1, sup1Auth=1, filler=1, responseCode=SC0000, txnCde=1010, reqTme=2015-03-20 12:12:12.0, reqSysCde=1, bilVouFlg=null, rspJrnNo=20150323000000027902, tlr=ABIR148, thdIpAdr=182.53.32.51, sqn=20150323000000027902, authLvl=1, subSysCde=1, comNo=GDLOTR0101, bidPot=88887, usrPam=bcmuser, rspCde=LOT999, sup1Id=1, MsgTyp=E, usrPas=bcmpassword, traceNo=1, chn=1, diffTm=3943622, replyInformation={responseCode=SC0000, responseType=N}, tlrTmlId=1}] to response payload
20150323_20:45:10.542 [http-8080-1] [com.bocom.jump.bp.requestTracing][436867]     [hostName:PC2014101864 requestId:46AA551C-FF00-0037-00F9-5A9051F33920  service.timing:242 ] 
20150323_20:45:10.543 [http-8080-1] [org.springframework.ws.server.MessageTracing.sent][436868]     [hostName:PC2014101864    ] Sent response [AxiomSoapMessage {http://gdeupsb.service.bankcomm.com/basic/atomic/operation.GDEUPSBLotService/Schema}lotLoginResponse] for request [AxiomSoapMessage {http://gdeupsb.service.bankcomm.com/basic/atomic/operation.GDEUPSBLotService/Schema}lotLogin]
20150323_20:45:10.544 [http-8080-1] [org.apache.axiom.om.OMOutputFormat][436869]     [hostName:PC2014101864    ] Start getContentType: OMOutputFormat [ mimeBoundary =null rootContentId=null doOptimize=false doingSWA=false isSOAP11=true charSetEncoding=UTF-8 xmlVersion=null contentType=null ignoreXmlDeclaration=false autoCloseWriter=false actionProperty=null optimizedThreshold=0]
20150323_20:45:10.544 [http-8080-1] [org.apache.axiom.om.OMOutputFormat][436869]     [hostName:PC2014101864    ] getContentType= {text/xml}   OMOutputFormat [ mimeBoundary =null rootContentId=null doOptimize=false doingSWA=false isSOAP11=true charSetEncoding=UTF-8 xmlVersion=null contentType=text/xml ignoreXmlDeclaration=false autoCloseWriter=false actionProperty=null optimizedThreshold=0]
20150323_20:45:10.545 [http-8080-1] [org.apache.axiom.om.impl.MTOMXMLStreamWriter][436870]     [hostName:PC2014101864    ] OutputStream =class org.springframework.ws.transport.AbstractReceiverConnection$ResponseTransportOutputStream
20150323_20:45:10.545 [http-8080-1] [org.apache.axiom.om.impl.MTOMXMLStreamWriter][436870]     [hostName:PC2014101864    ] OMFormat = OMOutputFormat [ mimeBoundary =null rootContentId=null doOptimize=false doingSWA=false isSOAP11=true charSetEncoding=UTF-8 xmlVersion=null contentType=text/xml ignoreXmlDeclaration=false autoCloseWriter=false actionProperty=null optimizedThreshold=0]
20150323_20:45:10.546 [http-8080-1] [org.apache.axiom.om.util.StAXUtils][436871]     [hostName:PC2014101864    ] XMLStreamWriter is weblogic.xml.stax.XMLWriterBase
20150323_20:45:10.547 [http-8080-1] [org.apache.axiom.om.impl.MTOMXMLStreamWriter][436872]     [hostName:PC2014101864    ] Calling MTOMXMLStreamWriter.flush
20150323_20:45:10.548 [http-8080-1] [org.apache.axiom.om.impl.MTOMXMLStreamWriter][436873]     [hostName:PC2014101864    ] close
20150323_20:45:10.548 [http-8080-1] [com.bocom.jump.bp.channel.ws.srv.http.WebServiceServlet][436873]     [hostName:PC2014101864    ] Successfully completed request
