 
20150331_16:35:46.054 com.bocom.adapter.common.interceptor.TransformInterceptorExt [178345] <<<<<< Endpoint replay,consumed time:3496 <<<<<<  
20150331_16:42:55.072 com.bocom.adapter.common.interceptor.TransformInterceptorExt [607363] <<<<<< Endpoint Receive <<<<<<  
20150331_16:42:55.073 com.bocom.adapter.common.interceptor.TransformInterceptorExt [607364] receive byteMessage:
00000000  30 30 30 30 30 33 38 35  54 4c 55 36 34 38 35 34  00000385TLU64854
00000010  30 34 34 38 35 34 30 34  44 56 49 44 20 20 20 4d  04485404DVID   M
00000020  42 34 34 31 30 20 20 20  20 20 20 20 20 20 20 20  B4410           
00000030  20 20 20 41 42 49 41 30  34 31 54 30 30 20 20 20     ABIA041T00   
00000040  20 20 20 20 20 20 20 20  20 20 20 20 20 20 20 20                  
00000050  20 20 20 20 20 20 20 20  20 20 20 20 20 20 20 20                  
00000060  20 20 20 20 20 20 20 20  20 20 20 20 20 20 20 20                  
00000070  20 20 20 20 20 20 20 20  20 20 20 20 20 20 20 20                  
00000080  20 20 20 20 20 20 20 20  20 20 20 20 20 20 20 20                  
00000090  20 20 20 20 20 20 20 20  20 20 20 20 20 20 20 30                 0
000000a0  30 34 34 31 32 30 30 20  76 30 30 30 30 30 30 31  0441200 v0000001
000000b0  20 20 20 20 20 20 20 20  20 20 20 20 20 20 20 20                  
000000c0  20 20 20 20 20 20 20 20  20 20 20 20 20 20 20 20                  
000000d0  20 20 20 20 20 20 20 20  20 20 20 20 20 20 20 20                  
000000e0  20 20 20 20 20 20 20 20  20 20 20 20 20 20 20 36                 6
000000f0  32 32 32 36 31 33 37 31  30 30 30 33 38 38 38 38  2226137100038888
00000100  38 39 20 20 20 20 20 20  20 20 20 20 20 36 32 32  89           622
00000110  32 36 31 33 37 31 30 30  30 33 38 38 38 38 38 39  2613710003888889
00000120  20 20 34 34 31 32 30 30  31 35 34 31 31 33 32 37    44120015411327
00000130  31 39 38 31 30 33 30 32  32 35 37 58 20 20 20 20  19810302257X    
00000140  20 20 20 20 20 20 20 20  31 38 39 33 32 39 31 32          18932912
00000150  39 33 37 20 20 20 20 20  20 20 20 20 20 20 20 20  937             
00000160  20 20 20 20 20 20 20 20  20 20 20 20 20 20 20 20                  
00000170  20 20 20 20 20 20 20 20  20 20 20 20 20 20 20 20                  
00000180  20 20 20 20 20 20 20 20  20                                
  
20150331_16:42:55.075 com.bocom.jump.bp.support.TRACER [607366] ::TRACER:: dispatching with context 
context[id=wsCallProcess, locale=zh_CN, timestamp=2015-03-31 16:42:54.323, requestId=6EFF67F3-FF00-0037-006B-24E5E2C630B1]
  dataMap: {crdNo=6222613710003888889, FeCod=485404, HLogNo=, reqJrnNo=0, fixTel=, sup2Auth=, OutSys=, br=441200, nodNo=441200, sup2Id=, mobTel=18932912937, version=v0000001, actNo=6222613710003888889, traceSrc=MB441, sup1Auth=, filler=, authResnTbl=, CUSTOM_VAL={ELEC00=eupsBusTyp:ELEC00, GDUNCB=eupsBusTyp:GDUNCB, GDUNCA=eupsBusTyp:GDUNCA, GDCHPS=eupsBusTyp:GDCHPS, GDTRFA=eupsBusTyp:GDTRFA, LOTR01=eupsBusTyp:LOTR01, GDEUPSB=eupsBusTyp:GDEUPSB, GDMOBB=eupsBusTyp:GDMOBB, GDMOBA=eupsBusTyp:GDMOBA}, idNo=41132719810302257X, CprInd=0, cusNam=, txnCde=TLU6, tlr=ABIA041, Sup2Dv=, WS_CALL_MAPPING={485405={service:'BBIP',operation:'lotUpdateRegistInfoAction',cusVal:'GDEUPSB',processor:'com.bocom.adapter.system.gd.netAndMobileBank.interceptor.netMBankProcessor'}, 485404={service:'BBIP',operation:'lotRegist',cusVal:'GDEUPSB',processor:'com.bocom.adapter.system.gd.netAndMobileBank.interceptor.netMBankProcessor'}, 460511={service:'BBIP',operation:'queryAccount',cusVal:'GDMOBB',processor:'com.bocom.adapter.system.gd.netAndMobileBank.interceptor.netMBankProcessor'}, 460444={service:'BBIP',operation:'qryCusBaseMsg',cusVal:'ELEC00',processor:'com.bocom.adapter.system.gd.netAndMobileBank.interceptor.netMBankProcessor'}, 460411={service:'BBIP',operation:'tallyOneOnline',cusVal:'ELEC00',processor:'com.bocom.adapter.system.gd.netAndMobileBank.interceptor.netMBankProcessor'}, 460410={service:'BBIP',operation:'queryFee',cusVal:'ELEC00',processor:'com.bocom.adapter.system.gd.netAndMobileBank.interceptor.netMBankProcessor'}, 460602={service:'BBIP',operation:'gdUncaTelCharged',cusVal:'GDUNCA',processor:'com.bocom.adapter.system.gd.netAndMobileBank.interceptor.gdUncaTelChargedProcessor'}, 460506={service:'BBIP',operation:'cancelCusAgent',cusVal:'GDMOBB',processor:'com.bocom.adapter.system.gd.netAndMobileBank.interceptor.netMBankProcessor'}, 466613={service:'BBIP',operation:'sigCreditSGArrearsQuite',cusVal:'GDCHPS',processor:'com.bocom.adapter.system.gd.netAndMobileBank.interceptor.netMBankProcessor'}, 488010={service:'BBIP',operation:'userNamPwdJy',processor:'com.bocom.adapter.system.gd.netAndMobileBank.interceptor.netMBankProcessor'}, 460501={service:'BBIP',operation:'insertCusAgent',cusVal:'GDMOBB',processor:'com.bocom.adapter.system.gd.netAndMobileBank.interceptor.netMBankProcessor'}, 460245={service:'BBIP',operation:'eleaBnkPayFee',cusVal:'GDEUPSB'}, 466676={service:'BBIP',operation:'getActInf',cusVal:'GDCHPS',processor:'com.bocom.adapter.system.gd.netAndMobileBank.interceptor.netMBankProcessor'}, 466612={service:'BBIP',operation:'singleCreditOut',cusVal:'GDCHPS',processor:'com.bocom.adapter.system.gd.netAndMobileBank.interceptor.netMBankProcessor'}, 460244={service:'BBIP',operation:'eleaQryUsrPayInfo',cusVal:'GDEUPSB'}, 466675={service:'BBIP',operation:'queryCusrDetInf',cusVal:'GDCHPS',processor:'com.bocom.adapter.system.gd.netAndMobileBank.interceptor.netMBankProcessor'}, 466611={service:'BBIP',operation:'sigCreditSGArrearsQuery',cusVal:'GDCHPS',processor:'com.bocom.adapter.system.gd.netAndMobileBank.interceptor.netMBankProcessor'}, 466672={service:'BBIP',operation:'listBusCla',cusVal:'GDCHPS',processor:'com.bocom.adapter.system.gd.netAndMobileBank.interceptor.netMBankProcessor'}, 466671={service:'BBIP',operation:'listBusTpe',cusVal:'GDCHPS',processor:'com.bocom.adapter.system.gd.netAndMobileBank.interceptor.netMBankProcessor'}, 466670={service:'BBIP',operation:'listArea',cusVal:'GDCHPS',processor:'com.bocom.adapter.system.gd.netAndMobileBank.interceptor.netMBankProcessor'}, 482184={service:'BBIP',operation:'queryUserAttrBal',cusVal:'GDTRFA',processor:'com.bocom.adapter.system.gd.netAndMobileBank.interceptor.netMBankProcessor'}, 482183={service:'BBIP',operation:'payFee',cusVal:'GDTRFA',processor:'com.bocom.adapter.system.gd.netAndMobileBank.interceptor.payFeeOnlineProcessor'}, 460430={service:'BBIP',operation:'agentChange',cusVal:'ELEC00',processor:'com.bocom.adapter.system.gd.netAndMobileBank.interceptor.netMBankProcessor'}, 460622={service:'BBIP',operation:'gdUncbPayFeeOnline',cusVal:'GDUNCB',processor:'com.bocom.adapter.system.gd.netAndMobileBank.interceptor.netMBankProcessor'}, 469902={service:'BBIP',operation:'agentFileSend',cusVal:'GDEUPSB'}, 460621={service:'BBIP',operation:'gdQueryBills',cusVal:'GDUNCB',processor:'com.bocom.adapter.system.gd.netAndMobileBank.interceptor.netMBankProcessor'}, 469901={service:'BBIP',operation:'agentBatchOperate',cusVal:'GDEUPSB'}, 485414={service:'BBIP',operation:'qryLotWinRecord',cusVal:'LOTR01',processor:'com.bocom.adapter.system.gd.netAndMobileBank.interceptor.netMBankProcessor'}, 485413={service:'BBIP',operation:'qryLotTxnJnlInfo',cusVal:'GDEUPSB',processor:'com.bocom.adapter.system.gd.netAndMobileBank.interceptor.netMBankProcessor'}, 466607={service:'BBIP',operation:'cusrDetInf',cusVal:'GDCHPS',processor:'com.bocom.adapter.system.gd.netAndMobileBank.interceptor.netMBankProcessor'}, 485412={service:'BBIP',operation:'cathecticOnTime',cusVal:'GDEUPSB',processor:'com.bocom.adapter.system.gd.netAndMobileBank.interceptor.netMBankProcessor'}, 466606={service:'BBIP',operation:'getSgdBusInf',cusVal:'GDCHPS',processor:'com.bocom.adapter.system.gd.netAndMobileBank.interceptor.netMBankProcessor'}, 466605={service:'BBIP',operation:'getAreaCla',cusVal:'GDCHPS',processor:'com.bocom.adapter.system.gd.netAndMobileBank.interceptor.netMBankProcessor'}, 485410={service:'BBIP',operation:'cancelPlanPay',cusVal:'GDEUPSB',processor:'com.bocom.adapter.system.gd.netAndMobileBank.interceptor.netMBankProcessor'}, 466604={service:'BBIP',operation:'queryCusrDetInf',cusVal:'GDCHPS',processor:'com.bocom.adapter.system.gd.netAndMobileBank.interceptor.netMBankProcessor'}, 461509={service:'BBIP',operation:'traFineInfQue',processor:'com.bocom.adapter.system.gd.netAndMobileBank.interceptor.netMBankProcessor'}, 466603={service:'BBIP',operation:'cusrBasInf',cusVal:'GDCHPS',processor:'com.bocom.adapter.system.gd.netAndMobileBank.interceptor.netMBankProcessor'}, 466602={service:'BBIP',operation:'cusrBasInf',cusVal:'GDCHPS',processor:'com.bocom.adapter.system.gd.netAndMobileBank.interceptor.netMBankProcessor'}, 466601={service:'BBIP',operation:'cusrBasInf',cusVal:'GDCHPS',processor:'com.bocom.adapter.system.gd.netAndMobileBank.interceptor.netMBankProcessor'}, 461503={service:'BBIP',operation:'reaPro',processor:'com.bocom.adapter.system.gd.netAndMobileBank.interceptor.netMBankProcessor'}, 461502={service:'BBIP',operation:'revenueTally',processor:'com.bocom.adapter.system.gd.netAndMobileBank.interceptor.netMBankProcessor'}, 461501={service:'BBIP',operation:'phoneBankinfo',processor:'com.bocom.adapter.system.gd.netAndMobileBank.interceptor.netMBankProcessor'}, 482173={service:'BBIP',operation:'payFeeOnline',cusVal:'GDMOBA',processor:'com.bocom.adapter.system.gd.netAndMobileBank.interceptor.payFeeOnlineProcessor'}, 482171={service:'BBIP',operation:'queryUserStatus',cusVal:'GDMOBA',processor:'com.bocom.adapter.system.gd.netAndMobileBank.interceptor.netMBankProcessor'}, 485409={service:'BBIP',operation:'queryPlanPay',cusVal:'GDEUPSB',processor:'com.bocom.adapter.system.gd.netAndMobileBank.interceptor.netMBankProcessor'}, 485407={service:'BBIP',operation:'insertPlanPay',cusVal:'GDEUPSB',processor:'com.bocom.adapter.system.gd.netAndMobileBank.interceptor.netMBankProcessor'}, 485406={service:'BBIP',operation:'queryRegister',cusVal:'GDEUPSB',processor:'com.bocom.adapter.system.gd.netAndMobileBank.interceptor.netMBankProcessor'}}, AthLog=, AthTbl=, TIATyp=T, authLvl=00, TransCode=485404, EnpInd=0, sup1Id=, email=, idTyp=15, OprLvl=, traceNo=1234567820150331000000005305, tlrTmlId=DVID}
  rawData: {crdNo=6222613710003888889, HLogNo=, FeCod=485404, fixTel=, reqJrnNo=0, sup2Auth=, OutSys=, nodNo=441200, br=441200, mobTel=18932912937, sup2Id=, version=v0000001, actNo=6222613710003888889, traceSrc=MB441, sup1Auth=, authResnTbl=, filler=, CUSTOM_VAL={ELEC00=eupsBusTyp:ELEC00, GDUNCB=eupsBusTyp:GDUNCB, GDUNCA=eupsBusTyp:GDUNCA, GDCHPS=eupsBusTyp:GDCHPS, GDTRFA=eupsBusTyp:GDTRFA, LOTR01=eupsBusTyp:LOTR01, GDEUPSB=eupsBusTyp:GDEUPSB, GDMOBB=eupsBusTyp:GDMOBB, GDMOBA=eupsBusTyp:GDMOBA}, idNo=41132719810302257X, CprInd=0, cusNam=, txnCde=TLU6, WS_CALL_MAPPING={485405={service:'BBIP',operation:'lotUpdateRegistInfoAction',cusVal:'GDEUPSB',processor:'com.bocom.adapter.system.gd.netAndMobileBank.interceptor.netMBankProcessor'}, 485404={service:'BBIP',operation:'lotRegist',cusVal:'GDEUPSB',processor:'com.bocom.adapter.system.gd.netAndMobileBank.interceptor.netMBankProcessor'}, 460511={service:'BBIP',operation:'queryAccount',cusVal:'GDMOBB',processor:'com.bocom.adapter.system.gd.netAndMobileBank.interceptor.netMBankProcessor'}, 460444={service:'BBIP',operation:'qryCusBaseMsg',cusVal:'ELEC00',processor:'com.bocom.adapter.system.gd.netAndMobileBank.interceptor.netMBankProcessor'}, 460411={service:'BBIP',operation:'tallyOneOnline',cusVal:'ELEC00',processor:'com.bocom.adapter.system.gd.netAndMobileBank.interceptor.netMBankProcessor'}, 460410={service:'BBIP',operation:'queryFee',cusVal:'ELEC00',processor:'com.bocom.adapter.system.gd.netAndMobileBank.interceptor.netMBankProcessor'}, 460602={service:'BBIP',operation:'gdUncaTelCharged',cusVal:'GDUNCA',processor:'com.bocom.adapter.system.gd.netAndMobileBank.interceptor.gdUncaTelChargedProcessor'}, 460506={service:'BBIP',operation:'cancelCusAgent',cusVal:'GDMOBB',processor:'com.bocom.adapter.system.gd.netAndMobileBank.interceptor.netMBankProcessor'}, 466613={service:'BBIP',operation:'sigCreditSGArrearsQuite',cusVal:'GDCHPS',processor:'com.bocom.adapter.system.gd.netAndMobileBank.interceptor.netMBankProcessor'}, 488010={service:'BBIP',operation:'userNamPwdJy',processor:'com.bocom.adapter.system.gd.netAndMobileBank.interceptor.netMBankProcessor'}, 460501={service:'BBIP',operation:'insertCusAgent',cusVal:'GDMOBB',processor:'com.bocom.adapter.system.gd.netAndMobileBank.interceptor.netMBankProcessor'}, 460245={service:'BBIP',operation:'eleaBnkPayFee',cusVal:'GDEUPSB'}, 466676={service:'BBIP',operation:'getActInf',cusVal:'GDCHPS',processor:'com.bocom.adapter.system.gd.netAndMobileBank.interceptor.netMBankProcessor'}, 466612={service:'BBIP',operation:'singleCreditOut',cusVal:'GDCHPS',processor:'com.bocom.adapter.system.gd.netAndMobileBank.interceptor.netMBankProcessor'}, 460244={service:'BBIP',operation:'eleaQryUsrPayInfo',cusVal:'GDEUPSB'}, 466675={service:'BBIP',operation:'queryCusrDetInf',cusVal:'GDCHPS',processor:'com.bocom.adapter.system.gd.netAndMobileBank.interceptor.netMBankProcessor'}, 466611={service:'BBIP',operation:'sigCreditSGArrearsQuery',cusVal:'GDCHPS',processor:'com.bocom.adapter.system.gd.netAndMobileBank.interceptor.netMBankProcessor'}, 466672={service:'BBIP',operation:'listBusCla',cusVal:'GDCHPS',processor:'com.bocom.adapter.system.gd.netAndMobileBank.interceptor.netMBankProcessor'}, 466671={service:'BBIP',operation:'listBusTpe',cusVal:'GDCHPS',processor:'com.bocom.adapter.system.gd.netAndMobileBank.interceptor.netMBankProcessor'}, 466670={service:'BBIP',operation:'listArea',cusVal:'GDCHPS',processor:'com.bocom.adapter.system.gd.netAndMobileBank.interceptor.netMBankProcessor'}, 482184={service:'BBIP',operation:'queryUserAttrBal',cusVal:'GDTRFA',processor:'com.bocom.adapter.system.gd.netAndMobileBank.interceptor.netMBankProcessor'}, 482183={service:'BBIP',operation:'payFee',cusVal:'GDTRFA',processor:'com.bocom.adapter.system.gd.netAndMobileBank.interceptor.payFeeOnlineProcessor'}, 460430={service:'BBIP',operation:'agentChange',cusVal:'ELEC00',processor:'com.bocom.adapter.system.gd.netAndMobileBank.interceptor.netMBankProcessor'}, 460622={service:'BBIP',operation:'gdUncbPayFeeOnline',cusVal:'GDUNCB',processor:'com.bocom.adapter.system.gd.netAndMobileBank.interceptor.netMBankProcessor'}, 469902={service:'BBIP',operation:'agentFileSend',cusVal:'GDEUPSB'}, 460621={service:'BBIP',operation:'gdQueryBills',cusVal:'GDUNCB',processor:'com.bocom.adapter.system.gd.netAndMobileBank.interceptor.netMBankProcessor'}, 469901={service:'BBIP',operation:'agentBatchOperate',cusVal:'GDEUPSB'}, 485414={service:'BBIP',operation:'qryLotWinRecord',cusVal:'LOTR01',processor:'com.bocom.adapter.system.gd.netAndMobileBank.interceptor.netMBankProcessor'}, 485413={service:'BBIP',operation:'qryLotTxnJnlInfo',cusVal:'GDEUPSB',processor:'com.bocom.adapter.system.gd.netAndMobileBank.interceptor.netMBankProcessor'}, 466607={service:'BBIP',operation:'cusrDetInf',cusVal:'GDCHPS',processor:'com.bocom.adapter.system.gd.netAndMobileBank.interceptor.netMBankProcessor'}, 485412={service:'BBIP',operation:'cathecticOnTime',cusVal:'GDEUPSB',processor:'com.bocom.adapter.system.gd.netAndMobileBank.interceptor.netMBankProcessor'}, 466606={service:'BBIP',operation:'getSgdBusInf',cusVal:'GDCHPS',processor:'com.bocom.adapter.system.gd.netAndMobileBank.interceptor.netMBankProcessor'}, 466605={service:'BBIP',operation:'getAreaCla',cusVal:'GDCHPS',processor:'com.bocom.adapter.system.gd.netAndMobileBank.interceptor.netMBankProcessor'}, 485410={service:'BBIP',operation:'cancelPlanPay',cusVal:'GDEUPSB',processor:'com.bocom.adapter.system.gd.netAndMobileBank.interceptor.netMBankProcessor'}, 466604={service:'BBIP',operation:'queryCusrDetInf',cusVal:'GDCHPS',processor:'com.bocom.adapter.system.gd.netAndMobileBank.interceptor.netMBankProcessor'}, 461509={service:'BBIP',operation:'traFineInfQue',processor:'com.bocom.adapter.system.gd.netAndMobileBank.interceptor.netMBankProcessor'}, 466603={service:'BBIP',operation:'cusrBasInf',cusVal:'GDCHPS',processor:'com.bocom.adapter.system.gd.netAndMobileBank.interceptor.netMBankProcessor'}, 466602={service:'BBIP',operation:'cusrBasInf',cusVal:'GDCHPS',processor:'com.bocom.adapter.system.gd.netAndMobileBank.interceptor.netMBankProcessor'}, 466601={service:'BBIP',operation:'cusrBasInf',cusVal:'GDCHPS',processor:'com.bocom.adapter.system.gd.netAndMobileBank.interceptor.netMBankProcessor'}, 461503={service:'BBIP',operation:'reaPro',processor:'com.bocom.adapter.system.gd.netAndMobileBank.interceptor.netMBankProcessor'}, 461502={service:'BBIP',operation:'revenueTally',processor:'com.bocom.adapter.system.gd.netAndMobileBank.interceptor.netMBankProcessor'}, 461501={service:'BBIP',operation:'phoneBankinfo',processor:'com.bocom.adapter.system.gd.netAndMobileBank.interceptor.netMBankProcessor'}, 482173={service:'BBIP',operation:'payFeeOnline',cusVal:'GDMOBA',processor:'com.bocom.adapter.system.gd.netAndMobileBank.interceptor.payFeeOnlineProcessor'}, 482171={service:'BBIP',operation:'queryUserStatus',cusVal:'GDMOBA',processor:'com.bocom.adapter.system.gd.netAndMobileBank.interceptor.netMBankProcessor'}, 485409={service:'BBIP',operation:'queryPlanPay',cusVal:'GDEUPSB',processor:'com.bocom.adapter.system.gd.netAndMobileBank.interceptor.netMBankProcessor'}, 485407={service:'BBIP',operation:'insertPlanPay',cusVal:'GDEUPSB',processor:'com.bocom.adapter.system.gd.netAndMobileBank.interceptor.netMBankProcessor'}, 485406={service:'BBIP',operation:'queryRegister',cusVal:'GDEUPSB',processor:'com.bocom.adapter.system.gd.netAndMobileBank.interceptor.netMBankProcessor'}}, Sup2Dv=, tlr=ABIA041, AthLog=, AthTbl=, TIATyp=T, authLvl=00, EnpInd=0, TransCode=485404, sup1Id=, idTyp=15, email=, OprLvl=, traceNo=1234567820150331000000005305, tlrTmlId=DVID}  
20150331_16:42:55.076 com.bocom.jump.bp.support.TRACER [607367] ::TRACER:: @starting actions template 'simpleTran'  
20150331_16:42:55.077 com.bocom.jump.bp.support.TRACER [607368] ::TRACER:: Starting executable action 'wsCall', class:com.bocom.adapter.common.action.WSCallAction  
20150331_16:42:55.078 com.bocom.adapter.common.action.WSCallAction [607369] From transCode 485404 To lotRegist onRequest start  
20150331_16:42:55.078 com.bocom.adapter.common.action.WSCallAction [607369] NO.1 crdNo:6222613710003888889  
20150331_16:42:55.078 com.bocom.adapter.common.action.WSCallAction [607369] NO.2 HLogNo:  
20150331_16:42:55.078 com.bocom.adapter.common.action.WSCallAction [607369] NO.3 FeCod:485404  
20150331_16:42:55.078 com.bocom.adapter.common.action.WSCallAction [607369] NO.4 fixTel:  
20150331_16:42:55.078 com.bocom.adapter.common.action.WSCallAction [607369] NO.5 reqJrnNo:0  
20150331_16:42:55.078 com.bocom.adapter.common.action.WSCallAction [607369] NO.6 sup2Auth:  
20150331_16:42:55.079 com.bocom.adapter.common.action.WSCallAction [607370] NO.7 OutSys:  
20150331_16:42:55.079 com.bocom.adapter.common.action.WSCallAction [607370] NO.8 nodNo:441200  
20150331_16:42:55.079 com.bocom.adapter.common.action.WSCallAction [607370] NO.9 br:01484028999  
20150331_16:42:55.079 com.bocom.adapter.common.action.WSCallAction [607370] NO.10 mobTel:18932912937  
20150331_16:42:55.079 com.bocom.adapter.common.action.WSCallAction [607370] NO.11 sup2Id:  
20150331_16:42:55.079 com.bocom.adapter.common.action.WSCallAction [607370] NO.12 version:1.0.0  
20150331_16:42:55.079 com.bocom.adapter.common.action.WSCallAction [607370] NO.13 txnTyp:T  
20150331_16:42:55.079 com.bocom.adapter.common.action.WSCallAction [607370] NO.14 actNo:6222613710003888889  
20150331_16:42:55.080 com.bocom.adapter.common.action.WSCallAction [607371] NO.15 bk:01484999999  
20150331_16:42:55.080 com.bocom.adapter.common.action.WSCallAction [607371] NO.16 traceSrc:MB441  
20150331_16:42:55.080 com.bocom.adapter.common.action.WSCallAction [607371] NO.17 eupsBusTyp:GDEUPSB  
20150331_16:42:55.080 com.bocom.adapter.common.action.WSCallAction [607371] NO.18 sup1Auth:  
20150331_16:42:55.080 com.bocom.adapter.common.action.WSCallAction [607371] NO.19 authResnTbl:  
20150331_16:42:55.080 com.bocom.adapter.common.action.WSCallAction [607371] NO.20 filler:  
20150331_16:42:55.080 com.bocom.adapter.common.action.WSCallAction [607371] NO.21 idNo:41132719810302257X  
20150331_16:42:55.080 com.bocom.adapter.common.action.WSCallAction [607371] NO.22 CprInd:0  
20150331_16:42:55.081 com.bocom.adapter.common.action.WSCallAction [607372] NO.23 cusNam:  
20150331_16:42:55.081 com.bocom.adapter.common.action.WSCallAction [607372] NO.24 txnCde:TLU6  
20150331_16:42:55.081 com.bocom.adapter.common.action.WSCallAction [607372] NO.25 reqTme:Tue Mar 31 16:42:55 CST 2015  
20150331_16:42:55.081 com.bocom.adapter.common.action.WSCallAction [607372] NO.26 Sup2Dv:  
20150331_16:42:55.081 com.bocom.adapter.common.action.WSCallAction [607372] NO.27 tlr:4842897  
20150331_16:42:55.081 com.bocom.adapter.common.action.WSCallAction [607372] NO.28 AthLog:  
20150331_16:42:55.082 com.bocom.adapter.common.action.WSCallAction [607373] NO.29 AthTbl:  
20150331_16:42:55.082 com.bocom.adapter.common.action.WSCallAction [607373] NO.30 TIATyp:T  
20150331_16:42:55.082 com.bocom.adapter.common.action.WSCallAction [607373] NO.31 authLvl:00  
20150331_16:42:55.082 com.bocom.adapter.common.action.WSCallAction [607373] NO.32 EnpInd:0  
20150331_16:42:55.082 com.bocom.adapter.common.action.WSCallAction [607373] NO.33 TransCode:485404  
20150331_16:42:55.082 com.bocom.adapter.common.action.WSCallAction [607373] NO.34 sup1Id:  
20150331_16:42:55.082 com.bocom.adapter.common.action.WSCallAction [607373] NO.35 idTyp:15  
20150331_16:42:55.082 com.bocom.adapter.common.action.WSCallAction [607373] NO.36 email:  
20150331_16:42:55.083 com.bocom.adapter.common.action.WSCallAction [607374] NO.37 OprLvl:  
20150331_16:42:55.083 com.bocom.adapter.common.action.WSCallAction [607374] NO.38 traceNo:1234567820150331000000005306  
20150331_16:42:55.083 com.bocom.adapter.common.action.WSCallAction [607374] NO.39 chn:35  
20150331_16:42:55.083 com.bocom.adapter.common.action.WSCallAction [607374] NO.40 tlrTmlId:DVID  
20150331_16:42:55.083 com.bocom.adapter.common.action.WSCallAction [607374] From transCode 485404 To lotRegist onRequest end  
20150331_16:42:55.088 org.springframework.ws.client.core.WebServiceTemplate [607379] Sent request [<?xml version='1.0' encoding='UTF-8'?><soapenv:Envelope xmlns:soapenv="http://schemas.xmlsoap.org/soap/envelope/"><soapenv:Header xmlns:wsa="http://www.w3.org/2005/08/addressing"><wsa:To soapenv:mustUnderstand="0">GDEUPSB</wsa:To><wsa:From><wsa:Address>GDNBADAPTE</wsa:Address></wsa:From><wsa:Action>http://gdeupsb.service.bankcomm.com/basic/atomic/operation.GDEUPSBLotService/lotRegist</wsa:Action><wsa:MessageID>urn:uuid:fb2cae3e-8281-4087-aceb-ae57ea30f6c0</wsa:MessageID></soapenv:Header><soapenv:Body><p0:lotRegist xmlns:p0="http://gdeupsb.service.bankcomm.com/basic/atomic/operation.GDEUPSBLotService/Schema" xmlns:p2="http://bbip.bankcomm.com" xmlns:p1="http://gsp.bankcomm.com"><p1:requestInformation><p1:traceNo>1234567820150331000000005306</p1:traceNo><p1:version>1.0.0</p1:version><p1:traceSrc>MB441</p1:traceSrc></p1:requestInformation><p0:request><p0:requestHeader><p2:bbipRequestHead><p2:txnCde>TLU6</p2:txnCde><p2:chn>35</p2:chn><p2:reqJrnNo>0</p2:reqJrnNo><p2:tlr>4842897</p2:tlr><p2:br>01484028999</p2:br><p2:bk>01484999999</p2:bk><p2:tlrTmlId>DVID</p2:tlrTmlId><p2:authLvl>00</p2:authLvl><p2:sup1Id></p2:sup1Id><p2:sup1Auth></p2:sup1Auth><p2:sup2Id></p2:sup2Id><p2:sup2Auth></p2:sup2Auth><p2:filler></p2:filler><p2:reqTme>2015-03-31T16:42:55</p2:reqTme></p2:bbipRequestHead></p0:requestHeader><p0:eupsBusTyp>GDEUPSB</p0:eupsBusTyp><p0:cusNam></p0:cusNam><p0:crdNo>6222613710003888889</p0:crdNo><p0:idTyp>15</p0:idTyp><p0:idNo>41132719810302257X</p0:idNo><p0:actNo>6222613710003888889</p0:actNo><p0:nodNo>441200</p0:nodNo><p0:mobTel>18932912937</p0:mobTel><p0:email></p0:email><p0:fixTel></p0:fixTel></p0:request></p0:lotRegist></soapenv:Body></soapenv:Envelope>]  
20150331_16:43:04.197 org.springframework.ws.client.core.WebServiceTemplate [616488] Received response [<?xml version='1.0' encoding='UTF-8'?><soapenv:Envelope xmlns:soapenv="http://schemas.xmlsoap.org/soap/envelope/"><soapenv:Header xmlns:wsa="http://www.w3.org/2005/08/addressing"><wsa:To soapenv:mustUnderstand="1">GDEUPSB</wsa:To><wsa:From><wsa:Address>GDNBADAPTE</wsa:Address></wsa:From><wsa:Action>http://gdeupsb.service.bankcomm.com/basic/atomic/operation.GDEUPSBLotService/lotRegist</wsa:Action><wsa:MessageID>urn:uuid:afbff325-b5dc-43a2-b4bc-05ddc67bd25b</wsa:MessageID><wsa:RelatesTo>urn:uuid:fb2cae3e-8281-4087-aceb-ae57ea30f6c0</wsa:RelatesTo></soapenv:Header><soapenv:Body><p0:lotRegistResponse xmlns:p0="http://gdeupsb.service.bankcomm.com/basic/atomic/operation.GDEUPSBLotService/Schema" xmlns:p1="http://gsp.bankcomm.com"><p1:replyInformation><p1:responseType>N</p1:responseType><p1:responseCode>SC0000</p1:responseCode></p1:replyInformation><p0:response><p0:lotNam>18932912937</p0:lotNam></p0:response></p0:lotRegistResponse></soapenv:Body></soapenv:Envelope>] for request [<?xml version='1.0' encoding='UTF-8'?><soapenv:Envelope xmlns:soapenv="http://schemas.xmlsoap.org/soap/envelope/"><soapenv:Header xmlns:wsa="http://www.w3.org/2005/08/addressing"><wsa:To soapenv:mustUnderstand="0">GDEUPSB</wsa:To><wsa:From><wsa:Address>GDNBADAPTE</wsa:Address></wsa:From><wsa:Action>http://gdeupsb.service.bankcomm.com/basic/atomic/operation.GDEUPSBLotService/lotRegist</wsa:Action><wsa:MessageID>urn:uuid:fb2cae3e-8281-4087-aceb-ae57ea30f6c0</wsa:MessageID></soapenv:Header><soapenv:Body><p0:lotRegist xmlns:p0="http://gdeupsb.service.bankcomm.com/basic/atomic/operation.GDEUPSBLotService/Schema" xmlns:p2="http://bbip.bankcomm.com" xmlns:p1="http://gsp.bankcomm.com"><p1:requestInformation><p1:traceNo>1234567820150331000000005306</p1:traceNo><p1:version>1.0.0</p1:version><p1:traceSrc>MB441</p1:traceSrc></p1:requestInformation><p0:request><p0:requestHeader><p2:bbipRequestHead><p2:txnCde>TLU6</p2:txnCde><p2:chn>35</p2:chn><p2:reqJrnNo>0</p2:reqJrnNo><p2:tlr>4842897</p2:tlr><p2:br>01484028999</p2:br><p2:bk>01484999999</p2:bk><p2:tlrTmlId>DVID</p2:tlrTmlId><p2:authLvl>00</p2:authLvl><p2:sup1Id></p2:sup1Id><p2:sup1Auth></p2:sup1Auth><p2:sup2Id></p2:sup2Id><p2:sup2Auth></p2:sup2Auth><p2:filler></p2:filler><p2:reqTme>2015-03-31T16:42:55</p2:reqTme></p2:bbipRequestHead></p0:requestHeader><p0:eupsBusTyp>GDEUPSB</p0:eupsBusTyp><p0:cusNam></p0:cusNam><p0:crdNo>6222613710003888889</p0:crdNo><p0:idTyp>15</p0:idTyp><p0:idNo>41132719810302257X</p0:idNo><p0:actNo>6222613710003888889</p0:actNo><p0:nodNo>441200</p0:nodNo><p0:mobTel>18932912937</p0:mobTel><p0:email></p0:email><p0:fixTel></p0:fixTel></p0:request></p0:lotRegist></soapenv:Body></soapenv:Envelope>]  
20150331_16:43:04.198 com.bocom.adapter.common.action.WSCallAction [616489] From transCode 485404 To lotRegist onResponse start  
20150331_16:43:04.199 com.bocom.adapter.common.action.WSCallAction [616490] NO.1 crdNo:6222613710003888889  
20150331_16:43:04.199 com.bocom.adapter.common.action.WSCallAction [616490] NO.2 HLogNo:  
20150331_16:43:04.199 com.bocom.adapter.common.action.WSCallAction [616490] NO.3 FeCod:485404  
20150331_16:43:04.200 com.bocom.adapter.common.action.WSCallAction [616491] NO.4 fixTel:  
20150331_16:43:04.201 com.bocom.adapter.common.action.WSCallAction [616492] NO.5 reqJrnNo:0  
20150331_16:43:04.201 com.bocom.adapter.common.action.WSCallAction [616492] NO.6 sup2Auth:  
20150331_16:43:04.201 com.bocom.adapter.common.action.WSCallAction [616492] NO.7 OutSys:  
20150331_16:43:04.202 com.bocom.adapter.common.action.WSCallAction [616493] NO.8 nodNo:441200  
20150331_16:43:04.202 com.bocom.adapter.common.action.WSCallAction [616493] NO.9 br:01484028999  
20150331_16:43:04.202 com.bocom.adapter.common.action.WSCallAction [616493] NO.10 mobTel:18932912937  
20150331_16:43:04.202 com.bocom.adapter.common.action.WSCallAction [616493] NO.11 sup2Id:  
20150331_16:43:04.203 com.bocom.adapter.common.action.WSCallAction [616494] NO.12 version:1.0.0  
20150331_16:43:04.203 com.bocom.adapter.common.action.WSCallAction [616494] NO.13 txnTyp:T  
20150331_16:43:04.203 com.bocom.adapter.common.action.WSCallAction [616494] NO.14 actNo:6222613710003888889  
20150331_16:43:04.203 com.bocom.adapter.common.action.WSCallAction [616494] NO.15 bk:01484999999  
20150331_16:43:04.203 com.bocom.adapter.common.action.WSCallAction [616494] NO.16 traceSrc:MB441  
20150331_16:43:04.204 com.bocom.adapter.common.action.WSCallAction [616495] NO.17 responseType:N  
20150331_16:43:04.204 com.bocom.adapter.common.action.WSCallAction [616495] NO.18 eupsBusTyp:GDEUPSB  
20150331_16:43:04.204 com.bocom.adapter.common.action.WSCallAction [616495] NO.19 sup1Auth:  
20150331_16:43:04.204 com.bocom.adapter.common.action.WSCallAction [616495] NO.20 authResnTbl:  
20150331_16:43:04.204 com.bocom.adapter.common.action.WSCallAction [616495] NO.21 filler:  
20150331_16:43:04.204 com.bocom.adapter.common.action.WSCallAction [616495] NO.22 lotNam:18932912937  
20150331_16:43:04.205 com.bocom.adapter.common.action.WSCallAction [616496] NO.23 idNo:41132719810302257X  
20150331_16:43:04.205 com.bocom.adapter.common.action.WSCallAction [616496] NO.24 responseCode:000000  
20150331_16:43:04.205 com.bocom.adapter.common.action.WSCallAction [616496] NO.25 CprInd:0  
20150331_16:43:04.205 com.bocom.adapter.common.action.WSCallAction [616496] NO.26 cusNam:  
20150331_16:43:04.205 com.bocom.adapter.common.action.WSCallAction [616496] NO.27 txnCde:TLU6  
20150331_16:43:04.205 com.bocom.adapter.common.action.WSCallAction [616496] NO.28 reqTme:Tue Mar 31 16:42:55 CST 2015  
20150331_16:43:04.206 com.bocom.adapter.common.action.WSCallAction [616497] NO.29 Sup2Dv:  
20150331_16:43:04.206 com.bocom.adapter.common.action.WSCallAction [616497] NO.30 tlr:4842897  
20150331_16:43:04.206 com.bocom.adapter.common.action.WSCallAction [616497] NO.31 AthLog:  
20150331_16:43:04.206 com.bocom.adapter.common.action.WSCallAction [616497] NO.32 AthTbl:  
20150331_16:43:04.206 com.bocom.adapter.common.action.WSCallAction [616497] NO.33 TIATyp:T  
20150331_16:43:04.206 com.bocom.adapter.common.action.WSCallAction [616497] NO.34 authLvl:00  
20150331_16:43:04.207 com.bocom.adapter.common.action.WSCallAction [616498] NO.35 EnpInd:0  
20150331_16:43:04.207 com.bocom.adapter.common.action.WSCallAction [616498] NO.36 TransCode:485404  
20150331_16:43:04.207 com.bocom.adapter.common.action.WSCallAction [616498] NO.37 sup1Id:  
20150331_16:43:04.207 com.bocom.adapter.common.action.WSCallAction [616498] NO.38 idTyp:15  
20150331_16:43:04.207 com.bocom.adapter.common.action.WSCallAction [616498] NO.39 email:  
20150331_16:43:04.207 com.bocom.adapter.common.action.WSCallAction [616498] NO.40 OprLvl:  
20150331_16:43:04.207 com.bocom.adapter.common.action.WSCallAction [616498] NO.41 traceNo:1234567820150331000000005306  
20150331_16:43:04.208 com.bocom.adapter.common.action.WSCallAction [616499] NO.42 chn:35  
20150331_16:43:04.208 com.bocom.adapter.common.action.WSCallAction [616499] NO.43 tlrTmlId:DVID  
20150331_16:43:04.208 com.bocom.adapter.common.action.WSCallAction [616499] From transCode 485404 To lotRegist onResponse end  
20150331_16:43:04.208 com.bocom.jump.bp.support.TRACER [616499] ::TRACER:: Finished action 'wsCall'  
20150331_16:43:04.208 com.bocom.jump.bp.support.TRACER [616499] ::TRACER:: @finished actions template 'simpleTran'  
20150331_16:43:04.222 com.bocom.adapter.common.interceptor.TransformInterceptorExt [616513] <<<<<< Endpoint Replay <<<<<<  
20150331_16:43:04.222 com.bocom.adapter.common.interceptor.TransformInterceptorExt [616513] replay byteMessage:
00000000  30 30 30 30 30 31 34 38  20 20 20 4e 30 30 30 30  00000148   N0000
00000010  30 30 20 20 20 20 20 20  20 20 20 20 20 20 20 20  00              
00000020  20 20 20 30 30 30 30 30  30 20 20 20 20 20 20 20     000000       
00000030  20 20 20 20 20 20 20 20  20 20 20 20 20 20 20 20                  
00000040  20 20 20 20 20 20 20 20  20 20 20 20 20 20 20 20                  
00000050  20 20 20 20 20 20 20 30  30 20 20 20 20 20 20 20         00       
00000060  20 20 20 20 20 20 20 20  20 20 20 20 20 20 20 20                  
00000070  20 20 20 20 20 20 20 20  20 20 20 20 20 20 31 38                18
00000080  39 33 32 39 31 32 39 33  37 20 20 20 20 20 20 20  932912937       
00000090  20 20 20 20 20 20 20 20  20 20 20 20                          
  
20150331_16:43:04.223 com.bocom.adapter.common.interceptor.TransformInterceptorExt [616514] <<<<<< Endpoint replay,consumed time:9150 <<<<<<  
