20150311_19:08:14.239 com.bocom.adapter.common.interceptor.TransformInterceptorExt [6664083] <<<<<< Endpoint Receive <<<<<<  
20150311_19:08:14.239 com.bocom.adapter.common.interceptor.TransformInterceptorExt [6664083] receive byteMessage:
00000000  30 30 30 30 30 32 31 31  54 4c 55 36 34 38 35 34  00000211TLU64854
00000010  31 34 34 38 35 34 31 34  44 56 49 44 20 20 20 4d  14485414DVID   M
00000020  42 34 34 31 30 20 20 20  20 20 20 20 20 20 20 20  B4410           
00000030  20 20 20 41 42 49 41 30  34 31 54 30 30 20 20 20     ABIA041T00   
00000040  20 20 20 20 20 20 20 20  20 20 20 20 20 20 20 20                  
00000050  20 20 20 20 20 20 20 20  20 20 20 20 20 20 20 20                  
00000060  20 20 20 20 20 20 20 20  20 20 20 20 20 20 20 20                  
00000070  20 20 20 20 20 20 20 20  20 20 20 20 20 20 20 20                  
00000080  20 20 20 20 20 20 20 20  20 20 20 20 20 20 20 20                  
00000090  20 20 20 20 20 20 20 20  20 20 20 20 20 20 20 30                 0
000000a0  30 34 34 31 32 30 30 20  76 30 30 30 30 30 30 31  0441200 v0000001
000000b0  20 20 20 35 20 31 32 33  34 35 36 37 38 39 20 20     5 123456789  
000000c0  20 20 20 20 20 20 20 20  20 20 30 31 39 39 39 30            019990
000000d0  31 30 31 32 39 39 39 31  32 33 31                 10129991231
  
20150311_19:08:14.241 com.bocom.jump.bp.support.TRACER [6664085] ::TRACER:: dispatching with context 
context[id=wsCallProcess, locale=zh_CN, timestamp=2015-03-11 19:08:06.224, requestId=088526D1-FF00-0033-0056-4DB154EE278B]
  dataMap: {crdNo=123456789, FeCod=485414, HLogNo=, betTyp=0, reqJrnNo=0, sup2Auth=, OutSys=, br=441200, sup2Id=, version=v0000001, traceSrc=MB441, sup1Auth=, authResnTbl=, filler=, CUSTOM_VAL={GDUNCB=eupsBusTyp:GDUNCB, ELEC00=eupsBusTyp:ELEC00, GDUNCA=eupsBusTyp:GDUNCA, GDEUPSB=eupsBusTyp:GDEUPSB, GDTRFA=eupsBusTyp:GDTRFA, LOTR01=eupsBusTyp:LOTR01, GDMOBB=eupsBusTyp:GDMOBB, GDMOBA=eupsBusTyp:GDMOBA}, CprInd=0, begDat=19990101, txnCde=TLU6, gameId=5, tlr=ABIA041, Sup2Dv=, WS_CALL_MAPPING={485406={service:'BBIP',operation:'queryRegister',cusVal:'GDEUPSB'}, 460511={service:'BBIP',operation:'queryAccount',cusVal:'GDMOBB'}, 485405={service:'BBIP',operation:'lotUpdateRegistInfoAction',cusVal:'GDEUPSB'}, 485404={service:'BBIP',operation:'lotRegist',cusVal:'GDEUPSB'}, 460602={service:'BBIP',operation:'gdUncaTelCharged',cusVal:'GDUNCA'}, 482173={service:'BBIP',operation:'payFeeOnline',cusVal:'GDMOBA'}, 482171={service:'BBIP',operation:'queryUserStatus',cusVal:'GDMOBA',processor:'com.bocom.adapter.system.gd.netAndMobileBank.interceptor.netMBankProcessor'}, 485414={service:'BBIP',operation:'qryLotWinRecord',cusVal:'LOTR01',processor:'com.bocom.adapter.system.gd.netAndMobileBank.interceptor.netMBankProcessor'}, 485413={service:'BBIP',operation:'qryLotTxnJnlInfo',cusVal:'GDEUPSB'}, 485412={service:'BBIP',operation:'cathecticOnTime',cusVal:'GDEUPSB'}, 45={service:'BBIP',operation:'qryCusBaseMsg',cusVal:'ELEC00',processor:'com.bocom.adapter.system.gd.netAndMobileBank.interceptor.netMBankProcessor'}, 460506={service:'BBIP',operation:'cancelCusAgent',cusVal:'GDMOBB'}, 11={service:'BBIP',operation:'tallyOneOnline',cusVal:'ELEC00',processor:'com.bocom.adapter.system.gd.netAndMobileBank.interceptor.netMBankProcessor'}, 10={service:'BBIP',operation:'queryFee',cusVal:'ELEC00',processor:'com.bocom.adapter.system.gd.netAndMobileBank.interceptor.netMBankProcessor'}, 482184={service:'BBIP',operation:'queryUserAttrBal',cusVal:'GDTRFA'}, 482183={service:'BBIP',operation:'payFee',cusVal:'GDTRFA'}, 460501={service:'BBIP',operation:'insertCusAgent',cusVal:'GDMOBB'}, 460622={service:'BBIP',operation:'gdUncbPayFeeOnline',cusVal:'GDUNCB'}, 460621={service:'BBIP',operation:'gdQueryBills',cusVal:'GDUNCB'}}, AthLog=, AthTbl=, TIATyp=T, authLvl=00, TransCode=485414, EnpInd=0, sup1Id=, OprLvl=, traceNo=3003440020150311000000015909, endDat=29991231, tlrTmlId=DVID}
  rawData: {crdNo=123456789, betTyp=0, HLogNo=, FeCod=485414, reqJrnNo=0, sup2Auth=, OutSys=, br=441200, sup2Id=, version=v0000001, traceSrc=MB441, sup1Auth=, filler=, authResnTbl=, CUSTOM_VAL={GDUNCB=eupsBusTyp:GDUNCB, ELEC00=eupsBusTyp:ELEC00, GDUNCA=eupsBusTyp:GDUNCA, GDEUPSB=eupsBusTyp:GDEUPSB, GDTRFA=eupsBusTyp:GDTRFA, LOTR01=eupsBusTyp:LOTR01, GDMOBB=eupsBusTyp:GDMOBB, GDMOBA=eupsBusTyp:GDMOBA}, CprInd=0, begDat=19990101, gameId=5, txnCde=TLU6, WS_CALL_MAPPING={485406={service:'BBIP',operation:'queryRegister',cusVal:'GDEUPSB'}, 460511={service:'BBIP',operation:'queryAccount',cusVal:'GDMOBB'}, 485405={service:'BBIP',operation:'lotUpdateRegistInfoAction',cusVal:'GDEUPSB'}, 485404={service:'BBIP',operation:'lotRegist',cusVal:'GDEUPSB'}, 460602={service:'BBIP',operation:'gdUncaTelCharged',cusVal:'GDUNCA'}, 482173={service:'BBIP',operation:'payFeeOnline',cusVal:'GDMOBA'}, 482171={service:'BBIP',operation:'queryUserStatus',cusVal:'GDMOBA',processor:'com.bocom.adapter.system.gd.netAndMobileBank.interceptor.netMBankProcessor'}, 485414={service:'BBIP',operation:'qryLotWinRecord',cusVal:'LOTR01',processor:'com.bocom.adapter.system.gd.netAndMobileBank.interceptor.netMBankProcessor'}, 485413={service:'BBIP',operation:'qryLotTxnJnlInfo',cusVal:'GDEUPSB'}, 485412={service:'BBIP',operation:'cathecticOnTime',cusVal:'GDEUPSB'}, 45={service:'BBIP',operation:'qryCusBaseMsg',cusVal:'ELEC00',processor:'com.bocom.adapter.system.gd.netAndMobileBank.interceptor.netMBankProcessor'}, 460506={service:'BBIP',operation:'cancelCusAgent',cusVal:'GDMOBB'}, 11={service:'BBIP',operation:'tallyOneOnline',cusVal:'ELEC00',processor:'com.bocom.adapter.system.gd.netAndMobileBank.interceptor.netMBankProcessor'}, 10={service:'BBIP',operation:'queryFee',cusVal:'ELEC00',processor:'com.bocom.adapter.system.gd.netAndMobileBank.interceptor.netMBankProcessor'}, 482184={service:'BBIP',operation:'queryUserAttrBal',cusVal:'GDTRFA'}, 482183={service:'BBIP',operation:'payFee',cusVal:'GDTRFA'}, 460501={service:'BBIP',operation:'insertCusAgent',cusVal:'GDMOBB'}, 460622={service:'BBIP',operation:'gdUncbPayFeeOnline',cusVal:'GDUNCB'}, 460621={service:'BBIP',operation:'gdQueryBills',cusVal:'GDUNCB'}}, Sup2Dv=, tlr=ABIA041, AthLog=, AthTbl=, TIATyp=T, authLvl=00, EnpInd=0, TransCode=485414, sup1Id=, OprLvl=, traceNo=3003440020150311000000015909, endDat=29991231, tlrTmlId=DVID}  
20150311_19:08:14.241 com.bocom.jump.bp.support.TRACER [6664085] ::TRACER:: @starting actions template 'simpleTran'  
20150311_19:08:14.241 com.bocom.jump.bp.support.TRACER [6664085] ::TRACER:: Starting executable action 'wsCall', class:com.bocom.adapter.common.action.WSCallAction  
20150311_19:08:14.262 com.bocom.bbip.comp.BBIPPublicServiceImpl$2 [6664106] Get Param using key [ParamCacheKey [systemCode=BBIP, paramName=BK]]  
20150311_19:08:14.266 com.bocom.adapter.system.gd.netAndMobileBank.interceptor.netMBankProcessor [6664110] crdNo:123456789  
20150311_19:08:14.267 com.bocom.adapter.system.gd.netAndMobileBank.interceptor.netMBankProcessor [6664111] betTyp:0  
20150311_19:08:14.267 com.bocom.adapter.system.gd.netAndMobileBank.interceptor.netMBankProcessor [6664111] HLogNo:  
20150311_19:08:14.267 com.bocom.adapter.system.gd.netAndMobileBank.interceptor.netMBankProcessor [6664111] FeCod:485414  
20150311_19:08:14.267 com.bocom.adapter.system.gd.netAndMobileBank.interceptor.netMBankProcessor [6664111] reqJrnNo:0  
20150311_19:08:14.267 com.bocom.adapter.system.gd.netAndMobileBank.interceptor.netMBankProcessor [6664111] sup2Auth:  
20150311_19:08:14.267 com.bocom.adapter.system.gd.netAndMobileBank.interceptor.netMBankProcessor [6664111] OutSys:  
20150311_19:08:14.267 com.bocom.adapter.system.gd.netAndMobileBank.interceptor.netMBankProcessor [6664111] br:01441200999  
20150311_19:08:14.267 com.bocom.adapter.system.gd.netAndMobileBank.interceptor.netMBankProcessor [6664111] sup2Id:  
20150311_19:08:14.267 com.bocom.adapter.system.gd.netAndMobileBank.interceptor.netMBankProcessor [6664111] version:1.0.0  
20150311_19:08:14.267 com.bocom.adapter.system.gd.netAndMobileBank.interceptor.netMBankProcessor [6664111] txnTyp:T  
20150311_19:08:14.267 com.bocom.adapter.system.gd.netAndMobileBank.interceptor.netMBankProcessor [6664111] bk:01441999999  
20150311_19:08:14.268 com.bocom.adapter.system.gd.netAndMobileBank.interceptor.netMBankProcessor [6664112] traceSrc:MB441  
20150311_19:08:14.268 com.bocom.adapter.system.gd.netAndMobileBank.interceptor.netMBankProcessor [6664112] eupsBusTyp:LOTR01  
20150311_19:08:14.268 com.bocom.adapter.system.gd.netAndMobileBank.interceptor.netMBankProcessor [6664112] sup1Auth:  
20150311_19:08:14.268 com.bocom.adapter.system.gd.netAndMobileBank.interceptor.netMBankProcessor [6664112] filler:  
20150311_19:08:14.268 com.bocom.adapter.system.gd.netAndMobileBank.interceptor.netMBankProcessor [6664112] authResnTbl:  
20150311_19:08:14.268 com.bocom.adapter.system.gd.netAndMobileBank.interceptor.netMBankProcessor [6664112] CUSTOM_VAL:{GDUNCB=eupsBusTyp:GDUNCB, ELEC00=eupsBusTyp:ELEC00, GDUNCA=eupsBusTyp:GDUNCA, GDEUPSB=eupsBusTyp:GDEUPSB, GDTRFA=eupsBusTyp:GDTRFA, LOTR01=eupsBusTyp:LOTR01, GDMOBB=eupsBusTyp:GDMOBB, GDMOBA=eupsBusTyp:GDMOBA}  
20150311_19:08:14.268 com.bocom.adapter.system.gd.netAndMobileBank.interceptor.netMBankProcessor [6664112] CprInd:0  
20150311_19:08:14.268 com.bocom.adapter.system.gd.netAndMobileBank.interceptor.netMBankProcessor [6664112] begDat:19990101  
20150311_19:08:14.269 com.bocom.adapter.system.gd.netAndMobileBank.interceptor.netMBankProcessor [6664113] gameId:5  
20150311_19:08:14.269 com.bocom.adapter.system.gd.netAndMobileBank.interceptor.netMBankProcessor [6664113] txnCde:TLU6  
20150311_19:08:14.269 com.bocom.adapter.system.gd.netAndMobileBank.interceptor.netMBankProcessor [6664113] reqTme:Wed Mar 11 19:08:14 CST 2015  
20150311_19:08:14.269 com.bocom.adapter.system.gd.netAndMobileBank.interceptor.netMBankProcessor [6664113] WS_CALL_MAPPING:{485406={service:'BBIP',operation:'queryRegister',cusVal:'GDEUPSB'}, 460511={service:'BBIP',operation:'queryAccount',cusVal:'GDMOBB'}, 485405={service:'BBIP',operation:'lotUpdateRegistInfoAction',cusVal:'GDEUPSB'}, 485404={service:'BBIP',operation:'lotRegist',cusVal:'GDEUPSB'}, 460602={service:'BBIP',operation:'gdUncaTelCharged',cusVal:'GDUNCA'}, 482173={service:'BBIP',operation:'payFeeOnline',cusVal:'GDMOBA'}, 482171={service:'BBIP',operation:'queryUserStatus',cusVal:'GDMOBA',processor:'com.bocom.adapter.system.gd.netAndMobileBank.interceptor.netMBankProcessor'}, 485414={service:'BBIP',operation:'qryLotWinRecord',cusVal:'LOTR01',processor:'com.bocom.adapter.system.gd.netAndMobileBank.interceptor.netMBankProcessor'}, 485413={service:'BBIP',operation:'qryLotTxnJnlInfo',cusVal:'GDEUPSB'}, 485412={service:'BBIP',operation:'cathecticOnTime',cusVal:'GDEUPSB'}, 45={service:'BBIP',operation:'qryCusBaseMsg',cusVal:'ELEC00',processor:'com.bocom.adapter.system.gd.netAndMobileBank.interceptor.netMBankProcessor'}, 460506={service:'BBIP',operation:'cancelCusAgent',cusVal:'GDMOBB'}, 11={service:'BBIP',operation:'tallyOneOnline',cusVal:'ELEC00',processor:'com.bocom.adapter.system.gd.netAndMobileBank.interceptor.netMBankProcessor'}, 10={service:'BBIP',operation:'queryFee',cusVal:'ELEC00',processor:'com.bocom.adapter.system.gd.netAndMobileBank.interceptor.netMBankProcessor'}, 482184={service:'BBIP',operation:'queryUserAttrBal',cusVal:'GDTRFA'}, 482183={service:'BBIP',operation:'payFee',cusVal:'GDTRFA'}, 460501={service:'BBIP',operation:'insertCusAgent',cusVal:'GDMOBB'}, 460622={service:'BBIP',operation:'gdUncbPayFeeOnline',cusVal:'GDUNCB'}, 460621={service:'BBIP',operation:'gdQueryBills',cusVal:'GDUNCB'}}  
20150311_19:08:14.269 com.bocom.adapter.system.gd.netAndMobileBank.interceptor.netMBankProcessor [6664113] Sup2Dv:  
20150311_19:08:14.269 com.bocom.adapter.system.gd.netAndMobileBank.interceptor.netMBankProcessor [6664113] tlr:ABIA041  
20150311_19:08:14.269 com.bocom.adapter.system.gd.netAndMobileBank.interceptor.netMBankProcessor [6664113] AthLog:  
20150311_19:08:14.269 com.bocom.adapter.system.gd.netAndMobileBank.interceptor.netMBankProcessor [6664113] AthTbl:  
20150311_19:08:14.269 com.bocom.adapter.system.gd.netAndMobileBank.interceptor.netMBankProcessor [6664113] TIATyp:T  
20150311_19:08:14.269 com.bocom.adapter.system.gd.netAndMobileBank.interceptor.netMBankProcessor [6664113] authLvl:00  
20150311_19:08:14.270 com.bocom.adapter.system.gd.netAndMobileBank.interceptor.netMBankProcessor [6664114] EnpInd:0  
20150311_19:08:14.270 com.bocom.adapter.system.gd.netAndMobileBank.interceptor.netMBankProcessor [6664114] TransCode:485414  
20150311_19:08:14.270 com.bocom.adapter.system.gd.netAndMobileBank.interceptor.netMBankProcessor [6664114] sup1Id:  
20150311_19:08:14.270 com.bocom.adapter.system.gd.netAndMobileBank.interceptor.netMBankProcessor [6664114] OprLvl:  
20150311_19:08:14.270 com.bocom.adapter.system.gd.netAndMobileBank.interceptor.netMBankProcessor [6664114] traceNo:3003440020150311000000015910  
20150311_19:08:14.270 com.bocom.adapter.system.gd.netAndMobileBank.interceptor.netMBankProcessor [6664114] chn:35  
20150311_19:08:14.270 com.bocom.adapter.system.gd.netAndMobileBank.interceptor.netMBankProcessor [6664114] endDat:29991231  
20150311_19:08:14.270 com.bocom.adapter.system.gd.netAndMobileBank.interceptor.netMBankProcessor [6664114] tlrTmlId:DVID  
20150311_19:08:14.276 org.springframework.ws.client.core.WebServiceTemplate [6664120] Sent request [<?xml version='1.0' encoding='UTF-8'?><soapenv:Envelope xmlns:soapenv="http://schemas.xmlsoap.org/soap/envelope/"><soapenv:Header xmlns:wsa="http://www.w3.org/2005/08/addressing"><wsa:To soapenv:mustUnderstand="0">GDEUPSB</wsa:To><wsa:From><wsa:Address>GDNBADAPTE</wsa:Address></wsa:From><wsa:Action>http://gdeupsb.service.bankcomm.com/basic/atomic/operation.GDEUPSBLotLclService/qryLotWinRecord</wsa:Action><wsa:MessageID>urn:uuid:0514a431-d319-48c5-99d1-0b023b597981</wsa:MessageID></soapenv:Header><soapenv:Body><p0:qryLotWinRecord xmlns:p0="http://gdeupsb.service.bankcomm.com/basic/atomic/operation.GDEUPSBLotLclService/Schema" xmlns:p2="http://bbip.bankcomm.com" xmlns:p1="http://gsp.bankcomm.com"><p1:requestInformation><p1:traceNo>3003440020150311000000015910</p1:traceNo><p1:version>1.0.0</p1:version><p1:traceSrc>MB441</p1:traceSrc></p1:requestInformation><p0:request><p0:requestHeader><p2:bbipRequestHead><p2:txnCde>TLU6</p2:txnCde><p2:chn>35</p2:chn><p2:reqJrnNo>0</p2:reqJrnNo><p2:tlr>ABIA041</p2:tlr><p2:br>01441200999</p2:br><p2:bk>01441999999</p2:bk><p2:tlrTmlId>DVID</p2:tlrTmlId><p2:authLvl>00</p2:authLvl><p2:sup1Id></p2:sup1Id><p2:sup1Auth></p2:sup1Auth><p2:sup2Id></p2:sup2Id><p2:sup2Auth></p2:sup2Auth><p2:filler></p2:filler><p2:reqTme>2015-03-11T19:08:14</p2:reqTme></p2:bbipRequestHead></p0:requestHeader><p0:eupsBusTyp>LOTR01</p0:eupsBusTyp><p0:gameId>5</p0:gameId><p0:crdNo>123456789</p0:crdNo><p0:betTyp>0</p0:betTyp><p0:begDat>19990101</p0:begDat><p0:endDat>29991231</p0:endDat></p0:request></p0:qryLotWinRecord></soapenv:Body></soapenv:Envelope>]  
20150311_19:08:14.932 org.springframework.ws.client.core.WebServiceTemplate [6664776] Received response [<?xml version='1.0' encoding='UTF-8'?><soapenv:Envelope xmlns:soapenv="http://schemas.xmlsoap.org/soap/envelope/"><soapenv:Header xmlns:wsa="http://www.w3.org/2005/08/addressing"><wsa:To soapenv:mustUnderstand="1">GDEUPSB</wsa:To><wsa:From><wsa:Address>GDNBADAPTE</wsa:Address></wsa:From><wsa:Action>http://gdeupsb.service.bankcomm.com/basic/atomic/operation.GDEUPSBLotLclService/qryLotWinRecord</wsa:Action><wsa:MessageID>urn:uuid:6626b7fb-d282-4589-b64f-9f95289e0dcc</wsa:MessageID><wsa:RelatesTo>urn:uuid:0514a431-d319-48c5-99d1-0b023b597981</wsa:RelatesTo></soapenv:Header><soapenv:Body><p0:qryLotWinRecordResponse xmlns:p0="http://gdeupsb.service.bankcomm.com/basic/atomic/operation.GDEUPSBLotLclService/Schema" xmlns:p1="http://gsp.bankcomm.com"><p1:replyInformation><p1:responseType>N</p1:responseType><p1:responseCode>SC0000</p1:responseCode></p1:replyInformation><p0:response><p0:rec><p0:txnLog>201501120004</p0:txnLog><p0:betMul>50</p0:betMul><p0:betLin>01020304201208</p0:betLin><p0:betMod>1</p0:betMod><p0:przAmt>1000</p0:przAmt></p0:rec><p0:rec><p0:txnLog>201501120005</p0:txnLog><p0:betMul>50</p0:betMul><p0:betLin>01020304201215</p0:betLin><p0:betMod>1</p0:betMod><p0:przAmt>800</p0:przAmt></p0:rec></p0:response></p0:qryLotWinRecordResponse></soapenv:Body></soapenv:Envelope>] for request [<?xml version='1.0' encoding='UTF-8'?><soapenv:Envelope xmlns:soapenv="http://schemas.xmlsoap.org/soap/envelope/"><soapenv:Header xmlns:wsa="http://www.w3.org/2005/08/addressing"><wsa:To soapenv:mustUnderstand="0">GDEUPSB</wsa:To><wsa:From><wsa:Address>GDNBADAPTE</wsa:Address></wsa:From><wsa:Action>http://gdeupsb.service.bankcomm.com/basic/atomic/operation.GDEUPSBLotLclService/qryLotWinRecord</wsa:Action><wsa:MessageID>urn:uuid:0514a431-d319-48c5-99d1-0b023b597981</wsa:MessageID></soapenv:Header><soapenv:Body><p0:qryLotWinRecord xmlns:p0="http://gdeupsb.service.bankcomm.com/basic/atomic/operation.GDEUPSBLotLclService/Schema" xmlns:p2="http://bbip.bankcomm.com" xmlns:p1="http://gsp.bankcomm.com"><p1:requestInformation><p1:traceNo>3003440020150311000000015910</p1:traceNo><p1:version>1.0.0</p1:version><p1:traceSrc>MB441</p1:traceSrc></p1:requestInformation><p0:request><p0:requestHeader><p2:bbipRequestHead><p2:txnCde>TLU6</p2:txnCde><p2:chn>35</p2:chn><p2:reqJrnNo>0</p2:reqJrnNo><p2:tlr>ABIA041</p2:tlr><p2:br>01441200999</p2:br><p2:bk>01441999999</p2:bk><p2:tlrTmlId>DVID</p2:tlrTmlId><p2:authLvl>00</p2:authLvl><p2:sup1Id></p2:sup1Id><p2:sup1Auth></p2:sup1Auth><p2:sup2Id></p2:sup2Id><p2:sup2Auth></p2:sup2Auth><p2:filler></p2:filler><p2:reqTme>2015-03-11T19:08:14</p2:reqTme></p2:bbipRequestHead></p0:requestHeader><p0:eupsBusTyp>LOTR01</p0:eupsBusTyp><p0:gameId>5</p0:gameId><p0:crdNo>123456789</p0:crdNo><p0:betTyp>0</p0:betTyp><p0:begDat>19990101</p0:begDat><p0:endDat>29991231</p0:endDat></p0:request></p0:qryLotWinRecord></soapenv:Body></soapenv:Envelope>]  
20150311_19:08:14.935 com.bocom.adapter.system.gd.netAndMobileBank.interceptor.netMBankProcessor [6664779] crdNo:123456789  
20150311_19:08:14.935 com.bocom.adapter.system.gd.netAndMobileBank.interceptor.netMBankProcessor [6664779] betTyp:0  
20150311_19:08:14.935 com.bocom.adapter.system.gd.netAndMobileBank.interceptor.netMBankProcessor [6664779] HLogNo:  
20150311_19:08:14.935 com.bocom.adapter.system.gd.netAndMobileBank.interceptor.netMBankProcessor [6664779] FeCod:485414  
20150311_19:08:14.935 com.bocom.adapter.system.gd.netAndMobileBank.interceptor.netMBankProcessor [6664779] reqJrnNo:0  
20150311_19:08:14.935 com.bocom.adapter.system.gd.netAndMobileBank.interceptor.netMBankProcessor [6664779] sup2Auth:  
20150311_19:08:14.935 com.bocom.adapter.system.gd.netAndMobileBank.interceptor.netMBankProcessor [6664779] OutSys:  
20150311_19:08:14.935 com.bocom.adapter.system.gd.netAndMobileBank.interceptor.netMBankProcessor [6664779] br:01441200999  
20150311_19:08:14.936 com.bocom.adapter.system.gd.netAndMobileBank.interceptor.netMBankProcessor [6664780] sup2Id:  
20150311_19:08:14.936 com.bocom.adapter.system.gd.netAndMobileBank.interceptor.netMBankProcessor [6664780] version:1.0.0  
20150311_19:08:14.936 com.bocom.adapter.system.gd.netAndMobileBank.interceptor.netMBankProcessor [6664780] txnTyp:T  
20150311_19:08:14.936 com.bocom.adapter.system.gd.netAndMobileBank.interceptor.netMBankProcessor [6664780] bk:01441999999  
20150311_19:08:14.936 com.bocom.adapter.system.gd.netAndMobileBank.interceptor.netMBankProcessor [6664780] traceSrc:MB441  
20150311_19:08:14.936 com.bocom.adapter.system.gd.netAndMobileBank.interceptor.netMBankProcessor [6664780] responseType:N  
20150311_19:08:14.936 com.bocom.adapter.system.gd.netAndMobileBank.interceptor.netMBankProcessor [6664780] eupsBusTyp:LOTR01  
20150311_19:08:14.936 com.bocom.adapter.system.gd.netAndMobileBank.interceptor.netMBankProcessor [6664780] sup1Auth:  
20150311_19:08:14.936 com.bocom.adapter.system.gd.netAndMobileBank.interceptor.netMBankProcessor [6664780] filler:  
20150311_19:08:14.936 com.bocom.adapter.system.gd.netAndMobileBank.interceptor.netMBankProcessor [6664780] authResnTbl:  
20150311_19:08:14.936 com.bocom.adapter.system.gd.netAndMobileBank.interceptor.netMBankProcessor [6664780] CUSTOM_VAL:{GDUNCB=eupsBusTyp:GDUNCB, ELEC00=eupsBusTyp:ELEC00, GDUNCA=eupsBusTyp:GDUNCA, GDEUPSB=eupsBusTyp:GDEUPSB, GDTRFA=eupsBusTyp:GDTRFA, LOTR01=eupsBusTyp:LOTR01, GDMOBB=eupsBusTyp:GDMOBB, GDMOBA=eupsBusTyp:GDMOBA}  
20150311_19:08:14.936 com.bocom.adapter.system.gd.netAndMobileBank.interceptor.netMBankProcessor [6664780] responseCode:SC0000  
20150311_19:08:14.937 com.bocom.adapter.system.gd.netAndMobileBank.interceptor.netMBankProcessor [6664781] CprInd:0  
20150311_19:08:14.937 com.bocom.adapter.system.gd.netAndMobileBank.interceptor.netMBankProcessor [6664781] begDat:19990101  
20150311_19:08:14.937 com.bocom.adapter.system.gd.netAndMobileBank.interceptor.netMBankProcessor [6664781] gameId:5  
20150311_19:08:14.937 com.bocom.adapter.system.gd.netAndMobileBank.interceptor.netMBankProcessor [6664781] txnCde:TLU6  
20150311_19:08:14.937 com.bocom.adapter.system.gd.netAndMobileBank.interceptor.netMBankProcessor [6664781] reqTme:Wed Mar 11 19:08:14 CST 2015  
20150311_19:08:14.937 com.bocom.adapter.system.gd.netAndMobileBank.interceptor.netMBankProcessor [6664781] WS_CALL_MAPPING:{485406={service:'BBIP',operation:'queryRegister',cusVal:'GDEUPSB'}, 460511={service:'BBIP',operation:'queryAccount',cusVal:'GDMOBB'}, 485405={service:'BBIP',operation:'lotUpdateRegistInfoAction',cusVal:'GDEUPSB'}, 485404={service:'BBIP',operation:'lotRegist',cusVal:'GDEUPSB'}, 460602={service:'BBIP',operation:'gdUncaTelCharged',cusVal:'GDUNCA'}, 482173={service:'BBIP',operation:'payFeeOnline',cusVal:'GDMOBA'}, 482171={service:'BBIP',operation:'queryUserStatus',cusVal:'GDMOBA',processor:'com.bocom.adapter.system.gd.netAndMobileBank.interceptor.netMBankProcessor'}, 485414={service:'BBIP',operation:'qryLotWinRecord',cusVal:'LOTR01',processor:'com.bocom.adapter.system.gd.netAndMobileBank.interceptor.netMBankProcessor'}, 485413={service:'BBIP',operation:'qryLotTxnJnlInfo',cusVal:'GDEUPSB'}, 485412={service:'BBIP',operation:'cathecticOnTime',cusVal:'GDEUPSB'}, 45={service:'BBIP',operation:'qryCusBaseMsg',cusVal:'ELEC00',processor:'com.bocom.adapter.system.gd.netAndMobileBank.interceptor.netMBankProcessor'}, 460506={service:'BBIP',operation:'cancelCusAgent',cusVal:'GDMOBB'}, 11={service:'BBIP',operation:'tallyOneOnline',cusVal:'ELEC00',processor:'com.bocom.adapter.system.gd.netAndMobileBank.interceptor.netMBankProcessor'}, 10={service:'BBIP',operation:'queryFee',cusVal:'ELEC00',processor:'com.bocom.adapter.system.gd.netAndMobileBank.interceptor.netMBankProcessor'}, 482184={service:'BBIP',operation:'queryUserAttrBal',cusVal:'GDTRFA'}, 482183={service:'BBIP',operation:'payFee',cusVal:'GDTRFA'}, 460501={service:'BBIP',operation:'insertCusAgent',cusVal:'GDMOBB'}, 460622={service:'BBIP',operation:'gdUncbPayFeeOnline',cusVal:'GDUNCB'}, 460621={service:'BBIP',operation:'gdQueryBills',cusVal:'GDUNCB'}}  
20150311_19:08:14.937 com.bocom.adapter.system.gd.netAndMobileBank.interceptor.netMBankProcessor [6664781] Sup2Dv:  
20150311_19:08:14.937 com.bocom.adapter.system.gd.netAndMobileBank.interceptor.netMBankProcessor [6664781] tlr:ABIA041  
20150311_19:08:14.937 com.bocom.adapter.system.gd.netAndMobileBank.interceptor.netMBankProcessor [6664781] AthLog:  
20150311_19:08:14.938 com.bocom.adapter.system.gd.netAndMobileBank.interceptor.netMBankProcessor [6664782] AthTbl:  
20150311_19:08:14.938 com.bocom.adapter.system.gd.netAndMobileBank.interceptor.netMBankProcessor [6664782] TIATyp:T  
20150311_19:08:14.938 com.bocom.adapter.system.gd.netAndMobileBank.interceptor.netMBankProcessor [6664782] authLvl:00  
20150311_19:08:14.938 com.bocom.adapter.system.gd.netAndMobileBank.interceptor.netMBankProcessor [6664782] EnpInd:0  
20150311_19:08:14.938 com.bocom.adapter.system.gd.netAndMobileBank.interceptor.netMBankProcessor [6664782] TransCode:485414  
20150311_19:08:14.938 com.bocom.adapter.system.gd.netAndMobileBank.interceptor.netMBankProcessor [6664782] rec:[{betMul=50, przAmt=1000, txnLog=201501120004, betMod=1, betLin=01020304201208}, {betMul=50, przAmt=800, txnLog=201501120005, betMod=1, betLin=01020304201215}]  
20150311_19:08:14.938 com.bocom.adapter.system.gd.netAndMobileBank.interceptor.netMBankProcessor [6664782] sup1Id:  
20150311_19:08:14.938 com.bocom.adapter.system.gd.netAndMobileBank.interceptor.netMBankProcessor [6664782] OprLvl:  
20150311_19:08:14.938 com.bocom.adapter.system.gd.netAndMobileBank.interceptor.netMBankProcessor [6664782] traceNo:3003440020150311000000015910  
20150311_19:08:14.939 com.bocom.adapter.system.gd.netAndMobileBank.interceptor.netMBankProcessor [6664783] chn:35  
20150311_19:08:14.939 com.bocom.adapter.system.gd.netAndMobileBank.interceptor.netMBankProcessor [6664783] endDat:29991231  
20150311_19:08:14.939 com.bocom.adapter.system.gd.netAndMobileBank.interceptor.netMBankProcessor [6664783] tlrTmlId:DVID  
20150311_19:08:14.939 com.bocom.jump.bp.support.TRACER [6664783] ::TRACER:: Finished action 'wsCall'  
20150311_19:08:14.939 com.bocom.jump.bp.support.TRACER [6664783] ::TRACER:: @finished actions template 'simpleTran'  
20150311_19:08:14.940 com.bocom.adapter.common.interceptor.TransformInterceptorExt [6664784] <<<<<< Endpoint Replay <<<<<<  
20150311_19:08:14.940 com.bocom.adapter.common.interceptor.TransformInterceptorExt [6664784] replay byteMessage:
00000000  30 30 30 30 30 35 31 34  20 20 20 4e 53 43 30 30  00000514   NSC00
00000010  30 30 20 20 20 20 20 20  20 20 20 20 20 20 20 20  00              
00000020  20 20 20 30 30 30 30 30  30 20 20 20 20 20 20 20     000000       
00000030  20 20 20 20 20 20 20 20  20 20 20 20 20 20 20 20                  
00000040  20 20 20 20 20 20 20 20  20 20 20 20 20 20 20 20                  
00000050  20 20 20 20 20 20 20 30  30 20 20 20 20 20 20 20         00       
00000060  20 20 20 20 20 20 20 20  20 20 20 20 20 20 20 20                  
00000070  20 20 20 20 20 20 20 20  20 20 20 20 20 20 20 20                  
00000080  32 30 31 35 30 31 31 32  30 30 30 34 20 20 20 20  201501120004    
00000090  20 20 20 20 20 20 20 20  20 20 20 20 20 20 20 20                  
000000a0  20 20 20 20 20 20 20 20  20 20 20 20 20 20 35 30                50
000000b0  20 30 31 30 32 30 33 30  34 32 30 31 32 30 38 20   01020304201208 
000000c0  20 20 20 20 20 20 20 20  20 20 20 20 20 20 20 20                  
000000d0  20 20 20 20 20 20 20 20  20 20 20 20 20 20 20 20                  
000000e0  20 20 20 20 20 20 20 20  20 20 20 20 20 20 20 20                  
000000f0  20 20 20 20 20 20 20 20  20 20 20 20 20 20 20 20                  
00000100  20 20 20 20 20 20 20 20  20 20 20 20 20 20 20 20                  
00000110  20 20 20 20 20 20 20 20  20 20 20 20 20 20 20 20                  
00000120  20 20 20 20 20 20 20 20  20 20 20 20 20 20 20 20                  
00000130  20 31 20 20 20 20 31 30  30 30 20 20 20 20 20 20   1    1000      
00000140  20 20 20 20 20 32 30 31  35 30 31 31 32 30 30 30       20150112000
00000150  35 20 20 20 20 20 20 20  20 20 20 20 20 20 20 20  5               
00000160  20 20 20 20 20 20 20 20  20 20 20 20 20 20 20 20                  
00000170  20 20 20 35 30 20 30 31  30 32 30 33 30 34 32 30     50 0102030420
00000180  31 32 31 35 20 20 20 20  20 20 20 20 20 20 20 20  1215            
00000190  20 20 20 20 20 20 20 20  20 20 20 20 20 20 20 20                  
000001a0  20 20 20 20 20 20 20 20  20 20 20 20 20 20 20 20                  
000001b0  20 20 20 20 20 20 20 20  20 20 20 20 20 20 20 20                  
000001c0  20 20 20 20 20 20 20 20  20 20 20 20 20 20 20 20                  
000001d0  20 20 20 20 20 20 20 20  20 20 20 20 20 20 20 20                  
000001e0  20 20 20 20 20 20 20 20  20 20 20 20 20 20 20 20                  
000001f0  20 20 20 20 20 20 31 20  20 20 20 38 30 30 20 20        1    800  
00000200  20 20 20 20 20 20 20 20  20 20                              
  
20150311_19:08:14.940 com.bocom.adapter.common.interceptor.TransformInterceptorExt [6664784] <<<<<< Endpoint replay,consumed time:701 <<<<<<  
