20150325_15:41:16.823 [DefaultMessageListenerContainer-1] [org.springframework.jms.listener.DefaultMessageListenerContainer][212233]     [hostName:PC2014101864    ] Received message of type [class weblogic.jms.common.BytesMessageImpl] from consumer [weblogic.jms.client.WLConsumerImpl@13a7cbc] of session [weblogic.jms.client.WLSessionImpl@d3216c]
20150325_15:41:19.055 [DefaultMessageListenerContainer-1] [com.bocom.bbip.channel.jms.BGSPWebServiceMessageListener][214465]     [hostName:PC2014101864    ] Create  MQ connection
20150325_15:41:19.352 [DefaultMessageListenerContainer-1] [com.bocom.bbip.channel.jms.BGSPWebServiceMessageListener][214762]     [hostName:PC2014101864    ] Create MQ  session connection
20150325_15:41:19.414 [DefaultMessageListenerContainer-1] [com.bocom.bbip.channel.jms.BGSPWebServiceMessageListener][214824]     [hostName:PC2014101864    ] Accepting incoming [org.springframework.ws.transport.jms.BGSPJmsReceiverConnection@9205f] to [jms:BBIP_JMS_MODULE!JMS_CLUSTER_SVR_02@GDEUPSB.WS.REQ]
20150325_15:41:19.789 [DefaultMessageListenerContainer-1] [org.apache.axiom.soap.impl.builder.StAXSOAPModelBuilder][215199]     [hostName:PC2014101864    ] Build the OMElement Envelope by the StaxSOAPModelBuilder
20150325_15:41:19.867 [DefaultMessageListenerContainer-1] [org.apache.axiom.soap.impl.builder.StAXSOAPModelBuilder][215277]     [hostName:PC2014101864    ] Build the OMElement Header by the StaxSOAPModelBuilder
20150325_15:41:19.898 [DefaultMessageListenerContainer-1] [org.apache.axiom.soap.impl.builder.StAXSOAPModelBuilder][215308]     [hostName:PC2014101864    ] Build the OMElement To by the StaxSOAPModelBuilder
20150325_15:41:19.898 [DefaultMessageListenerContainer-1] [org.apache.axiom.soap.impl.builder.StAXSOAPModelBuilder][215308]     [hostName:PC2014101864    ] Build the OMElement From by the StaxSOAPModelBuilder
20150325_15:41:19.898 [DefaultMessageListenerContainer-1] [org.apache.axiom.soap.impl.builder.StAXSOAPModelBuilder][215308]     [hostName:PC2014101864    ] Build the OMElement Address by the StaxSOAPModelBuilder
20150325_15:41:19.898 [DefaultMessageListenerContainer-1] [org.apache.axiom.soap.impl.builder.StAXSOAPModelBuilder][215308]     [hostName:PC2014101864    ] Build the OMElement Action by the StaxSOAPModelBuilder
20150325_15:41:19.898 [DefaultMessageListenerContainer-1] [org.apache.axiom.soap.impl.builder.StAXSOAPModelBuilder][215308]     [hostName:PC2014101864    ] Build the OMElement MessageID by the StaxSOAPModelBuilder
20150325_15:41:19.914 [DefaultMessageListenerContainer-1] [org.apache.axiom.soap.impl.builder.StAXSOAPModelBuilder][215324]     [hostName:PC2014101864    ] Build the OMElement Body by the StaxSOAPModelBuilder
20150325_15:41:19.914 [DefaultMessageListenerContainer-1] [org.apache.axiom.soap.impl.builder.StAXSOAPModelBuilder][215324]     [hostName:PC2014101864    ] Build the OMElement lotUpdateRegistInfoAction by the StaxSOAPModelBuilder
20150325_15:41:19.914 [DefaultMessageListenerContainer-1] [org.springframework.ws.server.MessageTracing.received][215324]     [hostName:PC2014101864    ] Received request [AxiomSoapMessage {http://gdeupsb.service.bankcomm.com/basic/atomic/operation.GDEUPSBLotService/Schema}lotUpdateRegistInfoAction]
20150325_15:41:19.914 [DefaultMessageListenerContainer-1] [org.springframework.ws.soap.server.SoapMessageDispatcher][215324]     [hostName:PC2014101864    ] Endpoint mapping [com.bocom.jump.bp.channel.ws.srv.WebServiceEndpointMapping@9723df] maps request to endpoint [com.bocom.jump.bp.channel.ws.srv.WebServiceEndpointMapping@9723df]
20150325_15:41:19.976 [DefaultMessageListenerContainer-1] [org.springframework.ws.soap.server.SoapMessageDispatcher][215386]     [hostName:PC2014101864    ] Testing endpoint adapter [org.springframework.ws.server.endpoint.adapter.MessageEndpointAdapter@ec40c]
20150325_15:41:20.023 [DefaultMessageListenerContainer-1] [org.apache.axiom.soap.impl.builder.StAXSOAPModelBuilder][215433]     [hostName:PC2014101864    ] Build the OMElement requestInformation by the StaxSOAPModelBuilder
20150325_15:41:20.038 [DefaultMessageListenerContainer-1] [org.apache.axiom.soap.impl.builder.StAXSOAPModelBuilder][215448]     [hostName:PC2014101864    ] Build the OMElement traceNo by the StaxSOAPModelBuilder
20150325_15:41:20.038 [DefaultMessageListenerContainer-1] [com.bocom.jump.bp.channel.ws.srv.a][215448]     [hostName:PC2014101864    ] use default endpoint.
20150325_15:41:20.054 [DefaultMessageListenerContainer-1] [org.springframework.beans.factory.support.DefaultListableBeanFactory][215464]     [hostName:PC2014101864    ] Returning cached instance of singleton bean 'serviceRegistry'
20150325_15:41:20.350 [DefaultMessageListenerContainer-1] [org.apache.axiom.soap.impl.builder.StAXSOAPModelBuilder][215760]     [hostName:PC2014101864 requestId:4FE0E136-FF00-0037-0068-91065F8D4A88   ] Build the OMElement version by the StaxSOAPModelBuilder
20150325_15:41:20.366 [DefaultMessageListenerContainer-1] [org.apache.axiom.soap.impl.builder.StAXSOAPModelBuilder][215776]     [hostName:PC2014101864 requestId:4FE0E136-FF00-0037-0068-91065F8D4A88   ] Build the OMElement traceSrc by the StaxSOAPModelBuilder
20150325_15:41:20.366 [DefaultMessageListenerContainer-1] [org.apache.axiom.soap.impl.builder.StAXSOAPModelBuilder][215776]     [hostName:PC2014101864 requestId:4FE0E136-FF00-0037-0068-91065F8D4A88   ] Build the OMElement request by the StaxSOAPModelBuilder
20150325_15:41:20.366 [DefaultMessageListenerContainer-1] [org.apache.axiom.soap.impl.builder.StAXSOAPModelBuilder][215776]     [hostName:PC2014101864 requestId:4FE0E136-FF00-0037-0068-91065F8D4A88   ] Build the OMElement requestHeader by the StaxSOAPModelBuilder
20150325_15:41:20.366 [DefaultMessageListenerContainer-1] [org.apache.axiom.soap.impl.builder.StAXSOAPModelBuilder][215776]     [hostName:PC2014101864 requestId:4FE0E136-FF00-0037-0068-91065F8D4A88   ] Build the OMElement bbipRequestHead by the StaxSOAPModelBuilder
20150325_15:41:20.366 [DefaultMessageListenerContainer-1] [org.apache.axiom.soap.impl.builder.StAXSOAPModelBuilder][215776]     [hostName:PC2014101864 requestId:4FE0E136-FF00-0037-0068-91065F8D4A88   ] Build the OMElement txnCde by the StaxSOAPModelBuilder
20150325_15:41:20.366 [DefaultMessageListenerContainer-1] [org.apache.axiom.soap.impl.builder.StAXSOAPModelBuilder][215776]     [hostName:PC2014101864 requestId:4FE0E136-FF00-0037-0068-91065F8D4A88   ] Build the OMElement chn by the StaxSOAPModelBuilder
20150325_15:41:20.366 [DefaultMessageListenerContainer-1] [org.apache.axiom.soap.impl.builder.StAXSOAPModelBuilder][215776]     [hostName:PC2014101864 requestId:4FE0E136-FF00-0037-0068-91065F8D4A88   ] Build the OMElement reqJrnNo by the StaxSOAPModelBuilder
20150325_15:41:20.366 [DefaultMessageListenerContainer-1] [org.apache.axiom.soap.impl.builder.StAXSOAPModelBuilder][215776]     [hostName:PC2014101864 requestId:4FE0E136-FF00-0037-0068-91065F8D4A88   ] Build the OMElement tlr by the StaxSOAPModelBuilder
20150325_15:41:20.366 [DefaultMessageListenerContainer-1] [org.apache.axiom.soap.impl.builder.StAXSOAPModelBuilder][215776]     [hostName:PC2014101864 requestId:4FE0E136-FF00-0037-0068-91065F8D4A88   ] Build the OMElement br by the StaxSOAPModelBuilder
20150325_15:41:20.366 [DefaultMessageListenerContainer-1] [org.apache.axiom.soap.impl.builder.StAXSOAPModelBuilder][215776]     [hostName:PC2014101864 requestId:4FE0E136-FF00-0037-0068-91065F8D4A88   ] Build the OMElement bk by the StaxSOAPModelBuilder
20150325_15:41:20.366 [DefaultMessageListenerContainer-1] [org.apache.axiom.soap.impl.builder.StAXSOAPModelBuilder][215776]     [hostName:PC2014101864 requestId:4FE0E136-FF00-0037-0068-91065F8D4A88   ] Build the OMElement tlrTmlId by the StaxSOAPModelBuilder
20150325_15:41:20.366 [DefaultMessageListenerContainer-1] [org.apache.axiom.soap.impl.builder.StAXSOAPModelBuilder][215776]     [hostName:PC2014101864 requestId:4FE0E136-FF00-0037-0068-91065F8D4A88   ] Build the OMElement authLvl by the StaxSOAPModelBuilder
20150325_15:41:20.366 [DefaultMessageListenerContainer-1] [org.apache.axiom.soap.impl.builder.StAXSOAPModelBuilder][215776]     [hostName:PC2014101864 requestId:4FE0E136-FF00-0037-0068-91065F8D4A88   ] Build the OMElement sup1Id by the StaxSOAPModelBuilder
20150325_15:41:20.366 [DefaultMessageListenerContainer-1] [org.apache.axiom.soap.impl.builder.StAXSOAPModelBuilder][215776]     [hostName:PC2014101864 requestId:4FE0E136-FF00-0037-0068-91065F8D4A88   ] Build the OMElement sup1Auth by the StaxSOAPModelBuilder
20150325_15:41:20.366 [DefaultMessageListenerContainer-1] [org.apache.axiom.soap.impl.builder.StAXSOAPModelBuilder][215776]     [hostName:PC2014101864 requestId:4FE0E136-FF00-0037-0068-91065F8D4A88   ] Build the OMElement sup2Id by the StaxSOAPModelBuilder
20150325_15:41:20.366 [DefaultMessageListenerContainer-1] [org.apache.axiom.soap.impl.builder.StAXSOAPModelBuilder][215776]     [hostName:PC2014101864 requestId:4FE0E136-FF00-0037-0068-91065F8D4A88   ] Build the OMElement sup2Auth by the StaxSOAPModelBuilder
20150325_15:41:20.366 [DefaultMessageListenerContainer-1] [org.apache.axiom.soap.impl.builder.StAXSOAPModelBuilder][215776]     [hostName:PC2014101864 requestId:4FE0E136-FF00-0037-0068-91065F8D4A88   ] Build the OMElement filler by the StaxSOAPModelBuilder
20150325_15:41:20.366 [DefaultMessageListenerContainer-1] [org.apache.axiom.soap.impl.builder.StAXSOAPModelBuilder][215776]     [hostName:PC2014101864 requestId:4FE0E136-FF00-0037-0068-91065F8D4A88   ] Build the OMElement reqTme by the StaxSOAPModelBuilder
20150325_15:41:20.366 [DefaultMessageListenerContainer-1] [org.apache.axiom.soap.impl.builder.StAXSOAPModelBuilder][215776]     [hostName:PC2014101864 requestId:4FE0E136-FF00-0037-0068-91065F8D4A88   ] Build the OMElement eupsBusTyp by the StaxSOAPModelBuilder
20150325_15:41:20.366 [DefaultMessageListenerContainer-1] [org.apache.axiom.soap.impl.builder.StAXSOAPModelBuilder][215776]     [hostName:PC2014101864 requestId:4FE0E136-FF00-0037-0068-91065F8D4A88   ] Build the OMElement cusNam by the StaxSOAPModelBuilder
20150325_15:41:20.366 [DefaultMessageListenerContainer-1] [org.apache.axiom.soap.impl.builder.StAXSOAPModelBuilder][215776]     [hostName:PC2014101864 requestId:4FE0E136-FF00-0037-0068-91065F8D4A88   ] Build the OMElement crdNo by the StaxSOAPModelBuilder
20150325_15:41:20.366 [DefaultMessageListenerContainer-1] [org.apache.axiom.soap.impl.builder.StAXSOAPModelBuilder][215776]     [hostName:PC2014101864 requestId:4FE0E136-FF00-0037-0068-91065F8D4A88   ] Build the OMElement idTyp by the StaxSOAPModelBuilder
20150325_15:41:20.366 [DefaultMessageListenerContainer-1] [org.apache.axiom.soap.impl.builder.StAXSOAPModelBuilder][215776]     [hostName:PC2014101864 requestId:4FE0E136-FF00-0037-0068-91065F8D4A88   ] Build the OMElement idNo by the StaxSOAPModelBuilder
20150325_15:41:20.366 [DefaultMessageListenerContainer-1] [org.apache.axiom.soap.impl.builder.StAXSOAPModelBuilder][215776]     [hostName:PC2014101864 requestId:4FE0E136-FF00-0037-0068-91065F8D4A88   ] Build the OMElement mobTel by the StaxSOAPModelBuilder
20150325_15:41:20.383 [DefaultMessageListenerContainer-1] [com.bocom.jump.bp.channel.ws.srv.WebServiceEndpointMapping][215793]     [hostName:PC2014101864 requestId:4FE0E136-FF00-0037-0068-91065F8D4A88   ] Unmarshalled payload request to [{idNo=412828188903181818, crdNo=6222600710016444491, cusNam=guilin1314, QNameMapping.current={http://gdeupsb.service.bankcomm.com/basic/atomic/operation.GDEUPSBLotService/Schema}lotUpdateRegistInfoAction, reqJrnNo=0, txnCde=TLU6, reqTme=2015-03-25 15:41:14.0, sup2Auth=, tlr=ABIA041, br=01441200999, sup2Id=, mobTel=13162036201, version=1.0.0, authLvl=00, sup1Id=, bk=441999, idTyp=12, traceSrc=MB441, eupsBusTyp=GDEUPSB, sup1Auth=, traceNo=12345620150325000000003002, chn=35, filler=, tlrTmlId=DVID}]
20150325_15:41:20.383 [DefaultMessageListenerContainer-1] [com.bocom.jump.bp.channel.ws.srv.WebServiceEndpointMapping][215793]     [hostName:PC2014101864 requestId:4FE0E136-FF00-0037-0068-91065F8D4A88   ] request data: {idNo=412828188903181818, crdNo=6222600710016444491, cusNam=guilin1314, QNameMapping.current={http://gdeupsb.service.bankcomm.com/basic/atomic/operation.GDEUPSBLotService/Schema}lotUpdateRegistInfoAction, reqJrnNo=0, txnCde=TLU6, reqTme=2015-03-25 15:41:14.0, sup2Auth=, tlr=ABIA041, br=01441200999, sup2Id=, mobTel=13162036201, version=1.0.0, authLvl=00, sup1Id=, bk=441999, idTyp=12, traceSrc=MB441, eupsBusTyp=GDEUPSB, sup1Auth=, traceNo=12345620150325000000003002, chn=35, filler=, tlrTmlId=DVID}
20150325_15:41:20.383 [DefaultMessageListenerContainer-1] [com.bocom.jump.bp.channel.ws.srv.WebServiceEndpointMapping][215793]     [hostName:PC2014101864 requestId:4FE0E136-FF00-0037-0068-91065F8D4A88   ] mapping QName to identity: {http://gdeupsb.service.bankcomm.com/basic/atomic/operation.GDEUPSBLotService/Schema}lotUpdateRegistInfoAction -> gdeupsb.lotUpdateRegistInfo
20150325_15:41:20.383 [DefaultMessageListenerContainer-1] [org.springframework.beans.factory.support.DefaultListableBeanFactory][215793]     [hostName:PC2014101864 requestId:4FE0E136-FF00-0037-0068-91065F8D4A88   ] Returning cached instance of singleton bean 'coreDispatcher'
20150325_15:41:20.398 [DefaultMessageListenerContainer-1] [com.bocom.jump.bp.support.TRACER][215808]     [hostName:PC2014101864 requestId:4FE0E136-FF00-0037-0068-91065F8D4A88   ] ::TRACER:: dispatching with context 
context[id=gdeupsb.lotUpdateRegistInfo, locale=zh_CN, timestamp=2015-03-25 15:41:20.054, requestId=4FE0E136-FF00-0037-0068-91065F8D4A88]
  dataMap: {idNo=412828188903181818, crdNo=6222600710016444491, cusNam=guilin1314, reqTme=2015-03-25 15:41:14.0, txnCde=TLU6, reqJrnNo=0, sup2Auth=, tlr=ABIA041, br=01441200999, mobTel=13162036201, sup2Id=, version=1.0.0, authLvl=00, sup1Id=, idTyp=12, bk=441999, traceSrc=MB441, eupsBusTyp=GDEUPSB, traceNo=12345620150325000000003002, sup1Auth=, chn=35, filler=, tlrTmlId=DVID}
  rawData: {idNo=412828188903181818, crdNo=6222600710016444491, cusNam=guilin1314, reqJrnNo=0, txnCde=TLU6, reqTme=2015-03-25 15:41:14.0, sup2Auth=, tlr=ABIA041, br=01441200999, sup2Id=, mobTel=13162036201, version=1.0.0, authLvl=00, sup1Id=, bk=441999, idTyp=12, traceSrc=MB441, eupsBusTyp=GDEUPSB, sup1Auth=, traceNo=12345620150325000000003002, chn=35, filler=, tlrTmlId=DVID}
  requestMap: {QNameMapping.current={http://gdeupsb.service.bankcomm.com/basic/atomic/operation.GDEUPSBLotService/Schema}lotUpdateRegistInfoAction}
20150325_15:41:20.398 [DefaultMessageListenerContainer-1] [org.springframework.beans.factory.support.DefaultListableBeanFactory][215808]     [hostName:PC2014101864 requestId:4FE0E136-FF00-0037-0068-91065F8D4A88   ] Returning cached instance of singleton bean 'gdeupsb.lotUpdateRegistInfo'
20150325_15:41:20.398 [DefaultMessageListenerContainer-1] [org.springframework.beans.factory.support.DefaultListableBeanFactory][215808]     [hostName:PC2014101864 requestId:4FE0E136-FF00-0037-0068-91065F8D4A88   ] Returning cached instance of singleton bean 'eups.transMessageInterceptor'
20150325_15:41:20.398 [DefaultMessageListenerContainer-1] [com.bocom.jump.bp.processTracing][215808]     [hostName:PC2014101864 requestId:4FE0E136-FF00-0037-0068-91065F8D4A88 processId_gdeupsb.lotUpdateRegistInfo  ] 
20150325_15:41:20.445 [DefaultMessageListenerContainer-1] [org.springframework.beans.factory.support.DefaultListableBeanFactory][215855]     [hostName:PC2014101864 requestId:4FE0E136-FF00-0037-0068-91065F8D4A88 processId_gdeupsb.lotUpdateRegistInfo  ] Returning cached instance of singleton bean 'sqlMap'
20150325_15:41:20.461 [DefaultMessageListenerContainer-1] [org.springframework.jdbc.datasource.DataSourceUtils][215871]     [hostName:PC2014101864 requestId:4FE0E136-FF00-0037-0068-91065F8D4A88 processId_gdeupsb.lotUpdateRegistInfo  ] Fetching JDBC Connection from DataSource
20150325_15:41:20.461 [DefaultMessageListenerContainer-1] [com.bocom.jump.bp.service.sqlmap.support.SqlSessionUtils][215871]     [hostName:PC2014101864 requestId:4FE0E136-FF00-0037-0068-91065F8D4A88 processId_gdeupsb.lotUpdateRegistInfo  ] Creating SqlSession with JDBC Connection [ProxyConnection[PooledConnection[com.ibm.db2.jcc.t4.b@a8f63]]]
20150325_15:41:20.476 [DefaultMessageListenerContainer-1] [java.sql.Connection][215886]     [hostName:PC2014101864 requestId:4FE0E136-FF00-0037-0068-91065F8D4A88 processId_gdeupsb.lotUpdateRegistInfo  ] ooo Connection Opened
20150325_15:41:20.476 [DefaultMessageListenerContainer-1] [com.bocom.jump.bp.service.sqlmap.support.SpringManagedTransaction][215886]     [hostName:PC2014101864 requestId:4FE0E136-FF00-0037-0068-91065F8D4A88 processId_gdeupsb.lotUpdateRegistInfo  ] JDBC Connection [ProxyConnection[PooledConnection[com.ibm.db2.jcc.t4.b@a8f63]]] will not be managed by Spring
20150325_15:41:20.507 [DefaultMessageListenerContainer-1] [com.bocom.jump.bp.service.sqlmap.support.SqlSessionUtils][215917]     [hostName:PC2014101864 requestId:4FE0E136-FF00-0037-0068-91065F8D4A88 processId_gdeupsb.lotUpdateRegistInfo  ] SqlSession [org.apache.ibatis.session.defaults.DefaultSqlSession@6278ac] was not registered for synchronization because synchronization is not active
20150325_15:41:20.507 [DefaultMessageListenerContainer-1] [com.bocom.jump.bp.service.sqlmap.impl.SqlMapImpl][215917]     [hostName:PC2014101864 requestId:4FE0E136-FF00-0037-0068-91065F8D4A88 processId_gdeupsb.lotUpdateRegistInfo  ] Opened SqlSession [org.apache.ibatis.session.defaults.DefaultSqlSession@6278ac] for iBATIS operation
20150325_15:41:20.819 [DefaultMessageListenerContainer-1] [java.sql.PreparedStatement][216229]     [hostName:PC2014101864 requestId:4FE0E136-FF00-0037-0068-91065F8D4A88 processId_gdeupsb.lotUpdateRegistInfo  ] ==>  Executing: select COM_NO, BUS_KND, EUPS_BUS_TYP, CMU_MDE, PKG_LEN_TYP, PKG_LEN_POS_LEN, THD_IP_ADR, BID_POT, LSD_POT, COM_NME, SIG_SET_TYP, SIG_TME, SIG_OUT_TME, THD_RCN_TME, TXN_TME_CTL1, TXN_TME_CTL2, TXN_DTE_CTL1, TXN_DTE_CTL2, TXN_DTE_CTL3, CMT_FLG, BIL_VOU_FLG, THD_RVS_FLG, CMU_UNM, CMU_PSW, TME_OUT, CMU_STS, CMU_KEY, USE_STS from EUPS.EUPS_THD_BASE_INFO WHERE EUPS_BUS_TYP=? AND USE_STS=? 
20150325_15:41:20.819 [DefaultMessageListenerContainer-1] [java.sql.PreparedStatement][216229]     [hostName:PC2014101864 requestId:4FE0E136-FF00-0037-0068-91065F8D4A88 processId_gdeupsb.lotUpdateRegistInfo  ] ==> Parameters: GDEUPSB(String), 0(String)
20150325_15:41:20.866 [DefaultMessageListenerContainer-1] [com.bocom.jump.bp.service.sqlmap.support.SqlSessionUtils][216276]     [hostName:PC2014101864 requestId:4FE0E136-FF00-0037-0068-91065F8D4A88 processId_gdeupsb.lotUpdateRegistInfo  ] Closing no transactional SqlSession [org.apache.ibatis.session.defaults.DefaultSqlSession@6278ac]
20150325_15:41:20.866 [DefaultMessageListenerContainer-1] [org.springframework.jdbc.datasource.DataSourceUtils][216276]     [hostName:PC2014101864 requestId:4FE0E136-FF00-0037-0068-91065F8D4A88 processId_gdeupsb.lotUpdateRegistInfo  ] Returning JDBC Connection to DataSource
20150325_15:41:20.913 [DefaultMessageListenerContainer-1] [com.bocom.bbip.eups.interceptor.TransMessageInterceptor][216323]     [hostName:PC2014101864 requestId:4FE0E136-FF00-0037-0068-91065F8D4A88 processId_gdeupsb.lotUpdateRegistInfo  ] sqn is:20150325000000003101
20150325_15:41:20.913 [DefaultMessageListenerContainer-1] [org.springframework.beans.factory.support.DefaultListableBeanFactory][216323]     [hostName:PC2014101864 requestId:4FE0E136-FF00-0037-0068-91065F8D4A88 processId_gdeupsb.lotUpdateRegistInfo  ] Returning cached instance of singleton bean 'eups.simpleTran'
20150325_15:41:20.913 [DefaultMessageListenerContainer-1] [com.bocom.jump.bp.support.TRACER][216323]     [hostName:PC2014101864 requestId:4FE0E136-FF00-0037-0068-91065F8D4A88 processId_gdeupsb.lotUpdateRegistInfo  ] ::TRACER:: @starting actions template 'eups.simpleTran'
20150325_15:41:20.929 [DefaultMessageListenerContainer-1] [org.springframework.jdbc.datasource.DataSourceTransactionManager][216339]     [hostName:PC2014101864 requestId:4FE0E136-FF00-0037-0068-91065F8D4A88 processId_gdeupsb.lotUpdateRegistInfo  ] Creating new transaction with name [null]: PROPAGATION_REQUIRED,ISOLATION_DEFAULT
20150325_15:41:20.929 [DefaultMessageListenerContainer-1] [org.springframework.jdbc.datasource.DataSourceTransactionManager][216339]     [hostName:PC2014101864 requestId:4FE0E136-FF00-0037-0068-91065F8D4A88 processId_gdeupsb.lotUpdateRegistInfo  ] Acquired Connection [ProxyConnection[PooledConnection[com.ibm.db2.jcc.t4.b@bd7431]]] for JDBC transaction
20150325_15:41:20.929 [DefaultMessageListenerContainer-1] [org.springframework.jdbc.datasource.DataSourceTransactionManager][216339]     [hostName:PC2014101864 requestId:4FE0E136-FF00-0037-0068-91065F8D4A88 processId_gdeupsb.lotUpdateRegistInfo  ] Switching JDBC Connection [ProxyConnection[PooledConnection[com.ibm.db2.jcc.t4.b@bd7431]]] to manual commit
20150325_15:41:20.929 [DefaultMessageListenerContainer-1] [com.bocom.jump.bp.support.TRACER][216339]     [hostName:PC2014101864 requestId:4FE0E136-FF00-0037-0068-91065F8D4A88 processId_gdeupsb.lotUpdateRegistInfo  ] ::TRACER:: Starting executable action 'act', class:com.bocom.bbip.gdeupsb.action.lot.UpdateRegistInfoAction
20150325_15:41:29.867 [DefaultMessageListenerContainer-1] [com.bocom.bbip.eups.action.BaseAction][225277]     [hostName:PC2014101864 requestId:4FE0E136-FF00-0037-0068-91065F8D4A88 processId_gdeupsb.lotUpdateRegistInfo  ] ==》》》》》》UpdateRegistInfoAction Start !!==》》》》》》
20150325_15:41:29.883 [DefaultMessageListenerContainer-1] [org.springframework.beans.factory.support.DefaultListableBeanFactory][225293]     [hostName:PC2014101864 requestId:4FE0E136-FF00-0037-0068-91065F8D4A88 processId_gdeupsb.lotUpdateRegistInfo  ] Returning cached instance of singleton bean 'GdLotCusInfRepository'
20150325_15:41:29.883 [DefaultMessageListenerContainer-1] [org.springframework.aop.framework.JdkDynamicAopProxy][225293]     [hostName:PC2014101864 requestId:4FE0E136-FF00-0037-0068-91065F8D4A88 processId_gdeupsb.lotUpdateRegistInfo  ] Creating JDK dynamic proxy: target source is SingletonTargetSource for target object [com.bocom.bbip.data.sqlmap.repository.support.SimpleSqlMapRepository@1d82a34]
20150325_15:41:29.883 [DefaultMessageListenerContainer-1] [org.springframework.beans.factory.support.DefaultListableBeanFactory][225293]     [hostName:PC2014101864 requestId:4FE0E136-FF00-0037-0068-91065F8D4A88 processId_gdeupsb.lotUpdateRegistInfo  ] Returning cached instance of singleton bean 'sqlMap'
20150325_15:41:29.900 [DefaultMessageListenerContainer-1] [com.bocom.jump.bp.service.sqlmap.support.SqlSessionUtils][225310]     [hostName:PC2014101864 requestId:4FE0E136-FF00-0037-0068-91065F8D4A88 processId_gdeupsb.lotUpdateRegistInfo  ] Creating SqlSession with JDBC Connection [ProxyConnection[PooledConnection[com.ibm.db2.jcc.t4.b@bd7431]]]
20150325_15:41:29.900 [DefaultMessageListenerContainer-1] [java.sql.Connection][225310]     [hostName:PC2014101864 requestId:4FE0E136-FF00-0037-0068-91065F8D4A88 processId_gdeupsb.lotUpdateRegistInfo  ] ooo Connection Opened
20150325_15:41:29.900 [DefaultMessageListenerContainer-1] [com.bocom.jump.bp.service.sqlmap.support.SpringManagedTransaction][225310]     [hostName:PC2014101864 requestId:4FE0E136-FF00-0037-0068-91065F8D4A88 processId_gdeupsb.lotUpdateRegistInfo  ] JDBC Connection [ProxyConnection[PooledConnection[com.ibm.db2.jcc.t4.b@bd7431]]] will be managed by Spring
20150325_15:41:29.900 [DefaultMessageListenerContainer-1] [com.bocom.jump.bp.service.sqlmap.support.SqlSessionUtils][225310]     [hostName:PC2014101864 requestId:4FE0E136-FF00-0037-0068-91065F8D4A88 processId_gdeupsb.lotUpdateRegistInfo  ] Registering transaction synchronization for SqlSession [org.apache.ibatis.session.defaults.DefaultSqlSession@33ec58]
20150325_15:41:29.915 [DefaultMessageListenerContainer-1] [com.bocom.jump.bp.service.sqlmap.impl.SqlMapImpl][225325]     [hostName:PC2014101864 requestId:4FE0E136-FF00-0037-0068-91065F8D4A88 processId_gdeupsb.lotUpdateRegistInfo  ] Opened SqlSession [org.apache.ibatis.session.defaults.DefaultSqlSession@33ec58] for iBATIS operation
20150325_15:41:29.915 [DefaultMessageListenerContainer-1] [java.sql.PreparedStatement][225325]     [hostName:PC2014101864 requestId:4FE0E136-FF00-0037-0068-91065F8D4A88 processId_gdeupsb.lotUpdateRegistInfo  ] ==>  Executing: select CRD_NO, BR_NO, CUS_NAM, ACT_NO, ACT_NOD, ID_TYP, ID_NO, MOB_TEL, FIX_TEL, LOT_NAM, LOT_PSW, REG_TIM, EMAIL, CITY_ID, SEX, BTHDAY, STATUS from GDEUPSB.GDEUPS_LOT_CUS_INF where CRD_NO = ? 
20150325_15:41:29.915 [DefaultMessageListenerContainer-1] [java.sql.PreparedStatement][225325]     [hostName:PC2014101864 requestId:4FE0E136-FF00-0037-0068-91065F8D4A88 processId_gdeupsb.lotUpdateRegistInfo  ] ==> Parameters: 6222600710016444491(String)
20150325_15:41:29.946 [DefaultMessageListenerContainer-1] [java.sql.ResultSet][225356]     [hostName:PC2014101864 requestId:4FE0E136-FF00-0037-0068-91065F8D4A88 processId_gdeupsb.lotUpdateRegistInfo  ] <==    Columns: CRD_NO, BR_NO, CUS_NAM, ACT_NO, ACT_NOD, ID_TYP, ID_NO, MOB_TEL, FIX_TEL, LOT_NAM, LOT_PSW, REG_TIM, EMAIL, CITY_ID, SEX, BTHDAY, STATUS
20150325_15:41:29.946 [DefaultMessageListenerContainer-1] [java.sql.ResultSet][225356]     [hostName:PC2014101864 requestId:4FE0E136-FF00-0037-0068-91065F8D4A88 processId_gdeupsb.lotUpdateRegistInfo  ] <==        Row: 6222600710016444491           , 0144199999 , Glen                                                        ,                      ,       , 1 , 4128281889                    , 13112345678    ,                     , 13112345678                   , 654321                        ,                     ,                               , 1 ,  ,         , 1
20150325_15:41:29.946 [DefaultMessageListenerContainer-1] [com.bocom.jump.bp.service.sqlmap.support.SqlSessionUtils][225356]     [hostName:PC2014101864 requestId:4FE0E136-FF00-0037-0068-91065F8D4A88 processId_gdeupsb.lotUpdateRegistInfo  ] Releasing transactional SqlSession [org.apache.ibatis.session.defaults.DefaultSqlSession@33ec58]
20150325_15:41:29.962 [DefaultMessageListenerContainer-1] [org.springframework.beans.factory.support.DefaultListableBeanFactory][225372]     [hostName:PC2014101864 requestId:4FE0E136-FF00-0037-0068-91065F8D4A88 processId_gdeupsb.lotUpdateRegistInfo  ] Returning cached instance of singleton bean 'GdLotCusInfRepository'
20150325_15:41:29.962 [DefaultMessageListenerContainer-1] [com.bocom.jump.bp.service.sqlmap.support.SqlSessionUtils][225372]     [hostName:PC2014101864 requestId:4FE0E136-FF00-0037-0068-91065F8D4A88 processId_gdeupsb.lotUpdateRegistInfo  ] Fetched SqlSession [org.apache.ibatis.session.defaults.DefaultSqlSession@33ec58] from current transaction
20150325_15:41:29.962 [DefaultMessageListenerContainer-1] [com.bocom.jump.bp.service.sqlmap.impl.SqlMapImpl][225372]     [hostName:PC2014101864 requestId:4FE0E136-FF00-0037-0068-91065F8D4A88 processId_gdeupsb.lotUpdateRegistInfo  ] Opened SqlSession [org.apache.ibatis.session.defaults.DefaultSqlSession@33ec58] for iBATIS operation
20150325_15:41:29.978 [DefaultMessageListenerContainer-1] [java.sql.PreparedStatement][225388]     [hostName:PC2014101864 requestId:4FE0E136-FF00-0037-0068-91065F8D4A88 processId_gdeupsb.lotUpdateRegistInfo  ] ==>  Executing: select CRD_NO, BR_NO, CUS_NAM, ACT_NO, ACT_NOD, ID_TYP, ID_NO, MOB_TEL, FIX_TEL, LOT_NAM, LOT_PSW, REG_TIM, EMAIL, CITY_ID, SEX, BTHDAY, STATUS from GDEUPSB.GDEUPS_LOT_CUS_INF WHERE MOB_TEL=? AND STATUS=? 
20150325_15:41:29.978 [DefaultMessageListenerContainer-1] [java.sql.PreparedStatement][225388]     [hostName:PC2014101864 requestId:4FE0E136-FF00-0037-0068-91065F8D4A88 processId_gdeupsb.lotUpdateRegistInfo  ] ==> Parameters: 13162036201(String), 1(String)
20150325_15:41:29.978 [DefaultMessageListenerContainer-1] [com.bocom.jump.bp.service.sqlmap.support.SqlSessionUtils][225388]     [hostName:PC2014101864 requestId:4FE0E136-FF00-0037-0068-91065F8D4A88 processId_gdeupsb.lotUpdateRegistInfo  ] Releasing transactional SqlSession [org.apache.ibatis.session.defaults.DefaultSqlSession@33ec58]
20150325_15:41:29.993 [DefaultMessageListenerContainer-1] [org.springframework.beans.factory.support.DefaultListableBeanFactory][225403]     [hostName:PC2014101864 requestId:4FE0E136-FF00-0037-0068-91065F8D4A88 processId_gdeupsb.lotUpdateRegistInfo  ] Returning cached instance of singleton bean 'GdLotCusInfRepository'
20150325_15:41:29.993 [DefaultMessageListenerContainer-1] [org.springframework.beans.factory.support.DefaultListableBeanFactory][225403]     [hostName:PC2014101864 requestId:4FE0E136-FF00-0037-0068-91065F8D4A88 processId_gdeupsb.lotUpdateRegistInfo  ] Returning cached instance of singleton bean 'sqlMap'
20150325_15:41:29.993 [DefaultMessageListenerContainer-1] [org.springframework.beans.factory.support.DefaultListableBeanFactory][225403]     [hostName:PC2014101864 requestId:4FE0E136-FF00-0037-0068-91065F8D4A88 processId_gdeupsb.lotUpdateRegistInfo  ] Returning cached instance of singleton bean 'sqlMap4Batch'
20150325_15:41:30.009 [DefaultMessageListenerContainer-1] [com.bocom.jump.bp.service.sqlmap.support.SqlSessionUtils][225419]     [hostName:PC2014101864 requestId:4FE0E136-FF00-0037-0068-91065F8D4A88 processId_gdeupsb.lotUpdateRegistInfo  ] Fetched SqlSession [org.apache.ibatis.session.defaults.DefaultSqlSession@33ec58] from current transaction
20150325_15:41:30.009 [DefaultMessageListenerContainer-1] [com.bocom.jump.bp.service.sqlmap.impl.SqlMapImpl][225419]     [hostName:PC2014101864 requestId:4FE0E136-FF00-0037-0068-91065F8D4A88 processId_gdeupsb.lotUpdateRegistInfo  ] Opened SqlSession [org.apache.ibatis.session.defaults.DefaultSqlSession@33ec58] for iBATIS operation
20150325_15:41:30.024 [DefaultMessageListenerContainer-1] [java.sql.PreparedStatement][225434]     [hostName:PC2014101864 requestId:4FE0E136-FF00-0037-0068-91065F8D4A88 processId_gdeupsb.lotUpdateRegistInfo  ] ==>  Executing: update GDEUPSB.GDEUPS_LOT_CUS_INF SET CUS_NAM = ?, ID_TYP = ?, ID_NO = ?, MOB_TEL = ?, REG_TIM = ? where CRD_NO = ? 
20150325_15:41:30.024 [DefaultMessageListenerContainer-1] [java.sql.PreparedStatement][225434]     [hostName:PC2014101864 requestId:4FE0E136-FF00-0037-0068-91065F8D4A88 processId_gdeupsb.lotUpdateRegistInfo  ] ==> Parameters: guilin1314(String), 12(String), 412828188903181818(String), 13162036201(String), 20150325154129(String), 6222600710016444491(String)
20150325_15:41:30.040 [DefaultMessageListenerContainer-1] [com.bocom.jump.bp.service.sqlmap.support.SqlSessionUtils][225450]     [hostName:PC2014101864 requestId:4FE0E136-FF00-0037-0068-91065F8D4A88 processId_gdeupsb.lotUpdateRegistInfo  ] Releasing transactional SqlSession [org.apache.ibatis.session.defaults.DefaultSqlSession@33ec58]
20150325_15:41:30.040 [DefaultMessageListenerContainer-1] [com.bocom.jump.bp.support.TRACER][225450]     [hostName:PC2014101864 requestId:4FE0E136-FF00-0037-0068-91065F8D4A88 processId_gdeupsb.lotUpdateRegistInfo  ] ::TRACER:: Finished action 'act'
20150325_15:41:30.040 [DefaultMessageListenerContainer-1] [com.bocom.jump.bp.service.sqlmap.support.SqlSessionUtils][225450]     [hostName:PC2014101864 requestId:4FE0E136-FF00-0037-0068-91065F8D4A88 processId_gdeupsb.lotUpdateRegistInfo  ] Transaction synchronization committing SqlSession [org.apache.ibatis.session.defaults.DefaultSqlSession@33ec58]
20150325_15:41:30.040 [DefaultMessageListenerContainer-1] [org.springframework.jdbc.datasource.DataSourceTransactionManager][225450]     [hostName:PC2014101864 requestId:4FE0E136-FF00-0037-0068-91065F8D4A88 processId_gdeupsb.lotUpdateRegistInfo  ] Initiating transaction commit
20150325_15:41:30.040 [DefaultMessageListenerContainer-1] [org.springframework.jdbc.datasource.DataSourceTransactionManager][225450]     [hostName:PC2014101864 requestId:4FE0E136-FF00-0037-0068-91065F8D4A88 processId_gdeupsb.lotUpdateRegistInfo  ] Committing JDBC transaction on Connection [ProxyConnection[PooledConnection[com.ibm.db2.jcc.t4.b@bd7431]]]
20150325_15:41:30.040 [DefaultMessageListenerContainer-1] [com.bocom.jump.bp.service.sqlmap.support.SqlSessionUtils][225450]     [hostName:PC2014101864 requestId:4FE0E136-FF00-0037-0068-91065F8D4A88 processId_gdeupsb.lotUpdateRegistInfo  ] Transaction synchronization closing SqlSession [org.apache.ibatis.session.defaults.DefaultSqlSession@33ec58]
20150325_15:41:30.040 [DefaultMessageListenerContainer-1] [org.springframework.jdbc.datasource.DataSourceTransactionManager][225450]     [hostName:PC2014101864 requestId:4FE0E136-FF00-0037-0068-91065F8D4A88 processId_gdeupsb.lotUpdateRegistInfo  ] Releasing JDBC Connection [ProxyConnection[PooledConnection[com.ibm.db2.jcc.t4.b@bd7431]]] after transaction
20150325_15:41:30.040 [DefaultMessageListenerContainer-1] [org.springframework.jdbc.datasource.DataSourceUtils][225450]     [hostName:PC2014101864 requestId:4FE0E136-FF00-0037-0068-91065F8D4A88 processId_gdeupsb.lotUpdateRegistInfo  ] Returning JDBC Connection to DataSource
20150325_15:41:30.040 [DefaultMessageListenerContainer-1] [com.bocom.jump.bp.support.TRACER][225450]     [hostName:PC2014101864 requestId:4FE0E136-FF00-0037-0068-91065F8D4A88 processId_gdeupsb.lotUpdateRegistInfo  ] ::TRACER:: @finished actions template 'eups.simpleTran'
20150325_15:41:30.056 [DefaultMessageListenerContainer-1] [com.bocom.jump.bp.channel.ws.srv.WebServiceEndpointMapping][225466]     [hostName:PC2014101864 requestId:4FE0E136-FF00-0037-0068-91065F8D4A88   ] response data: {crdNo=6222600710016444491, reqJrnNo=0, rspMsg=交易成功, sup2Auth=, txnTme=2015-03-25 15:41:20, rspTime=Wed Mar 25 15:41:30 CST 2015, br=01441200999, mobTel=13162036201, sup2Id=, txnDte=Wed Mar 25 15:41:20 CST 2015, version=1.0.0, bk=441999, traceSrc=MB441, responseType=N, eupsBusTyp=GDEUPSB, sup1Auth=, filler=, idNo=412828188903181818, responseCode=SC0000, cusNam=guilin1314, reqTme=2015-03-25 15:41:14.0, txnCde=TLU6, rspJrnNo=20150325000000003101, tlr=ABIA041, sqn=20150325000000003101, authLvl=00, rspCde=000000, sup1Id=, idTyp=12, MsgTyp=N, traceNo=12345620150325000000003002, chn=35, replyInformation={responseCode=SC0000, responseType=N}, tlrTmlId=DVID}
20150325_15:41:30.056 [DefaultMessageListenerContainer-1] [com.bocom.jump.bp.channel.ws.srv.WebServiceEndpointMapping][225466]     [hostName:PC2014101864 requestId:4FE0E136-FF00-0037-0068-91065F8D4A88   ] Marshalling [{crdNo=6222600710016444491, QNameMapping.current={http://gdeupsb.service.bankcomm.com/basic/atomic/operation.GDEUPSBLotService/Schema}lotUpdateRegistInfoAction, reqJrnNo=0, rspMsg=交易成功, sup2Auth=, txnTme=2015-03-25 15:41:20, rspTime=Wed Mar 25 15:41:30 CST 2015, br=01441200999, mobTel=13162036201, sup2Id=, txnDte=Wed Mar 25 15:41:20 CST 2015, version=1.0.0, bk=441999, traceSrc=MB441, responseType=N, eupsBusTyp=GDEUPSB, sup1Auth=, filler=, idNo=412828188903181818, responseCode=SC0000, cusNam=guilin1314, reqTme=2015-03-25 15:41:14.0, txnCde=TLU6, rspJrnNo=20150325000000003101, tlr=ABIA041, sqn=20150325000000003101, authLvl=00, rspCde=000000, sup1Id=, idTyp=12, MsgTyp=N, traceNo=12345620150325000000003002, chn=35, replyInformation={responseCode=SC0000, responseType=N}, tlrTmlId=DVID}] to response payload
20150325_15:41:30.196 [DefaultMessageListenerContainer-1] [com.bocom.jump.bp.requestTracing][225606]     [hostName:PC2014101864 requestId:4FE0E136-FF00-0037-0068-91065F8D4A88  service.timing:10142 ] 
20150325_15:41:30.321 [DefaultMessageListenerContainer-1] [org.springframework.ws.server.MessageTracing.sent][225731]     [hostName:PC2014101864    ] Sent response [AxiomSoapMessage {http://gdeupsb.service.bankcomm.com/basic/atomic/operation.GDEUPSBLotService/Schema}lotUpdateRegistInfoActionResponse] for request [AxiomSoapMessage {http://gdeupsb.service.bankcomm.com/basic/atomic/operation.GDEUPSBLotService/Schema}lotUpdateRegistInfoAction]
20150325_15:41:31.881 [DefaultMessageListenerContainer-1] [org.apache.axiom.om.OMOutputFormat][227291]     [hostName:PC2014101864    ] Start getContentType: OMOutputFormat [ mimeBoundary =null rootContentId=null doOptimize=false doingSWA=false isSOAP11=true charSetEncoding=UTF-8 xmlVersion=null contentType=null ignoreXmlDeclaration=false autoCloseWriter=false actionProperty=null optimizedThreshold=0]
20150325_15:41:31.881 [DefaultMessageListenerContainer-1] [org.apache.axiom.om.OMOutputFormat][227291]     [hostName:PC2014101864    ] getContentType= {text/xml}   OMOutputFormat [ mimeBoundary =null rootContentId=null doOptimize=false doingSWA=false isSOAP11=true charSetEncoding=UTF-8 xmlVersion=null contentType=text/xml ignoreXmlDeclaration=false autoCloseWriter=false actionProperty=null optimizedThreshold=0]
20150325_15:41:31.896 [DefaultMessageListenerContainer-1] [org.apache.axiom.om.impl.MTOMXMLStreamWriter][227306]     [hostName:PC2014101864    ] OutputStream =class org.springframework.ws.transport.AbstractReceiverConnection$ResponseTransportOutputStream
20150325_15:41:31.896 [DefaultMessageListenerContainer-1] [org.apache.axiom.om.impl.MTOMXMLStreamWriter][227306]     [hostName:PC2014101864    ] OMFormat = OMOutputFormat [ mimeBoundary =null rootContentId=null doOptimize=false doingSWA=false isSOAP11=true charSetEncoding=UTF-8 xmlVersion=null contentType=text/xml ignoreXmlDeclaration=false autoCloseWriter=false actionProperty=null optimizedThreshold=0]
20150325_15:41:31.913 [DefaultMessageListenerContainer-1] [org.apache.axiom.om.util.StAXUtils][227323]     [hostName:PC2014101864    ] About to create XMLOutputFactory implementation with classloader=WebappClassLoader
  context: /GDEUPSB
  delegate: true
  repositories:
    /WEB-INF/classes/
----------> Parent Classloader:
org.apache.catalina.loader.StandardClassLoader@15b2f17

20150325_15:41:31.913 [DefaultMessageListenerContainer-1] [org.apache.axiom.om.util.StAXUtils][227323]     [hostName:PC2014101864    ] The classloader for javax.xml.stream.XMLOutputFactory is: null
20150325_15:41:31.944 [DefaultMessageListenerContainer-1] [org.apache.axiom.util.stax.dialect.StAXDialectDetector][227354]     [hostName:PC2014101864    ] StAX implementation at jar:file:/C:/Program%20Files%20(x86)/Java/jdk1.7.0_45/jre/lib/ext/com.bea.wls.wlfullclient-10.3.6.0.jar!/ is:
  Title:         JDK 1.6 Client jar for WebLogic Server 10.3  Tue Nov 15 08:52:36 PST 2011 1441050 
  Symbolic name: null
  Vendor:        Oracle Corp.
  Version:       10.3.6.0
20150325_15:41:31.944 [DefaultMessageListenerContainer-1] [org.apache.axiom.util.stax.dialect.StAXDialectDetector][227354]     [hostName:PC2014101864    ] Unable to determine dialect of the StAX implementation at jar:file:/C:/Program%20Files%20(x86)/Java/jdk1.7.0_45/jre/lib/ext/com.bea.wls.wlfullclient-10.3.6.0.jar!/
20150325_15:41:31.960 [DefaultMessageListenerContainer-1] [org.apache.axiom.om.util.StAXUtils][227370]     [hostName:PC2014101864    ] Created XMLOutputFactory = class org.apache.axiom.util.stax.wrapper.ImmutableXMLOutputFactory for classloader=WebappClassLoader
  context: /GDEUPSB
  delegate: true
  repositories:
    /WEB-INF/classes/
----------> Parent Classloader:
org.apache.catalina.loader.StandardClassLoader@15b2f17

20150325_15:41:31.960 [DefaultMessageListenerContainer-1] [org.apache.axiom.om.util.StAXUtils][227370]     [hostName:PC2014101864    ] Size of XMLOutputFactory map =1
20150325_15:41:31.975 [DefaultMessageListenerContainer-1] [org.apache.axiom.om.util.StAXUtils][227385]     [hostName:PC2014101864    ] XMLStreamWriter is weblogic.xml.stax.XMLWriterBase
20150325_15:41:31.975 [DefaultMessageListenerContainer-1] [org.apache.axiom.om.impl.MTOMXMLStreamWriter][227385]     [hostName:PC2014101864    ] Calling MTOMXMLStreamWriter.flush
20150325_15:41:31.975 [DefaultMessageListenerContainer-1] [org.apache.axiom.om.impl.MTOMXMLStreamWriter][227385]     [hostName:PC2014101864    ] close
20150325_15:41:31.975 [DefaultMessageListenerContainer-1] [org.springframework.ws.transport.jms.BGSPJmsReceiverConnection][227385]     [hostName:PC2014101864    ] Reply message to [queue://MQGDBBIP11/LOCALQ.CHNBBIP01.RSP] queue.
