
context[id=wsCallProcess, locale=zh_CN, timestamp=2015-03-31 21:54:51.045, requestId=701D0026-FF00-0037-008E-229D65B9FC0A]
  dataMap: {crdNo=6222213710003888889, FeCod=485405, HLogNo=, reqJrnNo=0, sup2Auth=, OutSys=, br=441200, sup2Id=, mobTel=13162136201, version=v0000001, traceSrc=MB441, sup1Auth=, filler=, authResnTbl=, CUSTOM_VAL={ELEC00=eupsBusTyp:ELEC00, GDUNCB=eupsBusTyp:GDUNCB, GDUNCA=eupsBusTyp:GDUNCA, GDCHPS=eupsBusTyp:GDCHPS, GDTRFA=eupsBusTyp:GDTRFA, LOTR01=eupsBusTyp:LOTR01, GDEUPSB=eupsBusTyp:GDEUPSB, GDMOBB=eupsBusTyp:GDMOBB, GDMOBA=eupsBusTyp:GDMOBA}, idNo=41132719810302257X, CprInd=0, cusNam=guilin1314, txnCde=TLU6, tlr=ABIA041, Sup2Dv=, WS_CALL_MAPPING={485405={service:'BBIP',operation:'lotUpdateRegistInfoAction',cusVal:'GDEUPSB',processor:'com.bocom.adapter.system.gd.netAndMobileBank.interceptor.netMBankProcessor'}, 485404={service:'BBIP',operation:'lotRegist',cusVal:'GDEUPSB',processor:'com.bocom.adapter.system.gd.netAndMobileBank.interceptor.netMBankProcessor'}, 460511={service:'BBIP',operation:'queryAccount',cusVal:'GDMOBB',processor:'com.bocom.adapter.system.gd.netAndMobileBank.interceptor.netMBankProcessor'}, 460444={service:'BBIP',operation:'qryCusBaseMsg',cusVal:'ELEC00',processor:'com.bocom.adapter.system.gd.netAndMobileBank.interceptor.netMBankProcessor'}, 460411={service:'BBIP',operation:'tallyOneOnline',cusVal:'ELEC00',processor:'com.bocom.adapter.system.gd.netAndMobileBank.interceptor.netMBankProcessor'}, 460410={service:'BBIP',operation:'queryFee',cusVal:'ELEC00',processor:'com.bocom.adapter.system.gd.netAndMobileBank.interceptor.netMBankProcessor'}, 460602={service:'BBIP',operation:'gdUncaTelCharged',cusVal:'GDUNCA',processor:'com.bocom.adapter.system.gd.netAndMobileBank.interceptor.gdUncaTelChargedProcessor'}, 460506={service:'BBIP',operation:'cancelCusAgent',cusVal:'GDMOBB',processor:'com.bocom.adapter.system.gd.netAndMobileBank.interceptor.netMBankProcessor'}, 466613={service:'BBIP',operation:'sigCreditSGArrearsQuite',cusVal:'GDCHPS',processor:'com.bocom.adapter.system.gd.netAndMobileBank.interceptor.netMBankProcessor'}, 488010={service:'BBIP',operation:'userNamPwdJy',processor:'com.bocom.adapter.system.gd.netAndMobileBank.interceptor.netMBankProcessor'}, 460501={service:'BBIP',operation:'insertCusAgent',cusVal:'GDMOBB',processor:'com.bocom.adapter.system.gd.netAndMobileBank.interceptor.netMBankProcessor'}, 460245={service:'BBIP',operation:'eleaBnkPayFee',cusVal:'GDEUPSB'}, 466676={service:'BBIP',operation:'getActInf',cusVal:'GDCHPS',processor:'com.bocom.adapter.system.gd.netAndMobileBank.interceptor.netMBankProcessor'}, 466612={service:'BBIP',operation:'singleCreditOut',cusVal:'GDCHPS',processor:'com.bocom.adapter.system.gd.netAndMobileBank.interceptor.netMBankProcessor'}, 460244={service:'BBIP',operation:'eleaQryUsrPayInfo',cusVal:'GDEUPSB'}, 466675={service:'BBIP',operation:'queryCusrDetInf',cusVal:'GDCHPS',processor:'com.bocom.adapter.system.gd.netAndMobileBank.interceptor.netMBankProcessor'}, 466611={service:'BBIP',operation:'sigCreditSGArrearsQuery',cusVal:'GDCHPS',processor:'com.bocom.adapter.system.gd.netAndMobileBank.interceptor.netMBankProcessor'}, 466672={service:'BBIP',operation:'listBusCla',cusVal:'GDCHPS',processor:'com.bocom.adapter.system.gd.netAndMobileBank.interceptor.netMBankProcessor'}, 466671={service:'BBIP',operation:'listBusTpe',cusVal:'GDCHPS',processor:'com.bocom.adapter.system.gd.netAndMobileBank.interceptor.netMBankProcessor'}, 466670={service:'BBIP',operation:'listArea',cusVal:'GDCHPS',processor:'com.bocom.adapter.system.gd.netAndMobileBank.interceptor.netMBankProcessor'}, 482184={service:'BBIP',operation:'queryUserAttrBal',cusVal:'GDTRFA',processor:'com.bocom.adapter.system.gd.netAndMobileBank.interceptor.netMBankProcessor'}, 482183={service:'BBIP',operation:'payFee',cusVal:'GDTRFA',processor:'com.bocom.adapter.system.gd.netAndMobileBank.interceptor.payFeeOnlineProcessor'}, 460430={service:'BBIP',operation:'agentChange',cusVal:'ELEC00',processor:'com.bocom.adapter.system.gd.netAndMobileBank.interceptor.netMBankProcessor'}, 460622={service:'BBIP',operation:'gdUncbPayFeeOnline',cusVal:'GDUNCB',processor:'com.bocom.adapter.system.gd.netAndMobileBank.interceptor.netMBankProcessor'}, 469902={service:'BBIP',operation:'agentFileSend',cusVal:'GDEUPSB'}, 460621={service:'BBIP',operation:'gdQueryBills',cusVal:'GDUNCB',processor:'com.bocom.adapter.system.gd.netAndMobileBank.interceptor.netMBankProcessor'}, 469901={service:'BBIP',operation:'agentBatchOperate',cusVal:'GDEUPSB'}, 485414={service:'BBIP',operation:'qryLotWinRecord',cusVal:'LOTR01',processor:'com.bocom.adapter.system.gd.netAndMobileBank.interceptor.netMBankProcessor'}, 485413={service:'BBIP',operation:'qryLotTxnJnlInfo',cusVal:'GDEUPSB',processor:'com.bocom.adapter.system.gd.netAndMobileBank.interceptor.netMBankProcessor'}, 466607={service:'BBIP',operation:'cusrDetInf',cusVal:'GDCHPS',processor:'com.bocom.adapter.system.gd.netAndMobileBank.interceptor.netMBankProcessor'}, 485412={service:'BBIP',operation:'cathecticOnTime',cusVal:'GDEUPSB',processor:'com.bocom.adapter.system.gd.netAndMobileBank.interceptor.netMBankProcessor'}, 466606={service:'BBIP',operation:'getSgdBusInf',cusVal:'GDCHPS',processor:'com.bocom.adapter.system.gd.netAndMobileBank.interceptor.netMBankProcessor'}, 466605={service:'BBIP',operation:'getAreaCla',cusVal:'GDCHPS',processor:'com.bocom.adapter.system.gd.netAndMobileBank.interceptor.netMBankProcessor'}, 485410={service:'BBIP',operation:'cancelPlanPay',cusVal:'GDEUPSB',processor:'com.bocom.adapter.system.gd.netAndMobileBank.interceptor.netMBankProcessor'}, 466604={service:'BBIP',operation:'queryCusrDetInf',cusVal:'GDCHPS',processor:'com.bocom.adapter.system.gd.netAndMobileBank.interceptor.netMBankProcessor'}, 461509={service:'BBIP',operation:'traFineInfQue',processor:'com.bocom.adapter.system.gd.netAndMobileBank.interceptor.netMBankProcessor'}, 466603={service:'BBIP',operation:'cusrBasInf',cusVal:'GDCHPS',processor:'com.bocom.adapter.system.gd.netAndMobileBank.interceptor.netMBankProcessor'}, 466602={service:'BBIP',operation:'cusrBasInf',cusVal:'GDCHPS',processor:'com.bocom.adapter.system.gd.netAndMobileBank.interceptor.netMBankProcessor'}, 466601={service:'BBIP',operation:'cusrBasInf',cusVal:'GDCHPS',processor:'com.bocom.adapter.system.gd.netAndMobileBank.interceptor.netMBankProcessor'}, 461503={service:'BBIP',operation:'reaPro',processor:'com.bocom.adapter.system.gd.netAndMobileBank.interceptor.netMBankProcessor'}, 461502={service:'BBIP',operation:'revenueTally',processor:'com.bocom.adapter.system.gd.netAndMobileBank.interceptor.netMBankProcessor'}, 461501={service:'BBIP',operation:'phoneBankinfo',processor:'com.bocom.adapter.system.gd.netAndMobileBank.interceptor.netMBankProcessor'}, 482173={service:'BBIP',operation:'payFeeOnline',cusVal:'GDMOBA',processor:'com.bocom.adapter.system.gd.netAndMobileBank.interceptor.payFeeOnlineProcessor'}, 482171={service:'BBIP',operation:'queryUserStatus',cusVal:'GDMOBA',processor:'com.bocom.adapter.system.gd.netAndMobileBank.interceptor.netMBankProcessor'}, 485409={service:'BBIP',operation:'queryPlanPay',cusVal:'GDEUPSB',processor:'com.bocom.adapter.system.gd.netAndMobileBank.interceptor.netMBankProcessor'}, 485407={service:'BBIP',operation:'insertPlanPay',cusVal:'GDEUPSB',processor:'com.bocom.adapter.system.gd.netAndMobileBank.interceptor.netMBankProcessor'}, 485406={service:'BBIP',operation:'queryRegister',cusVal:'GDEUPSB',processor:'com.bocom.adapter.system.gd.netAndMobileBank.interceptor.netMBankProcessor'}}, AthLog=, AthTbl=, TIATyp=T, authLvl=00, TransCode=485405, EnpInd=0, sup1Id=, idTyp=15, OprLvl=, traceNo=1234567820150331000000008615, tlrTmlId=DVID}
  rawData: {crdNo=6222213710003888889, HLogNo=, FeCod=485405, reqJrnNo=0, sup2Auth=, OutSys=, br=441200, mobTel=13162136201, sup2Id=, version=v0000001, traceSrc=MB441, sup1Auth=, authResnTbl=, filler=, CUSTOM_VAL={ELEC00=eupsBusTyp:ELEC00, GDUNCB=eupsBusTyp:GDUNCB, GDUNCA=eupsBusTyp:GDUNCA, GDCHPS=eupsBusTyp:GDCHPS, GDTRFA=eupsBusTyp:GDTRFA, LOTR01=eupsBusTyp:LOTR01, GDEUPSB=eupsBusTyp:GDEUPSB, GDMOBB=eupsBusTyp:GDMOBB, GDMOBA=eupsBusTyp:GDMOBA}, idNo=41132719810302257X, CprInd=0, cusNam=guilin1314, txnCde=TLU6, WS_CALL_MAPPING={485405={service:'BBIP',operation:'lotUpdateRegistInfoAction',cusVal:'GDEUPSB',processor:'com.bocom.adapter.system.gd.netAndMobileBank.interceptor.netMBankProcessor'}, 485404={service:'BBIP',operation:'lotRegist',cusVal:'GDEUPSB',processor:'com.bocom.adapter.system.gd.netAndMobileBank.interceptor.netMBankProcessor'}, 460511={service:'BBIP',operation:'queryAccount',cusVal:'GDMOBB',processor:'com.bocom.adapter.system.gd.netAndMobileBank.interceptor.netMBankProcessor'}, 460444={service:'BBIP',operation:'qryCusBaseMsg',cusVal:'ELEC00',processor:'com.bocom.adapter.system.gd.netAndMobileBank.interceptor.netMBankProcessor'}, 460411={service:'BBIP',operation:'tallyOneOnline',cusVal:'ELEC00',processor:'com.bocom.adapter.system.gd.netAndMobileBank.interceptor.netMBankProcessor'}, 460410={service:'BBIP',operation:'queryFee',cusVal:'ELEC00',processor:'com.bocom.adapter.system.gd.netAndMobileBank.interceptor.netMBankProcessor'}, 460602={service:'BBIP',operation:'gdUncaTelCharged',cusVal:'GDUNCA',processor:'com.bocom.adapter.system.gd.netAndMobileBank.interceptor.gdUncaTelChargedProcessor'}, 460506={service:'BBIP',operation:'cancelCusAgent',cusVal:'GDMOBB',processor:'com.bocom.adapter.system.gd.netAndMobileBank.interceptor.netMBankProcessor'}, 466613={service:'BBIP',operation:'sigCreditSGArrearsQuite',cusVal:'GDCHPS',processor:'com.bocom.adapter.system.gd.netAndMobileBank.interceptor.netMBankProcessor'}, 488010={service:'BBIP',operation:'userNamPwdJy',processor:'com.bocom.adapter.system.gd.netAndMobileBank.interceptor.netMBankProcessor'}, 460501={service:'BBIP',operation:'insertCusAgent',cusVal:'GDMOBB',processor:'com.bocom.adapter.system.gd.netAndMobileBank.interceptor.netMBankProcessor'}, 460245={service:'BBIP',operation:'eleaBnkPayFee',cusVal:'GDEUPSB'}, 466676={service:'BBIP',operation:'getActInf',cusVal:'GDCHPS',processor:'com.bocom.adapter.system.gd.netAndMobileBank.interceptor.netMBankProcessor'}, 466612={service:'BBIP',operation:'singleCreditOut',cusVal:'GDCHPS',processor:'com.bocom.adapter.system.gd.netAndMobileBank.interceptor.netMBankProcessor'}, 460244={service:'BBIP',operation:'eleaQryUsrPayInfo',cusVal:'GDEUPSB'}, 466675={service:'BBIP',operation:'queryCusrDetInf',cusVal:'GDCHPS',processor:'com.bocom.adapter.system.gd.netAndMobileBank.interceptor.netMBankProcessor'}, 466611={service:'BBIP',operation:'sigCreditSGArrearsQuery',cusVal:'GDCHPS',processor:'com.bocom.adapter.system.gd.netAndMobileBank.interceptor.netMBankProcessor'}, 466672={service:'BBIP',operation:'listBusCla',cusVal:'GDCHPS',processor:'com.bocom.adapter.system.gd.netAndMobileBank.interceptor.netMBankProcessor'}, 466671={service:'BBIP',operation:'listBusTpe',cusVal:'GDCHPS',processor:'com.bocom.adapter.system.gd.netAndMobileBank.interceptor.netMBankProcessor'}, 466670={service:'BBIP',operation:'listArea',cusVal:'GDCHPS',processor:'com.bocom.adapter.system.gd.netAndMobileBank.interceptor.netMBankProcessor'}, 482184={service:'BBIP',operation:'queryUserAttrBal',cusVal:'GDTRFA',processor:'com.bocom.adapter.system.gd.netAndMobileBank.interceptor.netMBankProcessor'}, 482183={service:'BBIP',operation:'payFee',cusVal:'GDTRFA',processor:'com.bocom.adapter.system.gd.netAndMobileBank.interceptor.payFeeOnlineProcessor'}, 460430={service:'BBIP',operation:'agentChange',cusVal:'ELEC00',processor:'com.bocom.adapter.system.gd.netAndMobileBank.interceptor.netMBankProcessor'}, 460622={service:'BBIP',operation:'gdUncbPayFeeOnline',cusVal:'GDUNCB',processor:'com.bocom.adapter.system.gd.netAndMobileBank.interceptor.netMBankProcessor'}, 469902={service:'BBIP',operation:'agentFileSend',cusVal:'GDEUPSB'}, 460621={service:'BBIP',operation:'gdQueryBills',cusVal:'GDUNCB',processor:'com.bocom.adapter.system.gd.netAndMobileBank.interceptor.netMBankProcessor'}, 469901={service:'BBIP',operation:'agentBatchOperate',cusVal:'GDEUPSB'}, 485414={service:'BBIP',operation:'qryLotWinRecord',cusVal:'LOTR01',processor:'com.bocom.adapter.system.gd.netAndMobileBank.interceptor.netMBankProcessor'}, 485413={service:'BBIP',operation:'qryLotTxnJnlInfo',cusVal:'GDEUPSB',processor:'com.bocom.adapter.system.gd.netAndMobileBank.interceptor.netMBankProcessor'}, 466607={service:'BBIP',operation:'cusrDetInf',cusVal:'GDCHPS',processor:'com.bocom.adapter.system.gd.netAndMobileBank.interceptor.netMBankProcessor'}, 485412={service:'BBIP',operation:'cathecticOnTime',cusVal:'GDEUPSB',processor:'com.bocom.adapter.system.gd.netAndMobileBank.interceptor.netMBankProcessor'}, 466606={service:'BBIP',operation:'getSgdBusInf',cusVal:'GDCHPS',processor:'com.bocom.adapter.system.gd.netAndMobileBank.interceptor.netMBankProcessor'}, 466605={service:'BBIP',operation:'getAreaCla',cusVal:'GDCHPS',processor:'com.bocom.adapter.system.gd.netAndMobileBank.interceptor.netMBankProcessor'}, 485410={service:'BBIP',operation:'cancelPlanPay',cusVal:'GDEUPSB',processor:'com.bocom.adapter.system.gd.netAndMobileBank.interceptor.netMBankProcessor'}, 466604={service:'BBIP',operation:'queryCusrDetInf',cusVal:'GDCHPS',processor:'com.bocom.adapter.system.gd.netAndMobileBank.interceptor.netMBankProcessor'}, 461509={service:'BBIP',operation:'traFineInfQue',processor:'com.bocom.adapter.system.gd.netAndMobileBank.interceptor.netMBankProcessor'}, 466603={service:'BBIP',operation:'cusrBasInf',cusVal:'GDCHPS',processor:'com.bocom.adapter.system.gd.netAndMobileBank.interceptor.netMBankProcessor'}, 466602={service:'BBIP',operation:'cusrBasInf',cusVal:'GDCHPS',processor:'com.bocom.adapter.system.gd.netAndMobileBank.interceptor.netMBankProcessor'}, 466601={service:'BBIP',operation:'cusrBasInf',cusVal:'GDCHPS',processor:'com.bocom.adapter.system.gd.netAndMobileBank.interceptor.netMBankProcessor'}, 461503={service:'BBIP',operation:'reaPro',processor:'com.bocom.adapter.system.gd.netAndMobileBank.interceptor.netMBankProcessor'}, 461502={service:'BBIP',operation:'revenueTally',processor:'com.bocom.adapter.system.gd.netAndMobileBank.interceptor.netMBankProcessor'}, 461501={service:'BBIP',operation:'phoneBankinfo',processor:'com.bocom.adapter.system.gd.netAndMobileBank.interceptor.netMBankProcessor'}, 482173={service:'BBIP',operation:'payFeeOnline',cusVal:'GDMOBA',processor:'com.bocom.adapter.system.gd.netAndMobileBank.interceptor.payFeeOnlineProcessor'}, 482171={service:'BBIP',operation:'queryUserStatus',cusVal:'GDMOBA',processor:'com.bocom.adapter.system.gd.netAndMobileBank.interceptor.netMBankProcessor'}, 485409={service:'BBIP',operation:'queryPlanPay',cusVal:'GDEUPSB',processor:'com.bocom.adapter.system.gd.netAndMobileBank.interceptor.netMBankProcessor'}, 485407={service:'BBIP',operation:'insertPlanPay',cusVal:'GDEUPSB',processor:'com.bocom.adapter.system.gd.netAndMobileBank.interceptor.netMBankProcessor'}, 485406={service:'BBIP',operation:'queryRegister',cusVal:'GDEUPSB',processor:'com.bocom.adapter.system.gd.netAndMobileBank.interceptor.netMBankProcessor'}}, Sup2Dv=, tlr=ABIA041, AthLog=, AthTbl=, TIATyp=T, authLvl=00, EnpInd=0, TransCode=485405, sup1Id=, idTyp=15, OprLvl=, traceNo=1234567820150331000000008615, tlrTmlId=DVID}  
20150331_21:54:51.947 com.bocom.jump.bp.support.TRACER [1993388] ::TRACER:: @starting actions template 'simpleTran'  
20150331_21:54:51.947 com.bocom.jump.bp.support.TRACER [1993388] ::TRACER:: Starting executable action 'wsCall', class:com.bocom.adapter.common.action.WSCallAction  
20150331_21:54:51.950 com.bocom.bbip.comp.BBIPPublicServiceImpl$2 [1993391] Get Param using key [ParamCacheKey [systemCode=BBIP, paramName=BK]]  
20150331_21:54:51.955 com.bocom.adapter.common.action.WSCallAction [1993396] From transCode 485405 To lotUpdateRegistInfoAction onRequest start  
20150331_21:54:51.955 com.bocom.adapter.common.action.WSCallAction [1993396] NO.1 crdNo:6222213710003888889  
20150331_21:54:51.955 com.bocom.adapter.common.action.WSCallAction [1993396] NO.2 HLogNo:  
20150331_21:54:51.956 com.bocom.adapter.common.action.WSCallAction [1993397] NO.3 FeCod:485405  
20150331_21:54:51.956 com.bocom.adapter.common.action.WSCallAction [1993397] NO.4 reqJrnNo:0  
20150331_21:54:51.956 com.bocom.adapter.common.action.WSCallAction [1993397] NO.5 sup2Auth:  
20150331_21:54:51.957 com.bocom.adapter.common.action.WSCallAction [1993398] NO.6 OutSys:  
20150331_21:54:51.957 com.bocom.adapter.common.action.WSCallAction [1993398] NO.7 br:01484028999  
20150331_21:54:51.957 com.bocom.adapter.common.action.WSCallAction [1993398] NO.8 mobTel:13162136201  
20150331_21:54:51.957 com.bocom.adapter.common.action.WSCallAction [1993398] NO.9 sup2Id:  
20150331_21:54:51.957 com.bocom.adapter.common.action.WSCallAction [1993398] NO.10 version:1.0.0  
20150331_21:54:51.958 com.bocom.adapter.common.action.WSCallAction [1993399] NO.11 txnTyp:T  
20150331_21:54:51.958 com.bocom.adapter.common.action.WSCallAction [1993399] NO.12 bk:01484999999  
20150331_21:54:51.959 com.bocom.adapter.common.action.WSCallAction [1993400] NO.13 traceSrc:MB441  
20150331_21:54:51.959 com.bocom.adapter.common.action.WSCallAction [1993400] NO.14 eupsBusTyp:GDEUPSB  
20150331_21:54:51.959 com.bocom.adapter.common.action.WSCallAction [1993400] NO.15 sup1Auth:  
20150331_21:54:51.960 com.bocom.adapter.common.action.WSCallAction [1993401] NO.16 authResnTbl:  
20150331_21:54:51.960 com.bocom.adapter.common.action.WSCallAction [1993401] NO.17 filler:  
20150331_21:54:51.960 com.bocom.adapter.common.action.WSCallAction [1993401] NO.18 idNo:41132719810302257X  
20150331_21:54:51.960 com.bocom.adapter.common.action.WSCallAction [1993401] NO.19 CprInd:0  
20150331_21:54:51.961 com.bocom.adapter.common.action.WSCallAction [1993402] NO.20 cusNam:guilin1314  
20150331_21:54:51.961 com.bocom.adapter.common.action.WSCallAction [1993402] NO.21 txnCde:TLU6  
20150331_21:54:51.961 com.bocom.adapter.common.action.WSCallAction [1993402] NO.22 reqTme:Tue Mar 31 21:54:51 CST 2015  
20150331_21:54:51.961 com.bocom.adapter.common.action.WSCallAction [1993402] NO.23 Sup2Dv:  
20150331_21:54:51.962 com.bocom.adapter.common.action.WSCallAction [1993403] NO.24 tlr:4842897  
20150331_21:54:51.962 com.bocom.adapter.common.action.WSCallAction [1993403] NO.25 AthLog:  
20150331_21:54:51.962 com.bocom.adapter.common.action.WSCallAction [1993403] NO.26 AthTbl:  
20150331_21:54:51.962 com.bocom.adapter.common.action.WSCallAction [1993403] NO.27 TIATyp:T  
20150331_21:54:51.963 com.bocom.adapter.common.action.WSCallAction [1993404] NO.28 authLvl:00  
20150331_21:54:51.963 com.bocom.adapter.common.action.WSCallAction [1993404] NO.29 EnpInd:0  
20150331_21:54:51.963 com.bocom.adapter.common.action.WSCallAction [1993404] NO.30 TransCode:485405  
20150331_21:54:51.963 com.bocom.adapter.common.action.WSCallAction [1993404] NO.31 sup1Id:  
20150331_21:54:51.963 com.bocom.adapter.common.action.WSCallAction [1993404] NO.32 idTyp:15  
20150331_21:54:51.964 com.bocom.adapter.common.action.WSCallAction [1993405] NO.33 OprLvl:  
20150331_21:54:51.964 com.bocom.adapter.common.action.WSCallAction [1993405] NO.34 traceNo:1234567820150331000000008616  
20150331_21:54:51.964 com.bocom.adapter.common.action.WSCallAction [1993405] NO.35 chn:35  
20150331_21:54:51.965 com.bocom.adapter.common.action.WSCallAction [1993406] NO.36 tlrTmlId:DVID  
20150331_21:54:51.965 com.bocom.adapter.common.action.WSCallAction [1993406] From transCode 485405 To lotUpdateRegistInfoAction onRequest end  
20150331_21:54:51.973 org.springframework.ws.client.core.WebServiceTemplate [1993414] Sent request [<?xml version='1.0' encoding='UTF-8'?><soapenv:Envelope xmlns:soapenv="http://schemas.xmlsoap.org/soap/envelope/"><soapenv:Header xmlns:wsa="http://www.w3.org/2005/08/addressing"><wsa:To soapenv:mustUnderstand="0">GDEUPSB</wsa:To><wsa:From><wsa:Address>GDNBADAPTE</wsa:Address></wsa:From><wsa:Action>http://gdeupsb.service.bankcomm.com/basic/atomic/operation.GDEUPSBLotService/lotUpdateRegistInfoAction</wsa:Action><wsa:MessageID>urn:uuid:17ae5c8a-cf05-4037-bc73-deea27becb95</wsa:MessageID></soapenv:Header><soapenv:Body><p0:lotUpdateRegistInfoAction xmlns:p0="http://gdeupsb.service.bankcomm.com/basic/atomic/operation.GDEUPSBLotService/Schema" xmlns:p2="http://bbip.bankcomm.com" xmlns:p1="http://gsp.bankcomm.com"><p1:requestInformation><p1:traceNo>1234567820150331000000008616</p1:traceNo><p1:version>1.0.0</p1:version><p1:traceSrc>MB441</p1:traceSrc></p1:requestInformation><p0:request><p0:requestHeader><p2:bbipRequestHead><p2:txnCde>TLU6</p2:txnCde><p2:chn>35</p2:chn><p2:reqJrnNo>0</p2:reqJrnNo><p2:tlr>4842897</p2:tlr><p2:br>01484028999</p2:br><p2:bk>01484999999</p2:bk><p2:tlrTmlId>DVID</p2:tlrTmlId><p2:authLvl>00</p2:authLvl><p2:sup1Id></p2:sup1Id><p2:sup1Auth></p2:sup1Auth><p2:sup2Id></p2:sup2Id><p2:sup2Auth></p2:sup2Auth><p2:filler></p2:filler><p2:reqTme>2015-03-31T21:54:51</p2:reqTme></p2:bbipRequestHead></p0:requestHeader><p0:eupsBusTyp>GDEUPSB</p0:eupsBusTyp><p0:cusNam>guilin1314</p0:cusNam><p0:crdNo>6222213710003888889</p0:crdNo><p0:idTyp>15</p0:idTyp><p0:idNo>41132719810302257X</p0:idNo><p0:mobTel>13162136201</p0:mobTel></p0:request></p0:lotUpdateRegistInfoAction></soapenv:Body></soapenv:Envelope>]  
20150331_21:54:57.323 org.springframework.ws.client.core.WebServiceTemplate [1998764] Received response [<?xml version='1.0' encoding='UTF-8'?><soapenv:Envelope xmlns:soapenv="http://schemas.xmlsoap.org/soap/envelope/"><soapenv:Header xmlns:wsa="http://www.w3.org/2005/08/addressing"><wsa:To soapenv:mustUnderstand="1">GDEUPSB</wsa:To><wsa:From><wsa:Address>GDNBADAPTE</wsa:Address></wsa:From><wsa:Action>http://gdeupsb.service.bankcomm.com/basic/atomic/operation.GDEUPSBLotService/lotUpdateRegistInfoAction</wsa:Action><wsa:MessageID>urn:uuid:d2855c36-1827-4164-94a5-acd52e3ba250</wsa:MessageID><wsa:RelatesTo>urn:uuid:17ae5c8a-cf05-4037-bc73-deea27becb95</wsa:RelatesTo></soapenv:Header><soapenv:Body><p0:lotUpdateRegistInfoActionResponse xmlns:p0="http://gdeupsb.service.bankcomm.com/basic/atomic/operation.GDEUPSBLotService/Schema" xmlns:p1="http://gsp.bankcomm.com"><p1:replyInformation><p1:responseType>N</p1:responseType><p1:responseCode>SC0000</p1:responseCode></p1:replyInformation><p0:response><p0:mobTel>13162136201</p0:mobTel></p0:response></p0:lotUpdateRegistInfoActionResponse></soapenv:Body></soapenv:Envelope>] for request [<?xml version='1.0' encoding='UTF-8'?><soapenv:Envelope xmlns:soapenv="http://schemas.xmlsoap.org/soap/envelope/"><soapenv:Header xmlns:wsa="http://www.w3.org/2005/08/addressing"><wsa:To soapenv:mustUnderstand="0">GDEUPSB</wsa:To><wsa:From><wsa:Address>GDNBADAPTE</wsa:Address></wsa:From><wsa:Action>http://gdeupsb.service.bankcomm.com/basic/atomic/operation.GDEUPSBLotService/lotUpdateRegistInfoAction</wsa:Action><wsa:MessageID>urn:uuid:17ae5c8a-cf05-4037-bc73-deea27becb95</wsa:MessageID></soapenv:Header><soapenv:Body><p0:lotUpdateRegistInfoAction xmlns:p0="http://gdeupsb.service.bankcomm.com/basic/atomic/operation.GDEUPSBLotService/Schema" xmlns:p2="http://bbip.bankcomm.com" xmlns:p1="http://gsp.bankcomm.com"><p1:requestInformation><p1:traceNo>1234567820150331000000008616</p1:traceNo><p1:version>1.0.0</p1:version><p1:traceSrc>MB441</p1:traceSrc></p1:requestInformation><p0:request><p0:requestHeader><p2:bbipRequestHead><p2:txnCde>TLU6</p2:txnCde><p2:chn>35</p2:chn><p2:reqJrnNo>0</p2:reqJrnNo><p2:tlr>4842897</p2:tlr><p2:br>01484028999</p2:br><p2:bk>01484999999</p2:bk><p2:tlrTmlId>DVID</p2:tlrTmlId><p2:authLvl>00</p2:authLvl><p2:sup1Id></p2:sup1Id><p2:sup1Auth></p2:sup1Auth><p2:sup2Id></p2:sup2Id><p2:sup2Auth></p2:sup2Auth><p2:filler></p2:filler><p2:reqTme>2015-03-31T21:54:51</p2:reqTme></p2:bbipRequestHead></p0:requestHeader><p0:eupsBusTyp>GDEUPSB</p0:eupsBusTyp><p0:cusNam>guilin1314</p0:cusNam><p0:crdNo>6222213710003888889</p0:crdNo><p0:idTyp>15</p0:idTyp><p0:idNo>41132719810302257X</p0:idNo><p0:mobTel>13162136201</p0:mobTel></p0:request></p0:lotUpdateRegistInfoAction></soapenv:Body></soapenv:Envelope>]  
20150331_21:54:57.329 com.bocom.adapter.common.action.WSCallAction [1998770] From transCode 485405 To lotUpdateRegistInfoAction onResponse start  
20150331_21:54:57.330 com.bocom.adapter.common.action.WSCallAction [1998771] NO.1 crdNo:6222213710003888889  
20150331_21:54:57.331 com.bocom.adapter.common.action.WSCallAction [1998772] NO.2 HLogNo:  
20150331_21:54:57.332 com.bocom.adapter.common.action.WSCallAction [1998773] NO.3 FeCod:485405  
20150331_21:54:57.333 com.bocom.adapter.common.action.WSCallAction [1998774] NO.4 reqJrnNo:0  
20150331_21:54:57.333 com.bocom.adapter.common.action.WSCallAction [1998774] NO.5 sup2Auth:  
20150331_21:54:57.335 com.bocom.adapter.common.action.WSCallAction [1998776] NO.6 OutSys:  
20150331_21:54:57.335 com.bocom.adapter.common.action.WSCallAction [1998776] NO.7 br:01484028999  
20150331_21:54:57.336 com.bocom.adapter.common.action.WSCallAction [1998777] NO.8 mobTel:13162136201  
20150331_21:54:57.337 com.bocom.adapter.common.action.WSCallAction [1998778] NO.9 sup2Id:  
20150331_21:54:57.337 com.bocom.adapter.common.action.WSCallAction [1998778] NO.10 version:1.0.0  
20150331_21:54:57.338 com.bocom.adapter.common.action.WSCallAction [1998779] NO.11 txnTyp:T  
20150331_21:54:57.338 com.bocom.adapter.common.action.WSCallAction [1998779] NO.12 bk:01484999999  
20150331_21:54:57.339 com.bocom.adapter.common.action.WSCallAction [1998780] NO.13 traceSrc:MB441  
20150331_21:54:57.339 com.bocom.adapter.common.action.WSCallAction [1998780] NO.14 responseType:N  
20150331_21:54:57.340 com.bocom.adapter.common.action.WSCallAction [1998781] NO.15 eupsBusTyp:GDEUPSB  
20150331_21:54:57.340 com.bocom.adapter.common.action.WSCallAction [1998781] NO.16 sup1Auth:  
20150331_21:54:57.341 com.bocom.adapter.common.action.WSCallAction [1998782] NO.17 authResnTbl:  
20150331_21:54:57.341 com.bocom.adapter.common.action.WSCallAction [1998782] NO.18 filler:  
20150331_21:54:57.342 com.bocom.adapter.common.action.WSCallAction [1998783] NO.19 idNo:41132719810302257X  
20150331_21:54:57.342 com.bocom.adapter.common.action.WSCallAction [1998783] NO.20 responseCode:000000  
20150331_21:54:57.343 com.bocom.adapter.common.action.WSCallAction [1998784] NO.21 CprInd:0  
20150331_21:54:57.344 com.bocom.adapter.common.action.WSCallAction [1998785] NO.22 cusNam:guilin1314  
20150331_21:54:57.344 com.bocom.adapter.common.action.WSCallAction [1998785] NO.23 txnCde:TLU6  
20150331_21:54:57.345 com.bocom.adapter.common.action.WSCallAction [1998786] NO.24 reqTme:Tue Mar 31 21:54:51 CST 2015  
20150331_21:54:57.345 com.bocom.adapter.common.action.WSCallAction [1998786] NO.25 Sup2Dv:  
20150331_21:54:57.346 com.bocom.adapter.common.action.WSCallAction [1998787] NO.26 tlr:4842897  
20150331_21:54:57.346 com.bocom.adapter.common.action.WSCallAction [1998787] NO.27 AthLog:  
20150331_21:54:57.347 com.bocom.adapter.common.action.WSCallAction [1998788] NO.28 AthTbl:  
20150331_21:54:57.348 com.bocom.adapter.common.action.WSCallAction [1998789] NO.29 TIATyp:T  
20150331_21:54:57.348 com.bocom.adapter.common.action.WSCallAction [1998789] NO.30 authLvl:00  
20150331_21:54:57.349 com.bocom.adapter.common.action.WSCallAction [1998790] NO.31 EnpInd:0  
20150331_21:54:57.349 com.bocom.adapter.common.action.WSCallAction [1998790] NO.32 TransCode:485405  
20150331_21:54:57.349 com.bocom.adapter.common.action.WSCallAction [1998790] NO.33 sup1Id:  
20150331_21:54:57.350 com.bocom.adapter.common.action.WSCallAction [1998791] NO.34 idTyp:15  
20150331_21:54:57.351 com.bocom.adapter.common.action.WSCallAction [1998792] NO.35 OprLvl:  
20150331_21:54:57.351 com.bocom.adapter.common.action.WSCallAction [1998792] NO.36 traceNo:1234567820150331000000008616  
20150331_21:54:57.352 com.bocom.adapter.common.action.WSCallAction [1998793] NO.37 chn:35  
20150331_21:54:57.353 com.bocom.adapter.common.action.WSCallAction [1998794] NO.38 tlrTmlId:DVID  
20150331_21:54:57.353 com.bocom.adapter.common.action.WSCallAction [1998794] From transCode 485405 To lotUpdateRegistInfoAction onResponse end  
20150331_21:54:57.354 com.bocom.jump.bp.support.TRACER [1998795] ::TRACER:: Finished action 'wsCall'  
20150331_21:54:57.354 com.bocom.jump.bp.support.TRACER [1998795] ::TRACER:: @finished actions template 'simpleTran'  
20150331_21:54:57.395 com.bocom.adapter.common.interceptor.TransformInterceptorExt [1998836] <<<<<< Endpoint Replay <<<<<<  
20150331_21:54:57.395 com.bocom.adapter.common.interceptor.TransformInterceptorExt [1998836] replay byteMessage:
00000000  30 30 30 30 30 31 33 33  20 20 20 4e 30 30 30 30  00000133   N0000
00000010  30 30 20 20 20 20 20 20  20 20 20 20 20 20 20 20  00              
00000020  20 20 20 30 30 30 30 30  30 20 20 20 20 20 20 20     000000       
00000030  20 20 20 20 20 20 20 20  20 20 20 20 20 20 20 20                  
00000040  20 20 20 20 20 20 20 20  20 20 20 20 20 20 20 20                  
00000050  20 20 20 20 20 20 20 30  30 20 20 20 20 20 20 20         00       
00000060  20 20 20 20 20 20 20 20  20 20 20 20 20 20 20 20                  
00000070  20 20 20 20 20 20 20 20  20 20 20 20 20 20 31 33                13
00000080  31 36 32 31 33 36 32 30  31 20 20 20 20           162136201    
  
20150331_21:54:57.396 com.bocom.adapter.common.interceptor.TransformInterceptorExt [1998837] <<<<<< Endpoint replay,consumed time:5453 <<<<<<  