20150326_14:15:40.420 [DefaultMessageListenerContainer-5] [org.springframework.jms.listener.DefaultMessageListenerContainer][9045708]     [hostName:PC2014101864    ] Received message of type [class weblogic.jms.common.BytesMessageImpl] from consumer [weblogic.jms.client.WLConsumerImpl@19bd707] of session [weblogic.jms.client.WLSessionImpl@421ed4]
20150326_14:15:40.483 [DefaultMessageListenerContainer-5] [com.bocom.bbip.channel.jms.BGSPWebServiceMessageListener][9045771]     [hostName:PC2014101864    ] Create  MQ connection
20150326_14:15:40.499 [DefaultMessageListenerContainer-5] [com.bocom.bbip.channel.jms.BGSPWebServiceMessageListener][9045787]     [hostName:PC2014101864    ] Create MQ  session connection
20150326_14:15:40.499 [DefaultMessageListenerContainer-5] [com.bocom.bbip.channel.jms.BGSPWebServiceMessageListener][9045787]     [hostName:PC2014101864    ] Accepting incoming [org.springframework.ws.transport.jms.BGSPJmsReceiverConnection@16f20e5] to [jms:BBIP_JMS_MODULE!JMS_CLUSTER_SVR_02@GDEUPSB.WS.REQ]
20150326_14:15:40.499 [DefaultMessageListenerContainer-5] [org.apache.axiom.soap.impl.builder.StAXSOAPModelBuilder][9045787]     [hostName:PC2014101864    ] Build the OMElement Envelope by the StaxSOAPModelBuilder
20150326_14:15:40.499 [DefaultMessageListenerContainer-5] [org.apache.axiom.soap.impl.builder.StAXSOAPModelBuilder][9045787]     [hostName:PC2014101864    ] Build the OMElement Header by the StaxSOAPModelBuilder
20150326_14:15:40.499 [DefaultMessageListenerContainer-5] [org.apache.axiom.soap.impl.builder.StAXSOAPModelBuilder][9045787]     [hostName:PC2014101864    ] Build the OMElement To by the StaxSOAPModelBuilder
20150326_14:15:40.499 [DefaultMessageListenerContainer-5] [org.apache.axiom.soap.impl.builder.StAXSOAPModelBuilder][9045787]     [hostName:PC2014101864    ] Build the OMElement From by the StaxSOAPModelBuilder
20150326_14:15:40.499 [DefaultMessageListenerContainer-5] [org.apache.axiom.soap.impl.builder.StAXSOAPModelBuilder][9045787]     [hostName:PC2014101864    ] Build the OMElement Address by the StaxSOAPModelBuilder
20150326_14:15:40.499 [DefaultMessageListenerContainer-5] [org.apache.axiom.soap.impl.builder.StAXSOAPModelBuilder][9045787]     [hostName:PC2014101864    ] Build the OMElement Action by the StaxSOAPModelBuilder
20150326_14:15:40.499 [DefaultMessageListenerContainer-5] [org.apache.axiom.soap.impl.builder.StAXSOAPModelBuilder][9045787]     [hostName:PC2014101864    ] Build the OMElement MessageID by the StaxSOAPModelBuilder
20150326_14:15:40.499 [DefaultMessageListenerContainer-5] [org.apache.axiom.soap.impl.builder.StAXSOAPModelBuilder][9045787]     [hostName:PC2014101864    ] Build the OMElement Body by the StaxSOAPModelBuilder
20150326_14:15:40.499 [DefaultMessageListenerContainer-5] [org.apache.axiom.soap.impl.builder.StAXSOAPModelBuilder][9045787]     [hostName:PC2014101864    ] Build the OMElement qryLotTxnJnlInfo by the StaxSOAPModelBuilder
20150326_14:15:40.499 [DefaultMessageListenerContainer-5] [org.springframework.ws.server.MessageTracing.received][9045787]     [hostName:PC2014101864    ] Received request [AxiomSoapMessage {http://gdeupsb.service.bankcomm.com/basic/atomic/operation.GDEUPSBLotService/Schema}qryLotTxnJnlInfo]
20150326_14:15:40.499 [DefaultMessageListenerContainer-5] [org.springframework.ws.soap.server.SoapMessageDispatcher][9045787]     [hostName:PC2014101864    ] Endpoint mapping [com.bocom.jump.bp.channel.ws.srv.WebServiceEndpointMapping@15e86c5] maps request to endpoint [com.bocom.jump.bp.channel.ws.srv.WebServiceEndpointMapping@15e86c5]
20150326_14:15:40.499 [DefaultMessageListenerContainer-5] [org.springframework.ws.soap.server.SoapMessageDispatcher][9045787]     [hostName:PC2014101864    ] Testing endpoint adapter [org.springframework.ws.server.endpoint.adapter.MessageEndpointAdapter@b9f5f4]
20150326_14:15:40.515 [DefaultMessageListenerContainer-5] [org.apache.axiom.soap.impl.builder.StAXSOAPModelBuilder][9045803]     [hostName:PC2014101864    ] Build the OMElement requestInformation by the StaxSOAPModelBuilder
20150326_14:15:40.515 [DefaultMessageListenerContainer-5] [org.apache.axiom.soap.impl.builder.StAXSOAPModelBuilder][9045803]     [hostName:PC2014101864    ] Build the OMElement traceNo by the StaxSOAPModelBuilder
20150326_14:15:40.515 [DefaultMessageListenerContainer-5] [com.bocom.jump.bp.channel.ws.srv.a][9045803]     [hostName:PC2014101864    ] use default endpoint.
20150326_14:15:40.515 [DefaultMessageListenerContainer-5] [org.springframework.beans.factory.support.DefaultListableBeanFactory][9045803]     [hostName:PC2014101864    ] Returning cached instance of singleton bean 'serviceRegistry'
20150326_14:15:40.530 [DefaultMessageListenerContainer-5] [org.apache.axiom.soap.impl.builder.StAXSOAPModelBuilder][9045818]     [hostName:PC2014101864 requestId:54B8D0F2-FF00-0037-00C8-ABE90FE9C1B1   ] Build the OMElement version by the StaxSOAPModelBuilder
20150326_14:15:40.530 [DefaultMessageListenerContainer-5] [org.apache.axiom.soap.impl.builder.StAXSOAPModelBuilder][9045818]     [hostName:PC2014101864 requestId:54B8D0F2-FF00-0037-00C8-ABE90FE9C1B1   ] Build the OMElement traceSrc by the StaxSOAPModelBuilder
20150326_14:15:40.530 [DefaultMessageListenerContainer-5] [org.apache.axiom.soap.impl.builder.StAXSOAPModelBuilder][9045818]     [hostName:PC2014101864 requestId:54B8D0F2-FF00-0037-00C8-ABE90FE9C1B1   ] Build the OMElement request by the StaxSOAPModelBuilder
20150326_14:15:40.530 [DefaultMessageListenerContainer-5] [org.apache.axiom.soap.impl.builder.StAXSOAPModelBuilder][9045818]     [hostName:PC2014101864 requestId:54B8D0F2-FF00-0037-00C8-ABE90FE9C1B1   ] Build the OMElement requestHeader by the StaxSOAPModelBuilder
20150326_14:15:40.530 [DefaultMessageListenerContainer-5] [org.apache.axiom.soap.impl.builder.StAXSOAPModelBuilder][9045818]     [hostName:PC2014101864 requestId:54B8D0F2-FF00-0037-00C8-ABE90FE9C1B1   ] Build the OMElement bbipRequestHead by the StaxSOAPModelBuilder
20150326_14:15:40.530 [DefaultMessageListenerContainer-5] [org.apache.axiom.soap.impl.builder.StAXSOAPModelBuilder][9045818]     [hostName:PC2014101864 requestId:54B8D0F2-FF00-0037-00C8-ABE90FE9C1B1   ] Build the OMElement txnCde by the StaxSOAPModelBuilder
20150326_14:15:40.530 [DefaultMessageListenerContainer-5] [org.apache.axiom.soap.impl.builder.StAXSOAPModelBuilder][9045818]     [hostName:PC2014101864 requestId:54B8D0F2-FF00-0037-00C8-ABE90FE9C1B1   ] Build the OMElement chn by the StaxSOAPModelBuilder
20150326_14:15:40.530 [DefaultMessageListenerContainer-5] [org.apache.axiom.soap.impl.builder.StAXSOAPModelBuilder][9045818]     [hostName:PC2014101864 requestId:54B8D0F2-FF00-0037-00C8-ABE90FE9C1B1   ] Build the OMElement reqJrnNo by the StaxSOAPModelBuilder
20150326_14:15:40.530 [DefaultMessageListenerContainer-5] [org.apache.axiom.soap.impl.builder.StAXSOAPModelBuilder][9045818]     [hostName:PC2014101864 requestId:54B8D0F2-FF00-0037-00C8-ABE90FE9C1B1   ] Build the OMElement tlr by the StaxSOAPModelBuilder
20150326_14:15:40.530 [DefaultMessageListenerContainer-5] [org.apache.axiom.soap.impl.builder.StAXSOAPModelBuilder][9045818]     [hostName:PC2014101864 requestId:54B8D0F2-FF00-0037-00C8-ABE90FE9C1B1   ] Build the OMElement br by the StaxSOAPModelBuilder
20150326_14:15:40.530 [DefaultMessageListenerContainer-5] [org.apache.axiom.soap.impl.builder.StAXSOAPModelBuilder][9045818]     [hostName:PC2014101864 requestId:54B8D0F2-FF00-0037-00C8-ABE90FE9C1B1   ] Build the OMElement bk by the StaxSOAPModelBuilder
20150326_14:15:40.530 [DefaultMessageListenerContainer-5] [org.apache.axiom.soap.impl.builder.StAXSOAPModelBuilder][9045818]     [hostName:PC2014101864 requestId:54B8D0F2-FF00-0037-00C8-ABE90FE9C1B1   ] Build the OMElement tlrTmlId by the StaxSOAPModelBuilder
20150326_14:15:40.530 [DefaultMessageListenerContainer-5] [org.apache.axiom.soap.impl.builder.StAXSOAPModelBuilder][9045818]     [hostName:PC2014101864 requestId:54B8D0F2-FF00-0037-00C8-ABE90FE9C1B1   ] Build the OMElement authLvl by the StaxSOAPModelBuilder
20150326_14:15:40.530 [DefaultMessageListenerContainer-5] [org.apache.axiom.soap.impl.builder.StAXSOAPModelBuilder][9045818]     [hostName:PC2014101864 requestId:54B8D0F2-FF00-0037-00C8-ABE90FE9C1B1   ] Build the OMElement sup1Id by the StaxSOAPModelBuilder
20150326_14:15:40.530 [DefaultMessageListenerContainer-5] [org.apache.axiom.soap.impl.builder.StAXSOAPModelBuilder][9045818]     [hostName:PC2014101864 requestId:54B8D0F2-FF00-0037-00C8-ABE90FE9C1B1   ] Build the OMElement sup1Auth by the StaxSOAPModelBuilder
20150326_14:15:40.530 [DefaultMessageListenerContainer-5] [org.apache.axiom.soap.impl.builder.StAXSOAPModelBuilder][9045818]     [hostName:PC2014101864 requestId:54B8D0F2-FF00-0037-00C8-ABE90FE9C1B1   ] Build the OMElement sup2Id by the StaxSOAPModelBuilder
20150326_14:15:40.530 [DefaultMessageListenerContainer-5] [org.apache.axiom.soap.impl.builder.StAXSOAPModelBuilder][9045818]     [hostName:PC2014101864 requestId:54B8D0F2-FF00-0037-00C8-ABE90FE9C1B1   ] Build the OMElement sup2Auth by the StaxSOAPModelBuilder
20150326_14:15:40.530 [DefaultMessageListenerContainer-5] [org.apache.axiom.soap.impl.builder.StAXSOAPModelBuilder][9045818]     [hostName:PC2014101864 requestId:54B8D0F2-FF00-0037-00C8-ABE90FE9C1B1   ] Build the OMElement filler by the StaxSOAPModelBuilder
20150326_14:15:40.530 [DefaultMessageListenerContainer-5] [org.apache.axiom.soap.impl.builder.StAXSOAPModelBuilder][9045818]     [hostName:PC2014101864 requestId:54B8D0F2-FF00-0037-00C8-ABE90FE9C1B1   ] Build the OMElement reqTme by the StaxSOAPModelBuilder
20150326_14:15:40.530 [DefaultMessageListenerContainer-5] [org.apache.axiom.soap.impl.builder.StAXSOAPModelBuilder][9045818]     [hostName:PC2014101864 requestId:54B8D0F2-FF00-0037-00C8-ABE90FE9C1B1   ] Build the OMElement eupsBusTyp by the StaxSOAPModelBuilder
20150326_14:15:40.530 [DefaultMessageListenerContainer-5] [org.apache.axiom.soap.impl.builder.StAXSOAPModelBuilder][9045818]     [hostName:PC2014101864 requestId:54B8D0F2-FF00-0037-00C8-ABE90FE9C1B1   ] Build the OMElement crdNo by the StaxSOAPModelBuilder
20150326_14:15:40.546 [DefaultMessageListenerContainer-5] [org.apache.axiom.soap.impl.builder.StAXSOAPModelBuilder][9045834]     [hostName:PC2014101864 requestId:54B8D0F2-FF00-0037-00C8-ABE90FE9C1B1   ] Build the OMElement betTyp by the StaxSOAPModelBuilder
20150326_14:15:40.546 [DefaultMessageListenerContainer-5] [org.apache.axiom.soap.impl.builder.StAXSOAPModelBuilder][9045834]     [hostName:PC2014101864 requestId:54B8D0F2-FF00-0037-00C8-ABE90FE9C1B1   ] Build the OMElement begDat by the StaxSOAPModelBuilder
20150326_14:15:40.546 [DefaultMessageListenerContainer-5] [org.apache.axiom.soap.impl.builder.StAXSOAPModelBuilder][9045834]     [hostName:PC2014101864 requestId:54B8D0F2-FF00-0037-00C8-ABE90FE9C1B1   ] Build the OMElement endDat by the StaxSOAPModelBuilder
20150326_14:15:40.546 [DefaultMessageListenerContainer-5] [com.bocom.jump.bp.channel.ws.srv.WebServiceEndpointMapping][9045834]     [hostName:PC2014101864 requestId:54B8D0F2-FF00-0037-00C8-ABE90FE9C1B1   ] Unmarshalled payload request to [{crdNo=5218990717753718, betTyp=0, QNameMapping.current={http://gdeupsb.service.bankcomm.com/basic/atomic/operation.GDEUPSBLotService/Schema}qryLotTxnJnlInfo, begDat=19990101, reqJrnNo=0, txnCde=TLU6, reqTme=2015-03-26 14:15:40.0, sup2Auth=, tlr=ABIA041, br=01441200999, sup2Id=, version=1.0.0, authLvl=00, sup1Id=, bk=441999, traceSrc=MB441, eupsBusTyp=GDEUPSB, sup1Auth=, traceNo=12345620150326000000001808, chn=35, filler=, endDat=29991231, tlrTmlId=DVID}]
20150326_14:15:40.546 [DefaultMessageListenerContainer-5] [com.bocom.jump.bp.channel.ws.srv.WebServiceEndpointMapping][9045834]     [hostName:PC2014101864 requestId:54B8D0F2-FF00-0037-00C8-ABE90FE9C1B1   ] request data: {crdNo=5218990717753718, betTyp=0, QNameMapping.current={http://gdeupsb.service.bankcomm.com/basic/atomic/operation.GDEUPSBLotService/Schema}qryLotTxnJnlInfo, begDat=19990101, reqJrnNo=0, txnCde=TLU6, reqTme=2015-03-26 14:15:40.0, sup2Auth=, tlr=ABIA041, br=01441200999, sup2Id=, version=1.0.0, authLvl=00, sup1Id=, bk=441999, traceSrc=MB441, eupsBusTyp=GDEUPSB, sup1Auth=, traceNo=12345620150326000000001808, chn=35, filler=, endDat=29991231, tlrTmlId=DVID}
20150326_14:15:40.546 [DefaultMessageListenerContainer-5] [com.bocom.jump.bp.channel.ws.srv.WebServiceEndpointMapping][9045834]     [hostName:PC2014101864 requestId:54B8D0F2-FF00-0037-00C8-ABE90FE9C1B1   ] mapping QName to identity: {http://gdeupsb.service.bankcomm.com/basic/atomic/operation.GDEUPSBLotService/Schema}qryLotTxnJnlInfo -> gdeupsb.lotQueryCathectic
20150326_14:15:40.546 [DefaultMessageListenerContainer-5] [org.springframework.beans.factory.support.DefaultListableBeanFactory][9045834]     [hostName:PC2014101864 requestId:54B8D0F2-FF00-0037-00C8-ABE90FE9C1B1   ] Returning cached instance of singleton bean 'coreDispatcher'
20150326_14:15:40.561 [DefaultMessageListenerContainer-5] [com.bocom.jump.bp.support.TRACER][9045849]     [hostName:PC2014101864 requestId:54B8D0F2-FF00-0037-00C8-ABE90FE9C1B1   ] ::TRACER:: dispatching with context 
context[id=gdeupsb.lotQueryCathectic, locale=zh_CN, timestamp=2015-03-26 14:15:40.515, requestId=54B8D0F2-FF00-0037-00C8-ABE90FE9C1B1]
  dataMap: {crdNo=5218990717753718, betTyp=0, begDat=19990101, reqTme=2015-03-26 14:15:40.0, txnCde=TLU6, reqJrnNo=0, sup2Auth=, tlr=ABIA041, br=01441200999, sup2Id=, version=1.0.0, authLvl=00, sup1Id=, bk=441999, traceSrc=MB441, eupsBusTyp=GDEUPSB, traceNo=12345620150326000000001808, sup1Auth=, chn=35, filler=, endDat=29991231, tlrTmlId=DVID}
  rawData: {crdNo=5218990717753718, betTyp=0, begDat=19990101, reqJrnNo=0, txnCde=TLU6, reqTme=2015-03-26 14:15:40.0, sup2Auth=, tlr=ABIA041, br=01441200999, sup2Id=, version=1.0.0, authLvl=00, sup1Id=, bk=441999, traceSrc=MB441, eupsBusTyp=GDEUPSB, sup1Auth=, traceNo=12345620150326000000001808, chn=35, filler=, endDat=29991231, tlrTmlId=DVID}
  requestMap: {QNameMapping.current={http://gdeupsb.service.bankcomm.com/basic/atomic/operation.GDEUPSBLotService/Schema}qryLotTxnJnlInfo}
20150326_14:15:40.561 [DefaultMessageListenerContainer-5] [org.springframework.beans.factory.support.DefaultListableBeanFactory][9045849]     [hostName:PC2014101864 requestId:54B8D0F2-FF00-0037-00C8-ABE90FE9C1B1   ] Returning cached instance of singleton bean 'gdeupsb.lotQueryCathectic'
20150326_14:15:40.561 [DefaultMessageListenerContainer-5] [org.springframework.beans.factory.support.DefaultListableBeanFactory][9045849]     [hostName:PC2014101864 requestId:54B8D0F2-FF00-0037-00C8-ABE90FE9C1B1   ] Returning cached instance of singleton bean 'eups.transMessageInterceptor'
20150326_14:15:40.561 [DefaultMessageListenerContainer-5] [com.bocom.jump.bp.processTracing][9045849]     [hostName:PC2014101864 requestId:54B8D0F2-FF00-0037-00C8-ABE90FE9C1B1 processId_gdeupsb.lotQueryCathectic  ] 
20150326_14:15:40.561 [DefaultMessageListenerContainer-5] [org.springframework.jdbc.datasource.DataSourceUtils][9045849]     [hostName:PC2014101864 requestId:54B8D0F2-FF00-0037-00C8-ABE90FE9C1B1 processId_gdeupsb.lotQueryCathectic  ] Fetching JDBC Connection from DataSource
20150326_14:15:40.561 [DefaultMessageListenerContainer-5] [com.bocom.jump.bp.service.sqlmap.support.SqlSessionUtils][9045849]     [hostName:PC2014101864 requestId:54B8D0F2-FF00-0037-00C8-ABE90FE9C1B1 processId_gdeupsb.lotQueryCathectic  ] Creating SqlSession with JDBC Connection [ProxyConnection[PooledConnection[com.ibm.db2.jcc.t4.b@11ef7c3]]]
20150326_14:15:40.561 [DefaultMessageListenerContainer-5] [java.sql.Connection][9045849]     [hostName:PC2014101864 requestId:54B8D0F2-FF00-0037-00C8-ABE90FE9C1B1 processId_gdeupsb.lotQueryCathectic  ] ooo Connection Opened
20150326_14:15:40.561 [DefaultMessageListenerContainer-5] [com.bocom.jump.bp.service.sqlmap.support.SpringManagedTransaction][9045849]     [hostName:PC2014101864 requestId:54B8D0F2-FF00-0037-00C8-ABE90FE9C1B1 processId_gdeupsb.lotQueryCathectic  ] JDBC Connection [ProxyConnection[PooledConnection[com.ibm.db2.jcc.t4.b@11ef7c3]]] will not be managed by Spring
20150326_14:15:40.561 [DefaultMessageListenerContainer-5] [com.bocom.jump.bp.service.sqlmap.support.SqlSessionUtils][9045849]     [hostName:PC2014101864 requestId:54B8D0F2-FF00-0037-00C8-ABE90FE9C1B1 processId_gdeupsb.lotQueryCathectic  ] SqlSession [org.apache.ibatis.session.defaults.DefaultSqlSession@d8b0aa] was not registered for synchronization because synchronization is not active
20150326_14:15:40.561 [DefaultMessageListenerContainer-5] [com.bocom.jump.bp.service.sqlmap.impl.SqlMapImpl][9045849]     [hostName:PC2014101864 requestId:54B8D0F2-FF00-0037-00C8-ABE90FE9C1B1 processId_gdeupsb.lotQueryCathectic  ] Opened SqlSession [org.apache.ibatis.session.defaults.DefaultSqlSession@d8b0aa] for iBATIS operation
20150326_14:15:40.608 [DefaultMessageListenerContainer-5] [java.sql.PreparedStatement][9045896]     [hostName:PC2014101864 requestId:54B8D0F2-FF00-0037-00C8-ABE90FE9C1B1 processId_gdeupsb.lotQueryCathectic  ] ==>  Executing: select COM_NO, BUS_KND, EUPS_BUS_TYP, CMU_MDE, PKG_LEN_TYP, PKG_LEN_POS_LEN, THD_IP_ADR, BID_POT, LSD_POT, COM_NME, SIG_SET_TYP, SIG_TME, SIG_OUT_TME, THD_RCN_TME, TXN_TME_CTL1, TXN_TME_CTL2, TXN_DTE_CTL1, TXN_DTE_CTL2, TXN_DTE_CTL3, CMT_FLG, BIL_VOU_FLG, THD_RVS_FLG, CMU_UNM, CMU_PSW, TME_OUT, CMU_STS, CMU_KEY, USE_STS from EUPS.EUPS_THD_BASE_INFO WHERE EUPS_BUS_TYP=? AND USE_STS=? 
20150326_14:15:40.624 [DefaultMessageListenerContainer-5] [java.sql.PreparedStatement][9045912]     [hostName:PC2014101864 requestId:54B8D0F2-FF00-0037-00C8-ABE90FE9C1B1 processId_gdeupsb.lotQueryCathectic  ] ==> Parameters: GDEUPSB(String), 0(String)
20150326_14:15:40.624 [DefaultMessageListenerContainer-5] [com.bocom.jump.bp.service.sqlmap.support.SqlSessionUtils][9045912]     [hostName:PC2014101864 requestId:54B8D0F2-FF00-0037-00C8-ABE90FE9C1B1 processId_gdeupsb.lotQueryCathectic  ] Closing no transactional SqlSession [org.apache.ibatis.session.defaults.DefaultSqlSession@d8b0aa]
20150326_14:15:40.624 [DefaultMessageListenerContainer-5] [org.springframework.jdbc.datasource.DataSourceUtils][9045912]     [hostName:PC2014101864 requestId:54B8D0F2-FF00-0037-00C8-ABE90FE9C1B1 processId_gdeupsb.lotQueryCathectic  ] Returning JDBC Connection to DataSource
20150326_14:15:40.624 [DefaultMessageListenerContainer-5] [com.bocom.bbip.eups.interceptor.TransMessageInterceptor][9045912]     [hostName:PC2014101864 requestId:54B8D0F2-FF00-0037-00C8-ABE90FE9C1B1 processId_gdeupsb.lotQueryCathectic  ] sqn is:20150326000000002403
20150326_14:15:40.624 [DefaultMessageListenerContainer-5] [org.springframework.beans.factory.support.DefaultListableBeanFactory][9045912]     [hostName:PC2014101864 requestId:54B8D0F2-FF00-0037-00C8-ABE90FE9C1B1 processId_gdeupsb.lotQueryCathectic  ] Returning cached instance of singleton bean 'eups.simpleTran'
20150326_14:15:40.624 [DefaultMessageListenerContainer-5] [com.bocom.jump.bp.support.TRACER][9045912]     [hostName:PC2014101864 requestId:54B8D0F2-FF00-0037-00C8-ABE90FE9C1B1 processId_gdeupsb.lotQueryCathectic  ] ::TRACER:: @starting actions template 'eups.simpleTran'
20150326_14:15:40.624 [DefaultMessageListenerContainer-5] [org.springframework.jdbc.datasource.DataSourceTransactionManager][9045912]     [hostName:PC2014101864 requestId:54B8D0F2-FF00-0037-00C8-ABE90FE9C1B1 processId_gdeupsb.lotQueryCathectic  ] Creating new transaction with name [null]: PROPAGATION_REQUIRED,ISOLATION_DEFAULT
20150326_14:15:40.624 [DefaultMessageListenerContainer-5] [org.springframework.jdbc.datasource.DataSourceTransactionManager][9045912]     [hostName:PC2014101864 requestId:54B8D0F2-FF00-0037-00C8-ABE90FE9C1B1 processId_gdeupsb.lotQueryCathectic  ] Acquired Connection [ProxyConnection[PooledConnection[com.ibm.db2.jcc.t4.b@11ef7c3]]] for JDBC transaction
20150326_14:15:40.639 [DefaultMessageListenerContainer-5] [org.springframework.jdbc.datasource.DataSourceTransactionManager][9045927]     [hostName:PC2014101864 requestId:54B8D0F2-FF00-0037-00C8-ABE90FE9C1B1 processId_gdeupsb.lotQueryCathectic  ] Switching JDBC Connection [ProxyConnection[PooledConnection[com.ibm.db2.jcc.t4.b@11ef7c3]]] to manual commit
20150326_14:15:40.639 [DefaultMessageListenerContainer-5] [com.bocom.jump.bp.support.TRACER][9045927]     [hostName:PC2014101864 requestId:54B8D0F2-FF00-0037-00C8-ABE90FE9C1B1 processId_gdeupsb.lotQueryCathectic  ] ::TRACER:: Starting executable action 'act', class:com.bocom.bbip.gdeupsb.action.lot.QueryCathecticAction
20150326_14:15:43.806 [DefaultMessageListenerContainer-5] [com.bocom.bbip.eups.action.BaseAction][9049094]     [hostName:PC2014101864 requestId:54B8D0F2-FF00-0037-00C8-ABE90FE9C1B1 processId_gdeupsb.lotQueryCathectic  ] Enter in QueryCathecticAction... 
20150326_14:15:45.866 [DefaultMessageListenerContainer-5] [org.springframework.beans.factory.support.DefaultListableBeanFactory][9051154]     [hostName:PC2014101864 requestId:54B8D0F2-FF00-0037-00C8-ABE90FE9C1B1 processId_gdeupsb.lotQueryCathectic  ] Returning cached instance of singleton bean 'GdLotTxnJnlRepository'
20150326_14:15:45.866 [DefaultMessageListenerContainer-5] [com.bocom.jump.bp.service.sqlmap.support.SqlSessionUtils][9051154]     [hostName:PC2014101864 requestId:54B8D0F2-FF00-0037-00C8-ABE90FE9C1B1 processId_gdeupsb.lotQueryCathectic  ] Creating SqlSession with JDBC Connection [ProxyConnection[PooledConnection[com.ibm.db2.jcc.t4.b@11ef7c3]]]
20150326_14:15:45.866 [DefaultMessageListenerContainer-5] [java.sql.Connection][9051154]     [hostName:PC2014101864 requestId:54B8D0F2-FF00-0037-00C8-ABE90FE9C1B1 processId_gdeupsb.lotQueryCathectic  ] ooo Connection Opened
20150326_14:15:45.882 [DefaultMessageListenerContainer-5] [com.bocom.jump.bp.service.sqlmap.support.SpringManagedTransaction][9051170]     [hostName:PC2014101864 requestId:54B8D0F2-FF00-0037-00C8-ABE90FE9C1B1 processId_gdeupsb.lotQueryCathectic  ] JDBC Connection [ProxyConnection[PooledConnection[com.ibm.db2.jcc.t4.b@11ef7c3]]] will be managed by Spring
20150326_14:15:45.882 [DefaultMessageListenerContainer-5] [com.bocom.jump.bp.service.sqlmap.support.SqlSessionUtils][9051170]     [hostName:PC2014101864 requestId:54B8D0F2-FF00-0037-00C8-ABE90FE9C1B1 processId_gdeupsb.lotQueryCathectic  ] Registering transaction synchronization for SqlSession [org.apache.ibatis.session.defaults.DefaultSqlSession@19ac636]
20150326_14:15:45.882 [DefaultMessageListenerContainer-5] [com.bocom.jump.bp.service.sqlmap.impl.SqlMapImpl][9051170]     [hostName:PC2014101864 requestId:54B8D0F2-FF00-0037-00C8-ABE90FE9C1B1 processId_gdeupsb.lotQueryCathectic  ] Opened SqlSession [org.apache.ibatis.session.defaults.DefaultSqlSession@19ac636] for iBATIS operation
20150326_14:15:45.899 [DefaultMessageListenerContainer-5] [java.sql.PreparedStatement][9051187]     [hostName:PC2014101864 requestId:54B8D0F2-FF00-0037-00C8-ABE90FE9C1B1 processId_gdeupsb.lotQueryCathectic  ] ==>  Executing: select a.Game_Id, a.Play_Id, T_Log_No, a.Draw_Id, a.Keno_Id, a.Bet_Mul, a.Txn_Amt, a.Bet_Lin, a.Txn_Tim, a.Txn_Log, b.Draw_Nm from gdeupsb.Gdeups_Lot_Txn_Jnl a, gdeupsb.Gdeups_Lot_Drw_Tbl b WHERE a.CRD_NO=? AND a.BET_TYP=? AND a.BET_DAT between ? and ? AND a.TXN_STS='S'and a.Game_Id='%s' and a.Draw_Id=b.Draw_Id order by a.TXN_TIM desc 
20150326_14:15:45.899 [DefaultMessageListenerContainer-5] [java.sql.PreparedStatement][9051187]     [hostName:PC2014101864 requestId:54B8D0F2-FF00-0037-00C8-ABE90FE9C1B1 processId_gdeupsb.lotQueryCathectic  ] ==> Parameters: 5218990717753718(String), 0(String), 19990101(String), 29991231(String)
20150326_14:15:45.945 [DefaultMessageListenerContainer-5] [com.bocom.jump.bp.service.sqlmap.support.SqlSessionUtils][9051233]     [hostName:PC2014101864 requestId:54B8D0F2-FF00-0037-00C8-ABE90FE9C1B1 processId_gdeupsb.lotQueryCathectic  ] Releasing transactional SqlSession [org.apache.ibatis.session.defaults.DefaultSqlSession@19ac636]
20150326_14:16:59.355 [DefaultMessageListenerContainer-5] [com.bocom.jump.bp.support.TRACER][9124643]     [hostName:PC2014101864 requestId:54B8D0F2-FF00-0037-00C8-ABE90FE9C1B1 processId_gdeupsb.lotQueryCathectic  ] ::TRACER:: Finished action 'act'
20150326_14:16:59.355 [DefaultMessageListenerContainer-5] [com.bocom.jump.bp.service.sqlmap.support.SqlSessionUtils][9124643]     [hostName:PC2014101864 requestId:54B8D0F2-FF00-0037-00C8-ABE90FE9C1B1 processId_gdeupsb.lotQueryCathectic  ] Transaction synchronization committing SqlSession [org.apache.ibatis.session.defaults.DefaultSqlSession@19ac636]
20150326_14:16:59.355 [DefaultMessageListenerContainer-5] [org.springframework.jdbc.datasource.DataSourceTransactionManager][9124643]     [hostName:PC2014101864 requestId:54B8D0F2-FF00-0037-00C8-ABE90FE9C1B1 processId_gdeupsb.lotQueryCathectic  ] Initiating transaction commit
20150326_14:16:59.355 [DefaultMessageListenerContainer-5] [org.springframework.jdbc.datasource.DataSourceTransactionManager][9124643]     [hostName:PC2014101864 requestId:54B8D0F2-FF00-0037-00C8-ABE90FE9C1B1 processId_gdeupsb.lotQueryCathectic  ] Committing JDBC transaction on Connection [ProxyConnection[PooledConnection[com.ibm.db2.jcc.t4.b@11ef7c3]]]
20150326_14:16:59.355 [DefaultMessageListenerContainer-5] [com.bocom.jump.bp.service.sqlmap.support.SqlSessionUtils][9124643]     [hostName:PC2014101864 requestId:54B8D0F2-FF00-0037-00C8-ABE90FE9C1B1 processId_gdeupsb.lotQueryCathectic  ] Transaction synchronization closing SqlSession [org.apache.ibatis.session.defaults.DefaultSqlSession@19ac636]
20150326_14:16:59.355 [DefaultMessageListenerContainer-5] [org.springframework.jdbc.datasource.DataSourceTransactionManager][9124643]     [hostName:PC2014101864 requestId:54B8D0F2-FF00-0037-00C8-ABE90FE9C1B1 processId_gdeupsb.lotQueryCathectic  ] Releasing JDBC Connection [ProxyConnection[PooledConnection[com.ibm.db2.jcc.t4.b@11ef7c3]]] after transaction
20150326_14:16:59.355 [DefaultMessageListenerContainer-5] [org.springframework.jdbc.datasource.DataSourceUtils][9124643]     [hostName:PC2014101864 requestId:54B8D0F2-FF00-0037-00C8-ABE90FE9C1B1 processId_gdeupsb.lotQueryCathectic  ] Returning JDBC Connection to DataSource
20150326_14:16:59.355 [DefaultMessageListenerContainer-5] [com.bocom.jump.bp.support.TRACER][9124643]     [hostName:PC2014101864 requestId:54B8D0F2-FF00-0037-00C8-ABE90FE9C1B1 processId_gdeupsb.lotQueryCathectic  ] ::TRACER:: @finished actions template 'eups.simpleTran'
20150326_14:16:59.355 [DefaultMessageListenerContainer-5] [com.bocom.jump.bp.channel.ws.srv.WebServiceEndpointMapping][9124643]     [hostName:PC2014101864 requestId:54B8D0F2-FF00-0037-00C8-ABE90FE9C1B1   ] response data: {crdNo=5218990717753718, betTyp=0, reqJrnNo=0, rspMsg=没符合查询条件的记录, sup2Auth=, txnTme=2015-03-26 14:15:40, rspTime=Thu Mar 26 14:16:59 CST 2015, br=01441200999, sup2Id=, txnDte=Thu Mar 26 14:15:40 CST 2015, version=1.0.0, bk=441999, traceSrc=MB441, responseType=N, eupsBusTyp=GDEUPSB, sup1Auth=, filler=, responseCode=SC0000, begDat=19990101, reqTme=2015-03-26 14:15:40.0, txnCde=TLU6, rspJrnNo=20150326000000002403, tlr=ABIA041, sqn=20150326000000002403, authLvl=00, rspCde=LOT999, sup1Id=, traceNo=12345620150326000000001808, chn=35, endDat=29991231, replyInformation={responseCode=SC0000, responseType=N}, tlrTmlId=DVID}
20150326_14:16:59.355 [DefaultMessageListenerContainer-5] [com.bocom.jump.bp.channel.ws.srv.WebServiceEndpointMapping][9124643]     [hostName:PC2014101864 requestId:54B8D0F2-FF00-0037-00C8-ABE90FE9C1B1   ] Marshalling [{crdNo=5218990717753718, betTyp=0, QNameMapping.current={http://gdeupsb.service.bankcomm.com/basic/atomic/operation.GDEUPSBLotService/Schema}qryLotTxnJnlInfo, reqJrnNo=0, rspMsg=没符合查询条件的记录, sup2Auth=, txnTme=2015-03-26 14:15:40, rspTime=Thu Mar 26 14:16:59 CST 2015, br=01441200999, sup2Id=, txnDte=Thu Mar 26 14:15:40 CST 2015, version=1.0.0, bk=441999, traceSrc=MB441, responseType=N, eupsBusTyp=GDEUPSB, sup1Auth=, filler=, responseCode=SC0000, begDat=19990101, reqTme=2015-03-26 14:15:40.0, txnCde=TLU6, rspJrnNo=20150326000000002403, tlr=ABIA041, sqn=20150326000000002403, authLvl=00, rspCde=LOT999, sup1Id=, traceNo=12345620150326000000001808, chn=35, endDat=29991231, replyInformation={responseCode=SC0000, responseType=N}, tlrTmlId=DVID}] to response payload
20150326_14:16:59.370 [DefaultMessageListenerContainer-5] [com.bocom.jump.bp.requestTracing][9124658]     [hostName:PC2014101864 requestId:54B8D0F2-FF00-0037-00C8-ABE90FE9C1B1  service.timing:78840 ] 
20150326_14:16:59.370 [DefaultMessageListenerContainer-5] [org.springframework.ws.server.MessageTracing.sent][9124658]     [hostName:PC2014101864    ] Sent response [AxiomSoapMessage {http://gdeupsb.service.bankcomm.com/basic/atomic/operation.GDEUPSBLotService/Schema}qryLotTxnJnlInfoResponse] for request [AxiomSoapMessage {http://gdeupsb.service.bankcomm.com/basic/atomic/operation.GDEUPSBLotService/Schema}qryLotTxnJnlInfo]
20150326_14:16:59.370 [DefaultMessageListenerContainer-5] [org.apache.axiom.om.OMOutputFormat][9124658]     [hostName:PC2014101864    ] Start getContentType: OMOutputFormat [ mimeBoundary =null rootContentId=null doOptimize=false doingSWA=false isSOAP11=true charSetEncoding=UTF-8 xmlVersion=null contentType=null ignoreXmlDeclaration=false autoCloseWriter=false actionProperty=null optimizedThreshold=0]
20150326_14:16:59.370 [DefaultMessageListenerContainer-5] [org.apache.axiom.om.OMOutputFormat][9124658]     [hostName:PC2014101864    ] getContentType= {text/xml}   OMOutputFormat [ mimeBoundary =null rootContentId=null doOptimize=false doingSWA=false isSOAP11=true charSetEncoding=UTF-8 xmlVersion=null contentType=text/xml ignoreXmlDeclaration=false autoCloseWriter=false actionProperty=null optimizedThreshold=0]
20150326_14:16:59.370 [DefaultMessageListenerContainer-5] [org.apache.axiom.om.impl.MTOMXMLStreamWriter][9124658]     [hostName:PC2014101864    ] OutputStream =class org.springframework.ws.transport.AbstractReceiverConnection$ResponseTransportOutputStream
20150326_14:16:59.370 [DefaultMessageListenerContainer-5] [org.apache.axiom.om.impl.MTOMXMLStreamWriter][9124658]     [hostName:PC2014101864    ] OMFormat = OMOutputFormat [ mimeBoundary =null rootContentId=null doOptimize=false doingSWA=false isSOAP11=true charSetEncoding=UTF-8 xmlVersion=null contentType=text/xml ignoreXmlDeclaration=false autoCloseWriter=false actionProperty=null optimizedThreshold=0]
20150326_14:16:59.370 [DefaultMessageListenerContainer-5] [org.apache.axiom.om.util.StAXUtils][9124658]     [hostName:PC2014101864    ] XMLStreamWriter is weblogic.xml.stax.XMLWriterBase
20150326_14:16:59.370 [DefaultMessageListenerContainer-5] [org.apache.axiom.om.impl.MTOMXMLStreamWriter][9124658]     [hostName:PC2014101864    ] Calling MTOMXMLStreamWriter.flush
20150326_14:16:59.370 [DefaultMessageListenerContainer-5] [org.apache.axiom.om.impl.MTOMXMLStreamWriter][9124658]     [hostName:PC2014101864    ] close
20150326_14:16:59.370 [DefaultMessageListenerContainer-5] [org.springframework.ws.transport.jms.BGSPJmsReceiverConnection][9124658]     [hostName:PC2014101864    ] Reply message to [queue://MQGDBBIP11/LOCALQ.CHNBBIP01.RSP] queue.
20150326_14:17:53.036 [DefaultMessageListenerContainer-5] [org.springframework.jms.listener.DefaultMessageListenerContainer][9178324]     [hostName:PC2014101864    ] Received message of type [class weblogic.jms.common.BytesMessageImpl] from consumer [weblogic.jms.client.WLConsumerImpl@19bd707] of session [weblogic.jms.client.WLSessionImpl@421ed4]
20150326_14:17:53.099 [DefaultMessageListenerContainer-5] [com.bocom.bbip.channel.jms.BGSPWebServiceMessageListener][9178387]     [hostName:PC2014101864    ] Create  MQ connection
20150326_14:17:53.114 [DefaultMessageListenerContainer-5] [com.bocom.bbip.channel.jms.BGSPWebServiceMessageListener][9178402]     [hostName:PC2014101864    ] Create MQ  session connection
20150326_14:17:53.114 [DefaultMessageListenerContainer-5] [com.bocom.bbip.channel.jms.BGSPWebServiceMessageListener][9178402]     [hostName:PC2014101864    ] Accepting incoming [org.springframework.ws.transport.jms.BGSPJmsReceiverConnection@16bc1dc] to [jms:BBIP_JMS_MODULE!JMS_CLUSTER_SVR_02@GDEUPSB.WS.REQ]
20150326_14:17:53.114 [DefaultMessageListenerContainer-5] [org.apache.axiom.soap.impl.builder.StAXSOAPModelBuilder][9178402]     [hostName:PC2014101864    ] Build the OMElement Envelope by the StaxSOAPModelBuilder
20150326_14:17:53.114 [DefaultMessageListenerContainer-5] [org.apache.axiom.soap.impl.builder.StAXSOAPModelBuilder][9178402]     [hostName:PC2014101864    ] Build the OMElement Header by the StaxSOAPModelBuilder
20150326_14:17:53.114 [DefaultMessageListenerContainer-5] [org.apache.axiom.soap.impl.builder.StAXSOAPModelBuilder][9178402]     [hostName:PC2014101864    ] Build the OMElement To by the StaxSOAPModelBuilder
20150326_14:17:53.114 [DefaultMessageListenerContainer-5] [org.apache.axiom.soap.impl.builder.StAXSOAPModelBuilder][9178402]     [hostName:PC2014101864    ] Build the OMElement From by the StaxSOAPModelBuilder
20150326_14:17:53.114 [DefaultMessageListenerContainer-5] [org.apache.axiom.soap.impl.builder.StAXSOAPModelBuilder][9178402]     [hostName:PC2014101864    ] Build the OMElement Address by the StaxSOAPModelBuilder
20150326_14:17:53.114 [DefaultMessageListenerContainer-5] [org.apache.axiom.soap.impl.builder.StAXSOAPModelBuilder][9178402]     [hostName:PC2014101864    ] Build the OMElement Action by the StaxSOAPModelBuilder
20150326_14:17:53.114 [DefaultMessageListenerContainer-5] [org.apache.axiom.soap.impl.builder.StAXSOAPModelBuilder][9178402]     [hostName:PC2014101864    ] Build the OMElement MessageID by the StaxSOAPModelBuilder
20150326_14:17:53.114 [DefaultMessageListenerContainer-5] [org.apache.axiom.soap.impl.builder.StAXSOAPModelBuilder][9178402]     [hostName:PC2014101864    ] Build the OMElement Body by the StaxSOAPModelBuilder
20150326_14:17:53.114 [DefaultMessageListenerContainer-5] [org.apache.axiom.soap.impl.builder.StAXSOAPModelBuilder][9178402]     [hostName:PC2014101864    ] Build the OMElement qryLotTxnJnlInfo by the StaxSOAPModelBuilder
20150326_14:17:53.114 [DefaultMessageListenerContainer-5] [org.springframework.ws.server.MessageTracing.received][9178402]     [hostName:PC2014101864    ] Received request [AxiomSoapMessage {http://gdeupsb.service.bankcomm.com/basic/atomic/operation.GDEUPSBLotService/Schema}qryLotTxnJnlInfo]
20150326_14:17:53.114 [DefaultMessageListenerContainer-5] [org.springframework.ws.soap.server.SoapMessageDispatcher][9178402]     [hostName:PC2014101864    ] Endpoint mapping [com.bocom.jump.bp.channel.ws.srv.WebServiceEndpointMapping@15e86c5] maps request to endpoint [com.bocom.jump.bp.channel.ws.srv.WebServiceEndpointMapping@15e86c5]
20150326_14:17:53.114 [DefaultMessageListenerContainer-5] [org.springframework.ws.soap.server.SoapMessageDispatcher][9178402]     [hostName:PC2014101864    ] Testing endpoint adapter [org.springframework.ws.server.endpoint.adapter.MessageEndpointAdapter@b9f5f4]
20150326_14:17:53.114 [DefaultMessageListenerContainer-5] [org.apache.axiom.soap.impl.builder.StAXSOAPModelBuilder][9178402]     [hostName:PC2014101864    ] Build the OMElement requestInformation by the StaxSOAPModelBuilder
20150326_14:17:53.114 [DefaultMessageListenerContainer-5] [org.apache.axiom.soap.impl.builder.StAXSOAPModelBuilder][9178402]     [hostName:PC2014101864    ] Build the OMElement traceNo by the StaxSOAPModelBuilder
20150326_14:17:53.114 [DefaultMessageListenerContainer-5] [com.bocom.jump.bp.channel.ws.srv.a][9178402]     [hostName:PC2014101864    ] use default endpoint.
20150326_14:17:53.131 [DefaultMessageListenerContainer-5] [org.springframework.beans.factory.support.DefaultListableBeanFactory][9178419]     [hostName:PC2014101864    ] Returning cached instance of singleton bean 'serviceRegistry'
20150326_14:17:53.131 [DefaultMessageListenerContainer-5] [org.apache.axiom.soap.impl.builder.StAXSOAPModelBuilder][9178419]     [hostName:PC2014101864 requestId:54BAD6EB-FF00-0037-00C8-ABE99603B5AD   ] Build the OMElement version by the StaxSOAPModelBuilder
20150326_14:17:53.131 [DefaultMessageListenerContainer-5] [org.apache.axiom.soap.impl.builder.StAXSOAPModelBuilder][9178419]     [hostName:PC2014101864 requestId:54BAD6EB-FF00-0037-00C8-ABE99603B5AD   ] Build the OMElement traceSrc by the StaxSOAPModelBuilder
20150326_14:17:53.131 [DefaultMessageListenerContainer-5] [org.apache.axiom.soap.impl.builder.StAXSOAPModelBuilder][9178419]     [hostName:PC2014101864 requestId:54BAD6EB-FF00-0037-00C8-ABE99603B5AD   ] Build the OMElement request by the StaxSOAPModelBuilder
20150326_14:17:53.131 [DefaultMessageListenerContainer-5] [org.apache.axiom.soap.impl.builder.StAXSOAPModelBuilder][9178419]     [hostName:PC2014101864 requestId:54BAD6EB-FF00-0037-00C8-ABE99603B5AD   ] Build the OMElement requestHeader by the StaxSOAPModelBuilder
20150326_14:17:53.131 [DefaultMessageListenerContainer-5] [org.apache.axiom.soap.impl.builder.StAXSOAPModelBuilder][9178419]     [hostName:PC2014101864 requestId:54BAD6EB-FF00-0037-00C8-ABE99603B5AD   ] Build the OMElement bbipRequestHead by the StaxSOAPModelBuilder
20150326_14:17:53.131 [DefaultMessageListenerContainer-5] [org.apache.axiom.soap.impl.builder.StAXSOAPModelBuilder][9178419]     [hostName:PC2014101864 requestId:54BAD6EB-FF00-0037-00C8-ABE99603B5AD   ] Build the OMElement txnCde by the StaxSOAPModelBuilder
20150326_14:17:53.131 [DefaultMessageListenerContainer-5] [org.apache.axiom.soap.impl.builder.StAXSOAPModelBuilder][9178419]     [hostName:PC2014101864 requestId:54BAD6EB-FF00-0037-00C8-ABE99603B5AD   ] Build the OMElement chn by the StaxSOAPModelBuilder
20150326_14:17:53.131 [DefaultMessageListenerContainer-5] [org.apache.axiom.soap.impl.builder.StAXSOAPModelBuilder][9178419]     [hostName:PC2014101864 requestId:54BAD6EB-FF00-0037-00C8-ABE99603B5AD   ] Build the OMElement reqJrnNo by the StaxSOAPModelBuilder
20150326_14:17:53.147 [DefaultMessageListenerContainer-5] [org.apache.axiom.soap.impl.builder.StAXSOAPModelBuilder][9178435]     [hostName:PC2014101864 requestId:54BAD6EB-FF00-0037-00C8-ABE99603B5AD   ] Build the OMElement tlr by the StaxSOAPModelBuilder
20150326_14:17:53.147 [DefaultMessageListenerContainer-5] [org.apache.axiom.soap.impl.builder.StAXSOAPModelBuilder][9178435]     [hostName:PC2014101864 requestId:54BAD6EB-FF00-0037-00C8-ABE99603B5AD   ] Build the OMElement br by the StaxSOAPModelBuilder
20150326_14:17:53.147 [DefaultMessageListenerContainer-5] [org.apache.axiom.soap.impl.builder.StAXSOAPModelBuilder][9178435]     [hostName:PC2014101864 requestId:54BAD6EB-FF00-0037-00C8-ABE99603B5AD   ] Build the OMElement bk by the StaxSOAPModelBuilder
20150326_14:17:53.147 [DefaultMessageListenerContainer-5] [org.apache.axiom.soap.impl.builder.StAXSOAPModelBuilder][9178435]     [hostName:PC2014101864 requestId:54BAD6EB-FF00-0037-00C8-ABE99603B5AD   ] Build the OMElement tlrTmlId by the StaxSOAPModelBuilder
20150326_14:17:53.147 [DefaultMessageListenerContainer-5] [org.apache.axiom.soap.impl.builder.StAXSOAPModelBuilder][9178435]     [hostName:PC2014101864 requestId:54BAD6EB-FF00-0037-00C8-ABE99603B5AD   ] Build the OMElement authLvl by the StaxSOAPModelBuilder
20150326_14:17:53.147 [DefaultMessageListenerContainer-5] [org.apache.axiom.soap.impl.builder.StAXSOAPModelBuilder][9178435]     [hostName:PC2014101864 requestId:54BAD6EB-FF00-0037-00C8-ABE99603B5AD   ] Build the OMElement sup1Id by the StaxSOAPModelBuilder
20150326_14:17:53.147 [DefaultMessageListenerContainer-5] [org.apache.axiom.soap.impl.builder.StAXSOAPModelBuilder][9178435]     [hostName:PC2014101864 requestId:54BAD6EB-FF00-0037-00C8-ABE99603B5AD   ] Build the OMElement sup1Auth by the StaxSOAPModelBuilder
20150326_14:17:53.147 [DefaultMessageListenerContainer-5] [org.apache.axiom.soap.impl.builder.StAXSOAPModelBuilder][9178435]     [hostName:PC2014101864 requestId:54BAD6EB-FF00-0037-00C8-ABE99603B5AD   ] Build the OMElement sup2Id by the StaxSOAPModelBuilder
20150326_14:17:53.147 [DefaultMessageListenerContainer-5] [org.apache.axiom.soap.impl.builder.StAXSOAPModelBuilder][9178435]     [hostName:PC2014101864 requestId:54BAD6EB-FF00-0037-00C8-ABE99603B5AD   ] Build the OMElement sup2Auth by the StaxSOAPModelBuilder
20150326_14:17:53.147 [DefaultMessageListenerContainer-5] [org.apache.axiom.soap.impl.builder.StAXSOAPModelBuilder][9178435]     [hostName:PC2014101864 requestId:54BAD6EB-FF00-0037-00C8-ABE99603B5AD   ] Build the OMElement filler by the StaxSOAPModelBuilder
20150326_14:17:53.147 [DefaultMessageListenerContainer-5] [org.apache.axiom.soap.impl.builder.StAXSOAPModelBuilder][9178435]     [hostName:PC2014101864 requestId:54BAD6EB-FF00-0037-00C8-ABE99603B5AD   ] Build the OMElement reqTme by the StaxSOAPModelBuilder
20150326_14:17:53.147 [DefaultMessageListenerContainer-5] [org.apache.axiom.soap.impl.builder.StAXSOAPModelBuilder][9178435]     [hostName:PC2014101864 requestId:54BAD6EB-FF00-0037-00C8-ABE99603B5AD   ] Build the OMElement eupsBusTyp by the StaxSOAPModelBuilder
20150326_14:17:53.147 [DefaultMessageListenerContainer-5] [org.apache.axiom.soap.impl.builder.StAXSOAPModelBuilder][9178435]     [hostName:PC2014101864 requestId:54BAD6EB-FF00-0037-00C8-ABE99603B5AD   ] Build the OMElement crdNo by the StaxSOAPModelBuilder
20150326_14:17:53.147 [DefaultMessageListenerContainer-5] [org.apache.axiom.soap.impl.builder.StAXSOAPModelBuilder][9178435]     [hostName:PC2014101864 requestId:54BAD6EB-FF00-0037-00C8-ABE99603B5AD   ] Build the OMElement betTyp by the StaxSOAPModelBuilder
20150326_14:17:53.147 [DefaultMessageListenerContainer-5] [org.apache.axiom.soap.impl.builder.StAXSOAPModelBuilder][9178435]     [hostName:PC2014101864 requestId:54BAD6EB-FF00-0037-00C8-ABE99603B5AD   ] Build the OMElement begDat by the StaxSOAPModelBuilder
20150326_14:17:53.147 [DefaultMessageListenerContainer-5] [org.apache.axiom.soap.impl.builder.StAXSOAPModelBuilder][9178435]     [hostName:PC2014101864 requestId:54BAD6EB-FF00-0037-00C8-ABE99603B5AD   ] Build the OMElement endDat by the StaxSOAPModelBuilder
20150326_14:17:53.147 [DefaultMessageListenerContainer-5] [com.bocom.jump.bp.channel.ws.srv.WebServiceEndpointMapping][9178435]     [hostName:PC2014101864 requestId:54BAD6EB-FF00-0037-00C8-ABE99603B5AD   ] Unmarshalled payload request to [{crdNo=5218990717753718, betTyp=0, QNameMapping.current={http://gdeupsb.service.bankcomm.com/basic/atomic/operation.GDEUPSBLotService/Schema}qryLotTxnJnlInfo, begDat=19990101, reqJrnNo=0, txnCde=TLU6, reqTme=2015-03-26 14:17:52.0, sup2Auth=, tlr=ABIA041, br=01441200999, sup2Id=, version=1.0.0, authLvl=00, sup1Id=, bk=441999, traceSrc=MB441, eupsBusTyp=GDEUPSB, sup1Auth=, traceNo=12345620150326000000001810, chn=35, filler=, endDat=29991231, tlrTmlId=DVID}]
20150326_14:17:53.147 [DefaultMessageListenerContainer-5] [com.bocom.jump.bp.channel.ws.srv.WebServiceEndpointMapping][9178435]     [hostName:PC2014101864 requestId:54BAD6EB-FF00-0037-00C8-ABE99603B5AD   ] request data: {crdNo=5218990717753718, betTyp=0, QNameMapping.current={http://gdeupsb.service.bankcomm.com/basic/atomic/operation.GDEUPSBLotService/Schema}qryLotTxnJnlInfo, begDat=19990101, reqJrnNo=0, txnCde=TLU6, reqTme=2015-03-26 14:17:52.0, sup2Auth=, tlr=ABIA041, br=01441200999, sup2Id=, version=1.0.0, authLvl=00, sup1Id=, bk=441999, traceSrc=MB441, eupsBusTyp=GDEUPSB, sup1Auth=, traceNo=12345620150326000000001810, chn=35, filler=, endDat=29991231, tlrTmlId=DVID}
20150326_14:17:53.147 [DefaultMessageListenerContainer-5] [com.bocom.jump.bp.channel.ws.srv.WebServiceEndpointMapping][9178435]     [hostName:PC2014101864 requestId:54BAD6EB-FF00-0037-00C8-ABE99603B5AD   ] mapping QName to identity: {http://gdeupsb.service.bankcomm.com/basic/atomic/operation.GDEUPSBLotService/Schema}qryLotTxnJnlInfo -> gdeupsb.lotQueryCathectic
20150326_14:17:53.178 [DefaultMessageListenerContainer-5] [org.springframework.beans.factory.support.DefaultListableBeanFactory][9178466]     [hostName:PC2014101864 requestId:54BAD6EB-FF00-0037-00C8-ABE99603B5AD   ] Returning cached instance of singleton bean 'coreDispatcher'
20150326_14:17:53.193 [DefaultMessageListenerContainer-5] [com.bocom.jump.bp.support.TRACER][9178481]     [hostName:PC2014101864 requestId:54BAD6EB-FF00-0037-00C8-ABE99603B5AD   ] ::TRACER:: dispatching with context 
context[id=gdeupsb.lotQueryCathectic, locale=zh_CN, timestamp=2015-03-26 14:17:53.114, requestId=54BAD6EB-FF00-0037-00C8-ABE99603B5AD]
  dataMap: {crdNo=5218990717753718, betTyp=0, begDat=19990101, reqTme=2015-03-26 14:17:52.0, txnCde=TLU6, reqJrnNo=0, sup2Auth=, tlr=ABIA041, br=01441200999, sup2Id=, version=1.0.0, authLvl=00, sup1Id=, bk=441999, traceSrc=MB441, eupsBusTyp=GDEUPSB, traceNo=12345620150326000000001810, sup1Auth=, chn=35, filler=, endDat=29991231, tlrTmlId=DVID}
  rawData: {crdNo=5218990717753718, betTyp=0, begDat=19990101, reqJrnNo=0, txnCde=TLU6, reqTme=2015-03-26 14:17:52.0, sup2Auth=, tlr=ABIA041, br=01441200999, sup2Id=, version=1.0.0, authLvl=00, sup1Id=, bk=441999, traceSrc=MB441, eupsBusTyp=GDEUPSB, sup1Auth=, traceNo=12345620150326000000001810, chn=35, filler=, endDat=29991231, tlrTmlId=DVID}
  requestMap: {QNameMapping.current={http://gdeupsb.service.bankcomm.com/basic/atomic/operation.GDEUPSBLotService/Schema}qryLotTxnJnlInfo}
20150326_14:17:53.193 [DefaultMessageListenerContainer-5] [org.springframework.beans.factory.support.DefaultListableBeanFactory][9178481]     [hostName:PC2014101864 requestId:54BAD6EB-FF00-0037-00C8-ABE99603B5AD   ] Returning cached instance of singleton bean 'gdeupsb.lotQueryCathectic'
20150326_14:17:53.193 [DefaultMessageListenerContainer-5] [org.springframework.beans.factory.support.DefaultListableBeanFactory][9178481]     [hostName:PC2014101864 requestId:54BAD6EB-FF00-0037-00C8-ABE99603B5AD   ] Returning cached instance of singleton bean 'eups.transMessageInterceptor'
20150326_14:17:53.193 [DefaultMessageListenerContainer-5] [com.bocom.jump.bp.processTracing][9178481]     [hostName:PC2014101864 requestId:54BAD6EB-FF00-0037-00C8-ABE99603B5AD processId_gdeupsb.lotQueryCathectic  ] 
20150326_14:17:53.193 [DefaultMessageListenerContainer-5] [org.springframework.jdbc.datasource.DataSourceUtils][9178481]     [hostName:PC2014101864 requestId:54BAD6EB-FF00-0037-00C8-ABE99603B5AD processId_gdeupsb.lotQueryCathectic  ] Fetching JDBC Connection from DataSource
20150326_14:17:53.193 [DefaultMessageListenerContainer-5] [com.bocom.jump.bp.service.sqlmap.support.SqlSessionUtils][9178481]     [hostName:PC2014101864 requestId:54BAD6EB-FF00-0037-00C8-ABE99603B5AD processId_gdeupsb.lotQueryCathectic  ] Creating SqlSession with JDBC Connection [ProxyConnection[PooledConnection[com.ibm.db2.jcc.t4.b@11ef7c3]]]
20150326_14:17:53.193 [DefaultMessageListenerContainer-5] [java.sql.Connection][9178481]     [hostName:PC2014101864 requestId:54BAD6EB-FF00-0037-00C8-ABE99603B5AD processId_gdeupsb.lotQueryCathectic  ] ooo Connection Opened
20150326_14:17:53.193 [DefaultMessageListenerContainer-5] [com.bocom.jump.bp.service.sqlmap.support.SpringManagedTransaction][9178481]     [hostName:PC2014101864 requestId:54BAD6EB-FF00-0037-00C8-ABE99603B5AD processId_gdeupsb.lotQueryCathectic  ] JDBC Connection [ProxyConnection[PooledConnection[com.ibm.db2.jcc.t4.b@11ef7c3]]] will not be managed by Spring
20150326_14:17:53.193 [DefaultMessageListenerContainer-5] [com.bocom.jump.bp.service.sqlmap.support.SqlSessionUtils][9178481]     [hostName:PC2014101864 requestId:54BAD6EB-FF00-0037-00C8-ABE99603B5AD processId_gdeupsb.lotQueryCathectic  ] SqlSession [org.apache.ibatis.session.defaults.DefaultSqlSession@1848167] was not registered for synchronization because synchronization is not active
20150326_14:17:53.193 [DefaultMessageListenerContainer-5] [com.bocom.jump.bp.service.sqlmap.impl.SqlMapImpl][9178481]     [hostName:PC2014101864 requestId:54BAD6EB-FF00-0037-00C8-ABE99603B5AD processId_gdeupsb.lotQueryCathectic  ] Opened SqlSession [org.apache.ibatis.session.defaults.DefaultSqlSession@1848167] for iBATIS operation
20150326_14:17:53.240 [DefaultMessageListenerContainer-5] [java.sql.PreparedStatement][9178528]     [hostName:PC2014101864 requestId:54BAD6EB-FF00-0037-00C8-ABE99603B5AD processId_gdeupsb.lotQueryCathectic  ] ==>  Executing: select COM_NO, BUS_KND, EUPS_BUS_TYP, CMU_MDE, PKG_LEN_TYP, PKG_LEN_POS_LEN, THD_IP_ADR, BID_POT, LSD_POT, COM_NME, SIG_SET_TYP, SIG_TME, SIG_OUT_TME, THD_RCN_TME, TXN_TME_CTL1, TXN_TME_CTL2, TXN_DTE_CTL1, TXN_DTE_CTL2, TXN_DTE_CTL3, CMT_FLG, BIL_VOU_FLG, THD_RVS_FLG, CMU_UNM, CMU_PSW, TME_OUT, CMU_STS, CMU_KEY, USE_STS from EUPS.EUPS_THD_BASE_INFO WHERE EUPS_BUS_TYP=? AND USE_STS=? 
20150326_14:17:53.240 [DefaultMessageListenerContainer-5] [java.sql.PreparedStatement][9178528]     [hostName:PC2014101864 requestId:54BAD6EB-FF00-0037-00C8-ABE99603B5AD processId_gdeupsb.lotQueryCathectic  ] ==> Parameters: GDEUPSB(String), 0(String)
20150326_14:17:53.256 [DefaultMessageListenerContainer-5] [com.bocom.jump.bp.service.sqlmap.support.SqlSessionUtils][9178544]     [hostName:PC2014101864 requestId:54BAD6EB-FF00-0037-00C8-ABE99603B5AD processId_gdeupsb.lotQueryCathectic  ] Closing no transactional SqlSession [org.apache.ibatis.session.defaults.DefaultSqlSession@1848167]
20150326_14:17:53.256 [DefaultMessageListenerContainer-5] [org.springframework.jdbc.datasource.DataSourceUtils][9178544]     [hostName:PC2014101864 requestId:54BAD6EB-FF00-0037-00C8-ABE99603B5AD processId_gdeupsb.lotQueryCathectic  ] Returning JDBC Connection to DataSource
20150326_14:17:53.256 [DefaultMessageListenerContainer-5] [com.bocom.bbip.eups.interceptor.TransMessageInterceptor][9178544]     [hostName:PC2014101864 requestId:54BAD6EB-FF00-0037-00C8-ABE99603B5AD processId_gdeupsb.lotQueryCathectic  ] sqn is:20150326000000002404
20150326_14:17:53.256 [DefaultMessageListenerContainer-5] [org.springframework.beans.factory.support.DefaultListableBeanFactory][9178544]     [hostName:PC2014101864 requestId:54BAD6EB-FF00-0037-00C8-ABE99603B5AD processId_gdeupsb.lotQueryCathectic  ] Returning cached instance of singleton bean 'eups.simpleTran'
20150326_14:17:53.256 [DefaultMessageListenerContainer-5] [com.bocom.jump.bp.support.TRACER][9178544]     [hostName:PC2014101864 requestId:54BAD6EB-FF00-0037-00C8-ABE99603B5AD processId_gdeupsb.lotQueryCathectic  ] ::TRACER:: @starting actions template 'eups.simpleTran'
20150326_14:17:53.256 [DefaultMessageListenerContainer-5] [org.springframework.jdbc.datasource.DataSourceTransactionManager][9178544]     [hostName:PC2014101864 requestId:54BAD6EB-FF00-0037-00C8-ABE99603B5AD processId_gdeupsb.lotQueryCathectic  ] Creating new transaction with name [null]: PROPAGATION_REQUIRED,ISOLATION_DEFAULT
20150326_14:17:53.256 [DefaultMessageListenerContainer-5] [org.springframework.jdbc.datasource.DataSourceTransactionManager][9178544]     [hostName:PC2014101864 requestId:54BAD6EB-FF00-0037-00C8-ABE99603B5AD processId_gdeupsb.lotQueryCathectic  ] Acquired Connection [ProxyConnection[PooledConnection[com.ibm.db2.jcc.t4.b@11ef7c3]]] for JDBC transaction
20150326_14:17:53.256 [DefaultMessageListenerContainer-5] [org.springframework.jdbc.datasource.DataSourceTransactionManager][9178544]     [hostName:PC2014101864 requestId:54BAD6EB-FF00-0037-00C8-ABE99603B5AD processId_gdeupsb.lotQueryCathectic  ] Switching JDBC Connection [ProxyConnection[PooledConnection[com.ibm.db2.jcc.t4.b@11ef7c3]]] to manual commit
20150326_14:17:53.256 [DefaultMessageListenerContainer-5] [com.bocom.jump.bp.support.TRACER][9178544]     [hostName:PC2014101864 requestId:54BAD6EB-FF00-0037-00C8-ABE99603B5AD processId_gdeupsb.lotQueryCathectic  ] ::TRACER:: Starting executable action 'act', class:com.bocom.bbip.gdeupsb.action.lot.QueryCathecticAction
20150326_14:17:53.256 [DefaultMessageListenerContainer-5] [com.bocom.bbip.eups.action.BaseAction][9178544]     [hostName:PC2014101864 requestId:54BAD6EB-FF00-0037-00C8-ABE99603B5AD processId_gdeupsb.lotQueryCathectic  ] Enter in QueryCathecticAction... 
20150326_14:17:53.271 [DefaultMessageListenerContainer-5] [org.springframework.beans.factory.support.DefaultListableBeanFactory][9178559]     [hostName:PC2014101864 requestId:54BAD6EB-FF00-0037-00C8-ABE99603B5AD processId_gdeupsb.lotQueryCathectic  ] Returning cached instance of singleton bean 'GdLotTxnJnlRepository'
20150326_14:17:53.271 [DefaultMessageListenerContainer-5] [com.bocom.jump.bp.service.sqlmap.support.SqlSessionUtils][9178559]     [hostName:PC2014101864 requestId:54BAD6EB-FF00-0037-00C8-ABE99603B5AD processId_gdeupsb.lotQueryCathectic  ] Creating SqlSession with JDBC Connection [ProxyConnection[PooledConnection[com.ibm.db2.jcc.t4.b@11ef7c3]]]
20150326_14:17:53.271 [DefaultMessageListenerContainer-5] [java.sql.Connection][9178559]     [hostName:PC2014101864 requestId:54BAD6EB-FF00-0037-00C8-ABE99603B5AD processId_gdeupsb.lotQueryCathectic  ] ooo Connection Opened
20150326_14:17:53.271 [DefaultMessageListenerContainer-5] [com.bocom.jump.bp.service.sqlmap.support.SpringManagedTransaction][9178559]     [hostName:PC2014101864 requestId:54BAD6EB-FF00-0037-00C8-ABE99603B5AD processId_gdeupsb.lotQueryCathectic  ] JDBC Connection [ProxyConnection[PooledConnection[com.ibm.db2.jcc.t4.b@11ef7c3]]] will be managed by Spring
20150326_14:17:53.271 [DefaultMessageListenerContainer-5] [com.bocom.jump.bp.service.sqlmap.support.SqlSessionUtils][9178559]     [hostName:PC2014101864 requestId:54BAD6EB-FF00-0037-00C8-ABE99603B5AD processId_gdeupsb.lotQueryCathectic  ] Registering transaction synchronization for SqlSession [org.apache.ibatis.session.defaults.DefaultSqlSession@c9ef1]
20150326_14:17:53.271 [DefaultMessageListenerContainer-5] [com.bocom.jump.bp.service.sqlmap.impl.SqlMapImpl][9178559]     [hostName:PC2014101864 requestId:54BAD6EB-FF00-0037-00C8-ABE99603B5AD processId_gdeupsb.lotQueryCathectic  ] Opened SqlSession [org.apache.ibatis.session.defaults.DefaultSqlSession@c9ef1] for iBATIS operation
20150326_14:17:53.287 [DefaultMessageListenerContainer-5] [java.sql.PreparedStatement][9178575]     [hostName:PC2014101864 requestId:54BAD6EB-FF00-0037-00C8-ABE99603B5AD processId_gdeupsb.lotQueryCathectic  ] ==>  Executing: select a.Game_Id, a.Play_Id, T_Log_No, a.Draw_Id, a.Keno_Id, a.Bet_Mul, a.Txn_Amt, a.Bet_Lin, a.Txn_Tim, a.Txn_Log, b.Draw_Nm from gdeupsb.Gdeups_Lot_Txn_Jnl a, gdeupsb.Gdeups_Lot_Drw_Tbl b WHERE a.CRD_NO=? AND a.BET_TYP=? AND a.BET_DAT between ? and ? AND a.TXN_STS='S'and a.Game_Id='%s' and a.Draw_Id=b.Draw_Id order by a.TXN_TIM desc 
20150326_14:17:53.287 [DefaultMessageListenerContainer-5] [java.sql.PreparedStatement][9178575]     [hostName:PC2014101864 requestId:54BAD6EB-FF00-0037-00C8-ABE99603B5AD processId_gdeupsb.lotQueryCathectic  ] ==> Parameters: 5218990717753718(String), 0(String), 19990101(String), 29991231(String)
20150326_14:17:53.303 [DefaultMessageListenerContainer-5] [com.bocom.jump.bp.service.sqlmap.support.SqlSessionUtils][9178591]     [hostName:PC2014101864 requestId:54BAD6EB-FF00-0037-00C8-ABE99603B5AD processId_gdeupsb.lotQueryCathectic  ] Releasing transactional SqlSession [org.apache.ibatis.session.defaults.DefaultSqlSession@c9ef1]
20150326_14:17:53.303 [DefaultMessageListenerContainer-5] [com.bocom.jump.bp.support.TRACER][9178591]     [hostName:PC2014101864 requestId:54BAD6EB-FF00-0037-00C8-ABE99603B5AD processId_gdeupsb.lotQueryCathectic  ] ::TRACER:: Finished action 'act'
20150326_14:17:53.303 [DefaultMessageListenerContainer-5] [com.bocom.jump.bp.service.sqlmap.support.SqlSessionUtils][9178591]     [hostName:PC2014101864 requestId:54BAD6EB-FF00-0037-00C8-ABE99603B5AD processId_gdeupsb.lotQueryCathectic  ] Transaction synchronization committing SqlSession [org.apache.ibatis.session.defaults.DefaultSqlSession@c9ef1]
20150326_14:17:53.303 [DefaultMessageListenerContainer-5] [org.springframework.jdbc.datasource.DataSourceTransactionManager][9178591]     [hostName:PC2014101864 requestId:54BAD6EB-FF00-0037-00C8-ABE99603B5AD processId_gdeupsb.lotQueryCathectic  ] Initiating transaction commit
20150326_14:17:53.303 [DefaultMessageListenerContainer-5] [org.springframework.jdbc.datasource.DataSourceTransactionManager][9178591]     [hostName:PC2014101864 requestId:54BAD6EB-FF00-0037-00C8-ABE99603B5AD processId_gdeupsb.lotQueryCathectic  ] Committing JDBC transaction on Connection [ProxyConnection[PooledConnection[com.ibm.db2.jcc.t4.b@11ef7c3]]]
20150326_14:17:53.303 [DefaultMessageListenerContainer-5] [com.bocom.jump.bp.service.sqlmap.support.SqlSessionUtils][9178591]     [hostName:PC2014101864 requestId:54BAD6EB-FF00-0037-00C8-ABE99603B5AD processId_gdeupsb.lotQueryCathectic  ] Transaction synchronization closing SqlSession [org.apache.ibatis.session.defaults.DefaultSqlSession@c9ef1]
20150326_14:17:53.303 [DefaultMessageListenerContainer-5] [org.springframework.jdbc.datasource.DataSourceTransactionManager][9178591]     [hostName:PC2014101864 requestId:54BAD6EB-FF00-0037-00C8-ABE99603B5AD processId_gdeupsb.lotQueryCathectic  ] Releasing JDBC Connection [ProxyConnection[PooledConnection[com.ibm.db2.jcc.t4.b@11ef7c3]]] after transaction
20150326_14:17:53.318 [DefaultMessageListenerContainer-5] [org.springframework.jdbc.datasource.DataSourceUtils][9178606]     [hostName:PC2014101864 requestId:54BAD6EB-FF00-0037-00C8-ABE99603B5AD processId_gdeupsb.lotQueryCathectic  ] Returning JDBC Connection to DataSource
20150326_14:17:53.318 [DefaultMessageListenerContainer-5] [com.bocom.jump.bp.support.TRACER][9178606]     [hostName:PC2014101864 requestId:54BAD6EB-FF00-0037-00C8-ABE99603B5AD processId_gdeupsb.lotQueryCathectic  ] ::TRACER:: @finished actions template 'eups.simpleTran'
20150326_14:17:53.318 [DefaultMessageListenerContainer-5] [com.bocom.jump.bp.channel.ws.srv.WebServiceEndpointMapping][9178606]     [hostName:PC2014101864 requestId:54BAD6EB-FF00-0037-00C8-ABE99603B5AD   ] response data: {crdNo=5218990717753718, betTyp=0, reqJrnNo=0, rspMsg=没符合查询条件的记录, sup2Auth=, txnTme=2015-03-26 14:17:53, rspTime=Thu Mar 26 14:17:53 CST 2015, br=01441200999, sup2Id=, txnDte=Thu Mar 26 14:17:53 CST 2015, version=1.0.0, bk=441999, traceSrc=MB441, responseType=N, eupsBusTyp=GDEUPSB, sup1Auth=, filler=, responseCode=SC0000, begDat=19990101, reqTme=2015-03-26 14:17:52.0, txnCde=TLU6, rspJrnNo=20150326000000002404, tlr=ABIA041, sqn=20150326000000002404, authLvl=00, rspCde=LOT999, sup1Id=, traceNo=12345620150326000000001810, chn=35, endDat=29991231, replyInformation={responseCode=SC0000, responseType=N}, tlrTmlId=DVID}
20150326_14:17:53.318 [DefaultMessageListenerContainer-5] [com.bocom.jump.bp.channel.ws.srv.WebServiceEndpointMapping][9178606]     [hostName:PC2014101864 requestId:54BAD6EB-FF00-0037-00C8-ABE99603B5AD   ] Marshalling [{crdNo=5218990717753718, betTyp=0, QNameMapping.current={http://gdeupsb.service.bankcomm.com/basic/atomic/operation.GDEUPSBLotService/Schema}qryLotTxnJnlInfo, reqJrnNo=0, rspMsg=没符合查询条件的记录, sup2Auth=, txnTme=2015-03-26 14:17:53, rspTime=Thu Mar 26 14:17:53 CST 2015, br=01441200999, sup2Id=, txnDte=Thu Mar 26 14:17:53 CST 2015, version=1.0.0, bk=441999, traceSrc=MB441, responseType=N, eupsBusTyp=GDEUPSB, sup1Auth=, filler=, responseCode=SC0000, begDat=19990101, reqTme=2015-03-26 14:17:52.0, txnCde=TLU6, rspJrnNo=20150326000000002404, tlr=ABIA041, sqn=20150326000000002404, authLvl=00, rspCde=LOT999, sup1Id=, traceNo=12345620150326000000001810, chn=35, endDat=29991231, replyInformation={responseCode=SC0000, responseType=N}, tlrTmlId=DVID}] to response payload
20150326_14:17:53.318 [DefaultMessageListenerContainer-5] [com.bocom.jump.bp.requestTracing][9178606]     [hostName:PC2014101864 requestId:54BAD6EB-FF00-0037-00C8-ABE99603B5AD  service.timing:187 ] 
20150326_14:17:53.318 [DefaultMessageListenerContainer-5] [org.springframework.ws.server.MessageTracing.sent][9178606]     [hostName:PC2014101864    ] Sent response [AxiomSoapMessage {http://gdeupsb.service.bankcomm.com/basic/atomic/operation.GDEUPSBLotService/Schema}qryLotTxnJnlInfoResponse] for request [AxiomSoapMessage {http://gdeupsb.service.bankcomm.com/basic/atomic/operation.GDEUPSBLotService/Schema}qryLotTxnJnlInfo]
20150326_14:17:53.318 [DefaultMessageListenerContainer-5] [org.apache.axiom.om.OMOutputFormat][9178606]     [hostName:PC2014101864    ] Start getContentType: OMOutputFormat [ mimeBoundary =null rootContentId=null doOptimize=false doingSWA=false isSOAP11=true charSetEncoding=UTF-8 xmlVersion=null contentType=null ignoreXmlDeclaration=false autoCloseWriter=false actionProperty=null optimizedThreshold=0]
20150326_14:17:53.318 [DefaultMessageListenerContainer-5] [org.apache.axiom.om.OMOutputFormat][9178606]     [hostName:PC2014101864    ] getContentType= {text/xml}   OMOutputFormat [ mimeBoundary =null rootContentId=null doOptimize=false doingSWA=false isSOAP11=true charSetEncoding=UTF-8 xmlVersion=null contentType=text/xml ignoreXmlDeclaration=false autoCloseWriter=false actionProperty=null optimizedThreshold=0]
20150326_14:17:53.318 [DefaultMessageListenerContainer-5] [org.apache.axiom.om.impl.MTOMXMLStreamWriter][9178606]     [hostName:PC2014101864    ] OutputStream =class org.springframework.ws.transport.AbstractReceiverConnection$ResponseTransportOutputStream
20150326_14:17:53.318 [DefaultMessageListenerContainer-5] [org.apache.axiom.om.impl.MTOMXMLStreamWriter][9178606]     [hostName:PC2014101864    ] OMFormat = OMOutputFormat [ mimeBoundary =null rootContentId=null doOptimize=false doingSWA=false isSOAP11=true charSetEncoding=UTF-8 xmlVersion=null contentType=text/xml ignoreXmlDeclaration=false autoCloseWriter=false actionProperty=null optimizedThreshold=0]
20150326_14:17:53.318 [DefaultMessageListenerContainer-5] [org.apache.axiom.om.util.StAXUtils][9178606]     [hostName:PC2014101864    ] XMLStreamWriter is weblogic.xml.stax.XMLWriterBase
20150326_14:17:53.318 [DefaultMessageListenerContainer-5] [org.apache.axiom.om.impl.MTOMXMLStreamWriter][9178606]     [hostName:PC2014101864    ] Calling MTOMXMLStreamWriter.flush
20150326_14:17:53.318 [DefaultMessageListenerContainer-5] [org.apache.axiom.om.impl.MTOMXMLStreamWriter][9178606]     [hostName:PC2014101864    ] close
20150326_14:17:53.318 [DefaultMessageListenerContainer-5] [org.springframework.ws.transport.jms.BGSPJmsReceiverConnection][9178606]     [hostName:PC2014101864    ] Reply message to [queue://MQGDBBIP11/LOCALQ.CHNBBIP01.RSP] queue.
