20150326_14:17:52.926 com.bocom.adapter.common.interceptor.TransformInterceptorExt [9822852] <<<<<< Endpoint Receive <<<<<<  
20150326_14:17:52.926 com.bocom.adapter.common.interceptor.TransformInterceptorExt [9822852] receive byteMessage:
00000000  30 30 30 30 30 32 31 31  54 4c 55 36 34 38 35 34  00000211TLU64854
00000010  31 33 34 38 35 34 31 33  44 56 49 44 20 20 20 4d  13485413DVID   M
00000020  42 34 34 31 30 20 20 20  20 20 20 20 20 20 20 20  B4410           
00000030  20 20 20 41 42 49 41 30  34 31 54 30 30 20 20 20     ABIA041T00   
00000040  20 20 20 20 20 20 20 20  20 20 20 20 20 20 20 20                  
00000050  20 20 20 20 20 20 20 20  20 20 20 20 20 20 20 20                  
00000060  20 20 20 20 20 20 20 20  20 20 20 20 20 20 20 20                  
00000070  20 20 20 20 20 20 20 20  20 20 20 20 20 20 20 20                  
00000080  20 20 20 20 20 20 20 20  20 20 20 20 20 20 20 20                  
00000090  20 20 20 20 20 20 20 20  20 20 20 20 20 20 20 30                 0
000000a0  30 34 34 31 32 30 30 20  76 30 30 30 30 30 30 31  0441200 v0000001
000000b0  20 20 20 35 20 35 32 31  38 39 39 30 37 31 37 37     5 52189907177
000000c0  35 33 37 31 38 20 20 20  20 20 30 31 39 39 39 30  53718     019990
000000d0  31 30 31 32 39 39 39 31  32 33 31                 10129991231
  
20150326_14:17:52.926 com.bocom.jump.bp.support.TRACER [9822852] ::TRACER:: dispatching with context 
context[id=wsCallProcess, locale=zh_CN, timestamp=2015-03-26 14:17:38.605, requestId=54BA9E2D-FF00-0037-00EF-AD89BF155549]
  dataMap: {crdNo=5218990717753718, FeCod=485413, HLogNo=, betTyp=0, reqJrnNo=0, sup2Auth=, OutSys=, br=441200, sup2Id=, version=v0000001, traceSrc=MB441, sup1Auth=, filler=, authResnTbl=, CUSTOM_VAL={ELEC00=eupsBusTyp:ELEC00, GDUNCB=eupsBusTyp:GDUNCB, GDUNCA=eupsBusTyp:GDUNCA, GDCHPS=eupsBusTyp:GDCHPS, GDTRFA=eupsBusTyp:GDTRFA, LOTR01=eupsBusTyp:LOTR01, GDEUPSB=eupsBusTyp:GDEUPSB, GDMOBB=eupsBusTyp:GDMOBB, GDMOBA=eupsBusTyp:GDMOBA}, CprInd=0, begDat=19990101, txnCde=TLU6, gameId=5, tlr=ABIA041, Sup2Dv=, WS_CALL_MAPPING={485405={service:'BBIP',operation:'lotUpdateRegistInfoAction',cusVal:'GDEUPSB',processor:'com.bocom.adapter.system.gd.netAndMobileBank.interceptor.netMBankProcessor'}, 485404={service:'BBIP',operation:'lotRegist',cusVal:'GDEUPSB',processor:'com.bocom.adapter.system.gd.netAndMobileBank.interceptor.netMBankProcessor'}, 460511={service:'BBIP',operation:'queryAccount',cusVal:'GDMOBB',processor:'com.bocom.adapter.system.gd.netAndMobileBank.interceptor.queryAccountProcessor'}, 460444={service:'BBIP',operation:'qryCusBaseMsg',cusVal:'ELEC00',processor:'com.bocom.adapter.system.gd.netAndMobileBank.interceptor.netMBankProcessor'}, 460411={service:'BBIP',operation:'tallyOneOnline',cusVal:'ELEC00',processor:'com.bocom.adapter.system.gd.netAndMobileBank.interceptor.netMBankProcessor'}, 460410={service:'BBIP',operation:'queryFee',cusVal:'ELEC00',processor:'com.bocom.adapter.system.gd.netAndMobileBank.interceptor.netMBankProcessor'}, 460602={service:'BBIP',operation:'gdUncaTelCharged',cusVal:'GDUNCA',processor:'com.bocom.adapter.system.gd.netAndMobileBank.interceptor.gdUncaTelChargedProcessor'}, 460506={service:'BBIP',operation:'cancelCusAgent',cusVal:'GDMOBB',processor:'com.bocom.adapter.system.gd.netAndMobileBank.interceptor.netMBankProcessor'}, 466613={service:'BBIP',operation:'sigCreditSGArrearsQuite',cusVal:'GDCHPS',processor:'com.bocom.adapter.system.gd.netAndMobileBank.interceptor.netMBankProcessor'}, 488010={service:'BBIP',operation:'userNamPwdJy'}, 460501={service:'BBIP',operation:'insertCusAgent',cusVal:'GDMOBB',processor:'com.bocom.adapter.system.gd.netAndMobileBank.interceptor.netMBankProcessor'}, 460245={service:'BBIP',operation:'eleaBnkPayFee',cusVal:'GDEUPSB'}, 466676={service:'BBIP',operation:'getActInf',cusVal:'GDCHPS',processor:'com.bocom.adapter.system.gd.netAndMobileBank.interceptor.netMBankProcessor'}, 466612={service:'BBIP',operation:'singleCreditOut',cusVal:'GDCHPS',processor:'com.bocom.adapter.system.gd.netAndMobileBank.interceptor.netMBankProcessor'}, 460244={service:'BBIP',operation:'eleaQryUsrPayInfo',cusVal:'GDEUPSB'}, 466675={service:'BBIP',operation:'queryCusrDetInf',cusVal:'GDCHPS',processor:'com.bocom.adapter.system.gd.netAndMobileBank.interceptor.netMBankProcessor'}, 466611={service:'BBIP',operation:'sigCreditSGArrearsQuery',cusVal:'GDCHPS',processor:'com.bocom.adapter.system.gd.netAndMobileBank.interceptor.netMBankProcessor'}, 466672={service:'BBIP',operation:'listBusCla',cusVal:'GDCHPS',processor:'com.bocom.adapter.system.gd.netAndMobileBank.interceptor.netMBankProcessor'}, 466671={service:'BBIP',operation:'listBusTpe',cusVal:'GDCHPS',processor:'com.bocom.adapter.system.gd.netAndMobileBank.interceptor.netMBankProcessor'}, 466670={service:'BBIP',operation:'listArea',cusVal:'GDCHPS',processor:'com.bocom.adapter.system.gd.netAndMobileBank.interceptor.netMBankProcessor'}, 482184={service:'BBIP',operation:'queryUserAttrBal',cusVal:'GDTRFA',processor:'com.bocom.adapter.system.gd.netAndMobileBank.interceptor.netMBankProcessor'}, 482183={service:'BBIP',operation:'payFee',cusVal:'GDTRFA',processor:'com.bocom.adapter.system.gd.netAndMobileBank.interceptor.netMBankProcessor'}, 460430={service:'BBIP',operation:'agentChange',cusVal:'ELEC00',processor:'com.bocom.adapter.system.gd.netAndMobileBank.interceptor.netMBankProcessor'}, 460622={service:'BBIP',operation:'gdUncbPayFeeOnline',cusVal:'GDUNCB',processor:'com.bocom.adapter.system.gd.netAndMobileBank.interceptor.netMBankProcessor'}, 460621={service:'BBIP',operation:'gdQueryBills',cusVal:'GDUNCB',processor:'com.bocom.adapter.system.gd.netAndMobileBank.interceptor.netMBankProcessor'}, 485414={service:'BBIP',operation:'qryLotWinRecord',cusVal:'LOTR01',processor:'com.bocom.adapter.system.gd.netAndMobileBank.interceptor.netMBankProcessor'}, 485413={service:'BBIP',operation:'qryLotTxnJnlInfo',cusVal:'GDEUPSB',processor:'com.bocom.adapter.system.gd.netAndMobileBank.interceptor.netMBankProcessor'}, 466607={service:'BBIP',operation:'cusrDetInf',cusVal:'GDCHPS',processor:'com.bocom.adapter.system.gd.netAndMobileBank.interceptor.netMBankProcessor'}, 485412={service:'BBIP',operation:'cathecticOnTime',cusVal:'GDEUPSB',processor:'com.bocom.adapter.system.gd.netAndMobileBank.interceptor.netMBankProcessor'}, 466606={service:'BBIP',operation:'getSgdBusInf',cusVal:'GDCHPS',processor:'com.bocom.adapter.system.gd.netAndMobileBank.interceptor.netMBankProcessor'}, 485410={service:'BBIP',operation:'cancelPlanPay',cusVal:'GDEUPSB',processor:'com.bocom.adapter.system.gd.netAndMobileBank.interceptor.netMBankProcessor'}, 466605={service:'BBIP',operation:'getAreaCla',cusVal:'GDCHPS',processor:'com.bocom.adapter.system.gd.netAndMobileBank.interceptor.netMBankProcessor'}, 466604={service:'BBIP',operation:'queryCusrDetInf',cusVal:'GDCHPS',processor:'com.bocom.adapter.system.gd.netAndMobileBank.interceptor.netMBankProcessor'}, 461509={service:'BBIP',operation:'traFineInfQue'}, 466603={service:'BBIP',operation:'cusrBasInf',cusVal:'GDCHPS',processor:'com.bocom.adapter.system.gd.netAndMobileBank.interceptor.netMBankProcessor'}, 466602={service:'BBIP',operation:'cusrBasInf',cusVal:'GDCHPS',processor:'com.bocom.adapter.system.gd.netAndMobileBank.interceptor.netMBankProcessor'}, 466601={service:'BBIP',operation:'cusrBasInf',cusVal:'GDCHPS',processor:'com.bocom.adapter.system.gd.netAndMobileBank.interceptor.netMBankProcessor'}, 461503={service:'BBIP',operation:'reaPro'}, 461502={service:'BBIP',operation:'revenueTally'}, 461501={service:'BBIP',operation:'phoneBankinfo'}, 482173={service:'BBIP',operation:'payFeeOnline',cusVal:'GDMOBA',processor:'com.bocom.adapter.system.gd.netAndMobileBank.interceptor.payFeeOnlineProcessor'}, 482171={service:'BBIP',operation:'queryUserStatus',cusVal:'GDMOBA',processor:'com.bocom.adapter.system.gd.netAndMobileBank.interceptor.queryUserStatusProcessor'}, 485409={service:'BBIP',operation:'queryPlanPay',cusVal:'GDEUPSB',processor:'com.bocom.adapter.system.gd.netAndMobileBank.interceptor.netMBankProcessor'}, 485407={service:'BBIP',operation:'insertPlanPay',cusVal:'GDEUPSB',processor:'com.bocom.adapter.system.gd.netAndMobileBank.interceptor.netMBankProcessor'}, 485406={service:'BBIP',operation:'queryRegister',cusVal:'GDEUPSB',processor:'com.bocom.adapter.system.gd.netAndMobileBank.interceptor.netMBankProcessor'}}, AthLog=, AthTbl=, TIATyp=T, authLvl=00, TransCode=485413, EnpInd=0, sup1Id=, OprLvl=, traceNo=12345620150326000000001809, endDat=29991231, tlrTmlId=DVID}
  rawData: {crdNo=5218990717753718, betTyp=0, HLogNo=, FeCod=485413, reqJrnNo=0, sup2Auth=, OutSys=, br=441200, sup2Id=, version=v0000001, traceSrc=MB441, sup1Auth=, authResnTbl=, filler=, CUSTOM_VAL={ELEC00=eupsBusTyp:ELEC00, GDUNCB=eupsBusTyp:GDUNCB, GDUNCA=eupsBusTyp:GDUNCA, GDCHPS=eupsBusTyp:GDCHPS, GDTRFA=eupsBusTyp:GDTRFA, LOTR01=eupsBusTyp:LOTR01, GDEUPSB=eupsBusTyp:GDEUPSB, GDMOBB=eupsBusTyp:GDMOBB, GDMOBA=eupsBusTyp:GDMOBA}, CprInd=0, begDat=19990101, gameId=5, txnCde=TLU6, WS_CALL_MAPPING={485405={service:'BBIP',operation:'lotUpdateRegistInfoAction',cusVal:'GDEUPSB',processor:'com.bocom.adapter.system.gd.netAndMobileBank.interceptor.netMBankProcessor'}, 485404={service:'BBIP',operation:'lotRegist',cusVal:'GDEUPSB',processor:'com.bocom.adapter.system.gd.netAndMobileBank.interceptor.netMBankProcessor'}, 460511={service:'BBIP',operation:'queryAccount',cusVal:'GDMOBB',processor:'com.bocom.adapter.system.gd.netAndMobileBank.interceptor.queryAccountProcessor'}, 460444={service:'BBIP',operation:'qryCusBaseMsg',cusVal:'ELEC00',processor:'com.bocom.adapter.system.gd.netAndMobileBank.interceptor.netMBankProcessor'}, 460411={service:'BBIP',operation:'tallyOneOnline',cusVal:'ELEC00',processor:'com.bocom.adapter.system.gd.netAndMobileBank.interceptor.netMBankProcessor'}, 460410={service:'BBIP',operation:'queryFee',cusVal:'ELEC00',processor:'com.bocom.adapter.system.gd.netAndMobileBank.interceptor.netMBankProcessor'}, 460602={service:'BBIP',operation:'gdUncaTelCharged',cusVal:'GDUNCA',processor:'com.bocom.adapter.system.gd.netAndMobileBank.interceptor.gdUncaTelChargedProcessor'}, 460506={service:'BBIP',operation:'cancelCusAgent',cusVal:'GDMOBB',processor:'com.bocom.adapter.system.gd.netAndMobileBank.interceptor.netMBankProcessor'}, 466613={service:'BBIP',operation:'sigCreditSGArrearsQuite',cusVal:'GDCHPS',processor:'com.bocom.adapter.system.gd.netAndMobileBank.interceptor.netMBankProcessor'}, 488010={service:'BBIP',operation:'userNamPwdJy'}, 460501={service:'BBIP',operation:'insertCusAgent',cusVal:'GDMOBB',processor:'com.bocom.adapter.system.gd.netAndMobileBank.interceptor.netMBankProcessor'}, 460245={service:'BBIP',operation:'eleaBnkPayFee',cusVal:'GDEUPSB'}, 466676={service:'BBIP',operation:'getActInf',cusVal:'GDCHPS',processor:'com.bocom.adapter.system.gd.netAndMobileBank.interceptor.netMBankProcessor'}, 466612={service:'BBIP',operation:'singleCreditOut',cusVal:'GDCHPS',processor:'com.bocom.adapter.system.gd.netAndMobileBank.interceptor.netMBankProcessor'}, 460244={service:'BBIP',operation:'eleaQryUsrPayInfo',cusVal:'GDEUPSB'}, 466675={service:'BBIP',operation:'queryCusrDetInf',cusVal:'GDCHPS',processor:'com.bocom.adapter.system.gd.netAndMobileBank.interceptor.netMBankProcessor'}, 466611={service:'BBIP',operation:'sigCreditSGArrearsQuery',cusVal:'GDCHPS',processor:'com.bocom.adapter.system.gd.netAndMobileBank.interceptor.netMBankProcessor'}, 466672={service:'BBIP',operation:'listBusCla',cusVal:'GDCHPS',processor:'com.bocom.adapter.system.gd.netAndMobileBank.interceptor.netMBankProcessor'}, 466671={service:'BBIP',operation:'listBusTpe',cusVal:'GDCHPS',processor:'com.bocom.adapter.system.gd.netAndMobileBank.interceptor.netMBankProcessor'}, 466670={service:'BBIP',operation:'listArea',cusVal:'GDCHPS',processor:'com.bocom.adapter.system.gd.netAndMobileBank.interceptor.netMBankProcessor'}, 482184={service:'BBIP',operation:'queryUserAttrBal',cusVal:'GDTRFA',processor:'com.bocom.adapter.system.gd.netAndMobileBank.interceptor.netMBankProcessor'}, 482183={service:'BBIP',operation:'payFee',cusVal:'GDTRFA',processor:'com.bocom.adapter.system.gd.netAndMobileBank.interceptor.netMBankProcessor'}, 460430={service:'BBIP',operation:'agentChange',cusVal:'ELEC00',processor:'com.bocom.adapter.system.gd.netAndMobileBank.interceptor.netMBankProcessor'}, 460622={service:'BBIP',operation:'gdUncbPayFeeOnline',cusVal:'GDUNCB',processor:'com.bocom.adapter.system.gd.netAndMobileBank.interceptor.netMBankProcessor'}, 460621={service:'BBIP',operation:'gdQueryBills',cusVal:'GDUNCB',processor:'com.bocom.adapter.system.gd.netAndMobileBank.interceptor.netMBankProcessor'}, 485414={service:'BBIP',operation:'qryLotWinRecord',cusVal:'LOTR01',processor:'com.bocom.adapter.system.gd.netAndMobileBank.interceptor.netMBankProcessor'}, 485413={service:'BBIP',operation:'qryLotTxnJnlInfo',cusVal:'GDEUPSB',processor:'com.bocom.adapter.system.gd.netAndMobileBank.interceptor.netMBankProcessor'}, 466607={service:'BBIP',operation:'cusrDetInf',cusVal:'GDCHPS',processor:'com.bocom.adapter.system.gd.netAndMobileBank.interceptor.netMBankProcessor'}, 485412={service:'BBIP',operation:'cathecticOnTime',cusVal:'GDEUPSB',processor:'com.bocom.adapter.system.gd.netAndMobileBank.interceptor.netMBankProcessor'}, 466606={service:'BBIP',operation:'getSgdBusInf',cusVal:'GDCHPS',processor:'com.bocom.adapter.system.gd.netAndMobileBank.interceptor.netMBankProcessor'}, 485410={service:'BBIP',operation:'cancelPlanPay',cusVal:'GDEUPSB',processor:'com.bocom.adapter.system.gd.netAndMobileBank.interceptor.netMBankProcessor'}, 466605={service:'BBIP',operation:'getAreaCla',cusVal:'GDCHPS',processor:'com.bocom.adapter.system.gd.netAndMobileBank.interceptor.netMBankProcessor'}, 466604={service:'BBIP',operation:'queryCusrDetInf',cusVal:'GDCHPS',processor:'com.bocom.adapter.system.gd.netAndMobileBank.interceptor.netMBankProcessor'}, 461509={service:'BBIP',operation:'traFineInfQue'}, 466603={service:'BBIP',operation:'cusrBasInf',cusVal:'GDCHPS',processor:'com.bocom.adapter.system.gd.netAndMobileBank.interceptor.netMBankProcessor'}, 466602={service:'BBIP',operation:'cusrBasInf',cusVal:'GDCHPS',processor:'com.bocom.adapter.system.gd.netAndMobileBank.interceptor.netMBankProcessor'}, 466601={service:'BBIP',operation:'cusrBasInf',cusVal:'GDCHPS',processor:'com.bocom.adapter.system.gd.netAndMobileBank.interceptor.netMBankProcessor'}, 461503={service:'BBIP',operation:'reaPro'}, 461502={service:'BBIP',operation:'revenueTally'}, 461501={service:'BBIP',operation:'phoneBankinfo'}, 482173={service:'BBIP',operation:'payFeeOnline',cusVal:'GDMOBA',processor:'com.bocom.adapter.system.gd.netAndMobileBank.interceptor.payFeeOnlineProcessor'}, 482171={service:'BBIP',operation:'queryUserStatus',cusVal:'GDMOBA',processor:'com.bocom.adapter.system.gd.netAndMobileBank.interceptor.queryUserStatusProcessor'}, 485409={service:'BBIP',operation:'queryPlanPay',cusVal:'GDEUPSB',processor:'com.bocom.adapter.system.gd.netAndMobileBank.interceptor.netMBankProcessor'}, 485407={service:'BBIP',operation:'insertPlanPay',cusVal:'GDEUPSB',processor:'com.bocom.adapter.system.gd.netAndMobileBank.interceptor.netMBankProcessor'}, 485406={service:'BBIP',operation:'queryRegister',cusVal:'GDEUPSB',processor:'com.bocom.adapter.system.gd.netAndMobileBank.interceptor.netMBankProcessor'}}, Sup2Dv=, tlr=ABIA041, AthLog=, AthTbl=, TIATyp=T, authLvl=00, EnpInd=0, TransCode=485413, sup1Id=, OprLvl=, traceNo=12345620150326000000001809, endDat=29991231, tlrTmlId=DVID}  
20150326_14:17:52.957 com.bocom.jump.bp.support.TRACER [9822883] ::TRACER:: @starting actions template 'simpleTran'  
20150326_14:17:52.957 com.bocom.jump.bp.support.TRACER [9822883] ::TRACER:: Starting executable action 'wsCall', class:com.bocom.adapter.common.action.WSCallAction  
20150326_14:17:52.957 com.bocom.adapter.common.action.WSCallAction [9822883] From transCode 485413 To qryLotTxnJnlInfo onRequest start  
20150326_14:17:52.957 com.bocom.adapter.common.action.WSCallAction [9822883] NO.1 crdNo:5218990717753718  
20150326_14:17:52.957 com.bocom.adapter.common.action.WSCallAction [9822883] NO.2 betTyp:0  
20150326_14:17:52.957 com.bocom.adapter.common.action.WSCallAction [9822883] NO.3 HLogNo:  
20150326_14:17:52.957 com.bocom.adapter.common.action.WSCallAction [9822883] NO.4 FeCod:485413  
20150326_14:17:52.957 com.bocom.adapter.common.action.WSCallAction [9822883] NO.5 reqJrnNo:0  
20150326_14:17:52.957 com.bocom.adapter.common.action.WSCallAction [9822883] NO.6 sup2Auth:  
20150326_14:17:52.957 com.bocom.adapter.common.action.WSCallAction [9822883] NO.7 OutSys:  
20150326_14:17:52.957 com.bocom.adapter.common.action.WSCallAction [9822883] NO.8 br:01441200999  
20150326_14:17:52.957 com.bocom.adapter.common.action.WSCallAction [9822883] NO.9 sup2Id:  
20150326_14:17:52.957 com.bocom.adapter.common.action.WSCallAction [9822883] NO.10 version:1.0.0  
20150326_14:17:52.957 com.bocom.adapter.common.action.WSCallAction [9822883] NO.11 txnTyp:T  
20150326_14:17:52.957 com.bocom.adapter.common.action.WSCallAction [9822883] NO.12 bk:441999  
20150326_14:17:52.957 com.bocom.adapter.common.action.WSCallAction [9822883] NO.13 traceSrc:MB441  
20150326_14:17:52.957 com.bocom.adapter.common.action.WSCallAction [9822883] NO.14 eupsBusTyp:GDEUPSB  
20150326_14:17:52.957 com.bocom.adapter.common.action.WSCallAction [9822883] NO.15 sup1Auth:  
20150326_14:17:52.957 com.bocom.adapter.common.action.WSCallAction [9822883] NO.16 authResnTbl:  
20150326_14:17:52.973 com.bocom.adapter.common.action.WSCallAction [9822899] NO.17 filler:  
20150326_14:17:52.973 com.bocom.adapter.common.action.WSCallAction [9822899] NO.18 CprInd:0  
20150326_14:17:52.974 com.bocom.adapter.common.action.WSCallAction [9822900] NO.19 begDat:19990101  
20150326_14:17:52.974 com.bocom.adapter.common.action.WSCallAction [9822900] NO.20 gameId:5  
20150326_14:17:52.974 com.bocom.adapter.common.action.WSCallAction [9822900] NO.21 txnCde:TLU6  
20150326_14:17:52.974 com.bocom.adapter.common.action.WSCallAction [9822900] NO.22 reqTme:Thu Mar 26 14:17:52 CST 2015  
20150326_14:17:52.974 com.bocom.adapter.common.action.WSCallAction [9822900] NO.23 Sup2Dv:  
20150326_14:17:52.974 com.bocom.adapter.common.action.WSCallAction [9822900] NO.24 tlr:ABIA041  
20150326_14:17:52.974 com.bocom.adapter.common.action.WSCallAction [9822900] NO.25 AthLog:  
20150326_14:17:52.974 com.bocom.adapter.common.action.WSCallAction [9822900] NO.26 AthTbl:  
20150326_14:17:52.974 com.bocom.adapter.common.action.WSCallAction [9822900] NO.27 TIATyp:T  
20150326_14:17:52.974 com.bocom.adapter.common.action.WSCallAction [9822900] NO.28 authLvl:00  
20150326_14:17:52.974 com.bocom.adapter.common.action.WSCallAction [9822900] NO.29 EnpInd:0  
20150326_14:17:52.974 com.bocom.adapter.common.action.WSCallAction [9822900] NO.30 TransCode:485413  
20150326_14:17:52.974 com.bocom.adapter.common.action.WSCallAction [9822900] NO.31 sup1Id:  
20150326_14:17:52.974 com.bocom.adapter.common.action.WSCallAction [9822900] NO.32 OprLvl:  
20150326_14:17:52.974 com.bocom.adapter.common.action.WSCallAction [9822900] NO.33 traceNo:12345620150326000000001810  
20150326_14:17:52.974 com.bocom.adapter.common.action.WSCallAction [9822900] NO.34 chn:35  
20150326_14:17:52.974 com.bocom.adapter.common.action.WSCallAction [9822900] NO.35 endDat:29991231  
20150326_14:17:52.974 com.bocom.adapter.common.action.WSCallAction [9822900] NO.36 tlrTmlId:DVID  
20150326_14:17:52.974 com.bocom.adapter.common.action.WSCallAction [9822900] From transCode 485413 To qryLotTxnJnlInfo onRequest end  
20150326_14:17:52.974 com.bocom.adapter.system.gd.netAndMobileBank.interceptor.netMBankProcessor [9822900] *****data from different channel,begin into adapter ********  
20150326_14:17:52.974 com.bocom.adapter.system.gd.netAndMobileBank.interceptor.netMBankProcessor [9822900] *****data was transformed by adapter ,begin send request to bgsp ********  
20150326_14:17:52.990 org.springframework.ws.client.core.WebServiceTemplate [9822916] Sent request [<?xml version='1.0' encoding='UTF-8'?><soapenv:Envelope xmlns:soapenv="http://schemas.xmlsoap.org/soap/envelope/"><soapenv:Header xmlns:wsa="http://www.w3.org/2005/08/addressing"><wsa:To soapenv:mustUnderstand="0">GDEUPSB</wsa:To><wsa:From><wsa:Address>GDNBADAPTE</wsa:Address></wsa:From><wsa:Action>http://gdeupsb.service.bankcomm.com/basic/atomic/operation.GDEUPSBLotService/qryLotTxnJnlInfo</wsa:Action><wsa:MessageID>urn:uuid:ca3c5728-76b5-4fc1-aff2-d3efe8624bb4</wsa:MessageID></soapenv:Header><soapenv:Body><p0:qryLotTxnJnlInfo xmlns:p0="http://gdeupsb.service.bankcomm.com/basic/atomic/operation.GDEUPSBLotService/Schema" xmlns:p2="http://bbip.bankcomm.com" xmlns:p1="http://gsp.bankcomm.com"><p1:requestInformation><p1:traceNo>12345620150326000000001810</p1:traceNo><p1:version>1.0.0</p1:version><p1:traceSrc>MB441</p1:traceSrc></p1:requestInformation><p0:request><p0:requestHeader><p2:bbipRequestHead><p2:txnCde>TLU6</p2:txnCde><p2:chn>35</p2:chn><p2:reqJrnNo>0</p2:reqJrnNo><p2:tlr>ABIA041</p2:tlr><p2:br>01441200999</p2:br><p2:bk>441999</p2:bk><p2:tlrTmlId>DVID</p2:tlrTmlId><p2:authLvl>00</p2:authLvl><p2:sup1Id></p2:sup1Id><p2:sup1Auth></p2:sup1Auth><p2:sup2Id></p2:sup2Id><p2:sup2Auth></p2:sup2Auth><p2:filler></p2:filler><p2:reqTme>2015-03-26T14:17:52</p2:reqTme></p2:bbipRequestHead></p0:requestHeader><p0:eupsBusTyp>GDEUPSB</p0:eupsBusTyp><p0:crdNo>5218990717753718</p0:crdNo><p0:betTyp>0</p0:betTyp><p0:begDat>19990101</p0:begDat><p0:endDat>29991231</p0:endDat></p0:request></p0:qryLotTxnJnlInfo></soapenv:Body></soapenv:Envelope>]  
20150326_14:17:53.568 org.springframework.ws.client.core.WebServiceTemplate [9823494] Received response [<?xml version='1.0' encoding='UTF-8'?><soapenv:Envelope xmlns:soapenv="http://schemas.xmlsoap.org/soap/envelope/"><soapenv:Header xmlns:wsa="http://www.w3.org/2005/08/addressing"><wsa:To soapenv:mustUnderstand="1">GDEUPSB</wsa:To><wsa:From><wsa:Address>GDNBADAPTE</wsa:Address></wsa:From><wsa:Action>http://gdeupsb.service.bankcomm.com/basic/atomic/operation.GDEUPSBLotService/qryLotTxnJnlInfo</wsa:Action><wsa:MessageID>urn:uuid:dd8327f6-db99-485e-ba89-7f3c38723e12</wsa:MessageID><wsa:RelatesTo>urn:uuid:ca3c5728-76b5-4fc1-aff2-d3efe8624bb4</wsa:RelatesTo></soapenv:Header><soapenv:Body><p0:qryLotTxnJnlInfoResponse xmlns:p0="http://gdeupsb.service.bankcomm.com/basic/atomic/operation.GDEUPSBLotService/Schema" xmlns:p1="http://gsp.bankcomm.com"><p1:replyInformation><p1:responseType>N</p1:responseType><p1:responseCode>SC0000</p1:responseCode></p1:replyInformation></p0:qryLotTxnJnlInfoResponse></soapenv:Body></soapenv:Envelope>] for request [<?xml version='1.0' encoding='UTF-8'?><soapenv:Envelope xmlns:soapenv="http://schemas.xmlsoap.org/soap/envelope/"><soapenv:Header xmlns:wsa="http://www.w3.org/2005/08/addressing"><wsa:To soapenv:mustUnderstand="0">GDEUPSB</wsa:To><wsa:From><wsa:Address>GDNBADAPTE</wsa:Address></wsa:From><wsa:Action>http://gdeupsb.service.bankcomm.com/basic/atomic/operation.GDEUPSBLotService/qryLotTxnJnlInfo</wsa:Action><wsa:MessageID>urn:uuid:ca3c5728-76b5-4fc1-aff2-d3efe8624bb4</wsa:MessageID></soapenv:Header><soapenv:Body><p0:qryLotTxnJnlInfo xmlns:p0="http://gdeupsb.service.bankcomm.com/basic/atomic/operation.GDEUPSBLotService/Schema" xmlns:p2="http://bbip.bankcomm.com" xmlns:p1="http://gsp.bankcomm.com"><p1:requestInformation><p1:traceNo>12345620150326000000001810</p1:traceNo><p1:version>1.0.0</p1:version><p1:traceSrc>MB441</p1:traceSrc></p1:requestInformation><p0:request><p0:requestHeader><p2:bbipRequestHead><p2:txnCde>TLU6</p2:txnCde><p2:chn>35</p2:chn><p2:reqJrnNo>0</p2:reqJrnNo><p2:tlr>ABIA041</p2:tlr><p2:br>01441200999</p2:br><p2:bk>441999</p2:bk><p2:tlrTmlId>DVID</p2:tlrTmlId><p2:authLvl>00</p2:authLvl><p2:sup1Id></p2:sup1Id><p2:sup1Auth></p2:sup1Auth><p2:sup2Id></p2:sup2Id><p2:sup2Auth></p2:sup2Auth><p2:filler></p2:filler><p2:reqTme>2015-03-26T14:17:52</p2:reqTme></p2:bbipRequestHead></p0:requestHeader><p0:eupsBusTyp>GDEUPSB</p0:eupsBusTyp><p0:crdNo>5218990717753718</p0:crdNo><p0:betTyp>0</p0:betTyp><p0:begDat>19990101</p0:begDat><p0:endDat>29991231</p0:endDat></p0:request></p0:qryLotTxnJnlInfo></soapenv:Body></soapenv:Envelope>]  
20150326_14:17:53.817 com.bocom.adapter.system.gd.netAndMobileBank.interceptor.netMBankProcessor [9823743] ***** response data is beginning into adapter ********  
20150326_14:17:53.833 com.bocom.adapter.system.gd.netAndMobileBank.interceptor.netMBankProcessor [9823759] *****data was transformed by adapter ,response to channel where data comes from ********  
20150326_14:17:53.833 com.bocom.adapter.common.action.WSCallAction [9823759] From transCode 485413 To qryLotTxnJnlInfo onResponse start  
20150326_14:17:53.833 com.bocom.adapter.common.action.WSCallAction [9823759] NO.1 crdNo:5218990717753718  
20150326_14:17:53.833 com.bocom.adapter.common.action.WSCallAction [9823759] NO.2 betTyp:0  
20150326_14:17:53.833 com.bocom.adapter.common.action.WSCallAction [9823759] NO.3 HLogNo:  
20150326_14:17:53.833 com.bocom.adapter.common.action.WSCallAction [9823759] NO.4 FeCod:485413  
20150326_14:17:53.833 com.bocom.adapter.common.action.WSCallAction [9823759] NO.5 reqJrnNo:0  
20150326_14:17:53.833 com.bocom.adapter.common.action.WSCallAction [9823759] NO.6 sup2Auth:  
20150326_14:17:53.833 com.bocom.adapter.common.action.WSCallAction [9823759] NO.7 OutSys:  
20150326_14:17:53.833 com.bocom.adapter.common.action.WSCallAction [9823759] NO.8 br:01441200999  
20150326_14:17:53.833 com.bocom.adapter.common.action.WSCallAction [9823759] NO.9 sup2Id:  
20150326_14:17:53.833 com.bocom.adapter.common.action.WSCallAction [9823759] NO.10 version:1.0.0  
20150326_14:17:53.833 com.bocom.adapter.common.action.WSCallAction [9823759] NO.11 txnTyp:T  
20150326_14:17:53.833 com.bocom.adapter.common.action.WSCallAction [9823759] NO.12 bk:441999  
20150326_14:17:53.833 com.bocom.adapter.common.action.WSCallAction [9823759] NO.13 traceSrc:MB441  
20150326_14:17:53.833 com.bocom.adapter.common.action.WSCallAction [9823759] NO.14 responseType:N  
20150326_14:17:53.833 com.bocom.adapter.common.action.WSCallAction [9823759] NO.15 eupsBusTyp:GDEUPSB  
20150326_14:17:53.833 com.bocom.adapter.common.action.WSCallAction [9823759] NO.16 sup1Auth:  
20150326_14:17:53.833 com.bocom.adapter.common.action.WSCallAction [9823759] NO.17 authResnTbl:  
20150326_14:17:53.833 com.bocom.adapter.common.action.WSCallAction [9823759] NO.18 filler:  
20150326_14:17:53.833 com.bocom.adapter.common.action.WSCallAction [9823759] NO.19 responseCode:SC0000  
20150326_14:17:53.833 com.bocom.adapter.common.action.WSCallAction [9823759] NO.20 CprInd:0  
20150326_14:17:53.833 com.bocom.adapter.common.action.WSCallAction [9823759] NO.21 begDat:19990101  
20150326_14:17:53.833 com.bocom.adapter.common.action.WSCallAction [9823759] NO.22 gameId:5  
20150326_14:17:53.833 com.bocom.adapter.common.action.WSCallAction [9823759] NO.23 txnCde:TLU6  
20150326_14:17:53.833 com.bocom.adapter.common.action.WSCallAction [9823759] NO.24 reqTme:Thu Mar 26 14:17:52 CST 2015  
20150326_14:17:53.833 com.bocom.adapter.common.action.WSCallAction [9823759] NO.25 Sup2Dv:  
20150326_14:17:53.833 com.bocom.adapter.common.action.WSCallAction [9823759] NO.26 tlr:ABIA041  
20150326_14:17:53.833 com.bocom.adapter.common.action.WSCallAction [9823759] NO.27 AthLog:  
20150326_14:17:53.833 com.bocom.adapter.common.action.WSCallAction [9823759] NO.28 AthTbl:  
20150326_14:17:53.833 com.bocom.adapter.common.action.WSCallAction [9823759] NO.29 TIATyp:T  
20150326_14:17:53.833 com.bocom.adapter.common.action.WSCallAction [9823759] NO.30 authLvl:00  
20150326_14:17:53.833 com.bocom.adapter.common.action.WSCallAction [9823759] NO.31 EnpInd:0  
20150326_14:17:53.833 com.bocom.adapter.common.action.WSCallAction [9823759] NO.32 TransCode:485413  
20150326_14:17:53.833 com.bocom.adapter.common.action.WSCallAction [9823759] NO.33 sup1Id:  
20150326_14:17:53.833 com.bocom.adapter.common.action.WSCallAction [9823759] NO.34 OprLvl:  
20150326_14:17:53.833 com.bocom.adapter.common.action.WSCallAction [9823759] NO.35 traceNo:12345620150326000000001810  
20150326_14:17:53.849 com.bocom.adapter.common.action.WSCallAction [9823775] NO.36 chn:35  
20150326_14:17:53.849 com.bocom.adapter.common.action.WSCallAction [9823775] NO.37 endDat:29991231  
20150326_14:17:53.849 com.bocom.adapter.common.action.WSCallAction [9823775] NO.38 tlrTmlId:DVID  
20150326_14:17:53.849 com.bocom.adapter.common.action.WSCallAction [9823775] From transCode 485413 To qryLotTxnJnlInfo onResponse end  
20150326_14:17:53.849 com.bocom.jump.bp.support.TRACER [9823775] ::TRACER:: Finished action 'wsCall'  
20150326_14:17:53.849 com.bocom.jump.bp.support.TRACER [9823775] ::TRACER:: @finished actions template 'simpleTran'  
20150326_14:17:53.927 com.bocom.adapter.common.interceptor.TransformInterceptorExt [9823853] <<<<<< Endpoint Replay <<<<<<  
20150326_14:17:53.927 com.bocom.adapter.common.interceptor.TransformInterceptorExt [9823853] replay byteMessage:
00000000  30 30 30 30 30 31 32 30  20 20 20 4e 53 43 30 30  00000120   NSC00
00000010  30 30 20 20 20 20 20 20  20 20 20 20 20 20 20 20  00              
00000020  20 20 20 30 30 30 30 30  30 20 20 20 20 20 20 20     000000       
00000030  20 20 20 20 20 20 20 20  20 20 20 20 20 20 20 20                  
00000040  20 20 20 20 20 20 20 20  20 20 20 20 20 20 20 20                  
00000050  20 20 20 20 20 20 20 30  30 20 20 20 20 20 20 20         00       
00000060  20 20 20 20 20 20 20 20  20 20 20 20 20 20 20 20                  
00000070  20 20 20 20 20 20 20 20  20 20 20 20 20 20 20 20                  
  
20150326_14:17:53.942 com.bocom.adapter.common.interceptor.TransformInterceptorExt [9823868] <<<<<< Endpoint replay,consumed time:1016 <<<<<<  
